{"C:\\Users\\karie\\NodeProjects\\smart-agenda-api\\src\\app.ts": {"path":"C:\\Users\\karie\\NodeProjects\\smart-agenda-api\\src\\app.ts","statementMap":{"0":{"start":{"line":1,"column":0},"end":{"line":1,"column":29}},"1":{"start":{"line":2,"column":0},"end":{"line":2,"column":23}},"2":{"start":{"line":3,"column":0},"end":{"line":3,"column":35}},"3":{"start":{"line":4,"column":0},"end":{"line":4,"column":34}},"4":{"start":{"line":5,"column":0},"end":{"line":5,"column":58}},"5":{"start":{"line":6,"column":0},"end":{"line":6,"column":48}},"6":{"start":{"line":8,"column":25},"end":{"line":8,"column":30}},"7":{"start":{"line":9,"column":12},"end":{"line":9,"column":21}},"8":{"start":{"line":28,"column":9},"end":{"line":28,"column":12}},"9":{"start":{"line":11,"column":0},"end":{"line":18,"column":2}},"10":{"start":{"line":20,"column":0},"end":{"line":20,"column":null}},"11":{"start":{"line":21,"column":0},"end":{"line":21,"column":null}},"12":{"start":{"line":23,"column":0},"end":{"line":23,"column":null}},"13":{"start":{"line":24,"column":0},"end":{"line":24,"column":null}},"14":{"start":{"line":26,"column":0},"end":{"line":26,"column":18}}},"fnMap":{},"branchMap":{},"s":{"0":2,"1":2,"2":2,"3":2,"4":2,"5":2,"6":2,"7":2,"8":2,"9":2,"10":2,"11":2,"12":2,"13":2,"14":2},"f":{},"b":{}}
,"C:\\Users\\karie\\NodeProjects\\smart-agenda-api\\src\\routes.ts": {"path":"C:\\Users\\karie\\NodeProjects\\smart-agenda-api\\src\\routes.ts","statementMap":{"0":{"start":{"line":1,"column":0},"end":{"line":1,"column":51}},"1":{"start":{"line":2,"column":0},"end":{"line":2,"column":55}},"2":{"start":{"line":3,"column":0},"end":{"line":3,"column":53}},"3":{"start":{"line":5,"column":15},"end":{"line":5,"column":23}},"4":{"start":{"line":14,"column":9},"end":{"line":14,"column":15}},"5":{"start":{"line":7,"column":0},"end":{"line":9,"column":null}},"6":{"start":{"line":8,"column":4},"end":{"line":8,"column":null}},"7":{"start":{"line":11,"column":0},"end":{"line":11,"column":null}},"8":{"start":{"line":12,"column":0},"end":{"line":12,"column":null}}},"fnMap":{"0":{"name":"(anonymous_0)","decl":{"start":{"line":7,"column":16},"end":{"line":7,"column":17}},"loc":{"start":{"line":7,"column":49},"end":{"line":9,"column":1}}}},"branchMap":{},"s":{"0":2,"1":2,"2":2,"3":2,"4":2,"5":2,"6":0,"7":2,"8":2},"f":{"0":0},"b":{}}
,"C:\\Users\\karie\\NodeProjects\\smart-agenda-api\\src\\config\\env.ts": {"path":"C:\\Users\\karie\\NodeProjects\\smart-agenda-api\\src\\config\\env.ts","statementMap":{"0":{"start":{"line":22,"column":0},"end":{"line":22,"column":16}},"1":{"start":{"line":1,"column":0},"end":{"line":1,"column":28}},"2":{"start":{"line":2,"column":0},"end":{"line":2,"column":24}},"3":{"start":{"line":3,"column":0},"end":{"line":3,"column":51}},"4":{"start":{"line":5,"column":17},"end":{"line":5,"column":53}},"5":{"start":{"line":6,"column":16},"end":{"line":6,"column":62}},"6":{"start":{"line":8,"column":0},"end":{"line":8,"column":33}},"7":{"start":{"line":11,"column":14},"end":{"line":11,"column":30}},"8":{"start":{"line":12,"column":2},"end":{"line":18,"column":6}},"9":{"start":{"line":13,"column":4},"end":{"line":18,"column":6}},"10":{"start":{"line":19,"column":2},"end":{"line":19,"column":13}},"11":{"start":{"line":23,"column":20},"end":{"line":23,"column":98}},"12":{"start":{"line":25,"column":4},"end":{"line":29,"column":null}},"13":{"start":{"line":26,"column":8},"end":{"line":28,"column":9}},"14":{"start":{"line":27,"column":13},"end":{"line":27,"column":null}},"15":{"start":{"line":31,"column":4},"end":{"line":38,"column":null}}},"fnMap":{"0":{"name":"getRequireVars","decl":{"start":{"line":10,"column":9},"end":{"line":10,"column":23}},"loc":{"start":{"line":10,"column":35},"end":{"line":20,"column":1}}},"1":{"name":"env","decl":{"start":{"line":22,"column":16},"end":{"line":22,"column":19}},"loc":{"start":{"line":22,"column":19},"end":{"line":40,"column":1}}},"2":{"name":"(anonymous_3)","decl":{"start":{"line":25,"column":20},"end":{"line":25,"column":21}},"loc":{"start":{"line":25,"column":27},"end":{"line":29,"column":5}}}},"branchMap":{"0":{"loc":{"start":{"line":12,"column":2},"end":{"line":18,"column":6}},"type":"if","locations":[{"start":{"line":12,"column":2},"end":{"line":18,"column":6}},{"start":{},"end":{}}]},"1":{"loc":{"start":{"line":26,"column":8},"end":{"line":28,"column":9}},"type":"if","locations":[{"start":{"line":26,"column":8},"end":{"line":28,"column":9}},{"start":{},"end":{}}]},"2":{"loc":{"start":{"line":32,"column":12},"end":{"line":32,"column":50}},"type":"binary-expr","locations":[{"start":{"line":32,"column":12},"end":{"line":32,"column":42}},{"start":{"line":32,"column":46},"end":{"line":32,"column":50}}]}},"s":{"0":4,"1":4,"2":4,"3":4,"4":4,"5":4,"6":4,"7":78,"8":78,"9":0,"10":78,"11":13,"12":13,"13":78,"14":0,"15":13},"f":{"0":78,"1":13,"2":78},"b":{"0":[0,78],"1":[0,78],"2":[13,0]}}
,"C:\\Users\\karie\\NodeProjects\\smart-agenda-api\\src\\config\\swagger.ts": {"path":"C:\\Users\\karie\\NodeProjects\\smart-agenda-api\\src\\config\\swagger.ts","statementMap":{"0":{"start":{"line":1,"column":0},"end":{"line":1,"column":41}},"1":{"start":{"line":2,"column":0},"end":{"line":2,"column":43}},"2":{"start":{"line":4,"column":0},"end":{"line":4,"column":28}},"3":{"start":{"line":6,"column":24},"end":{"line":6,"column":29}},"4":{"start":{"line":8,"column":38},"end":{"line":29,"column":2}},"5":{"start":{"line":31,"column":20},"end":{"line":31,"column":41}},"6":{"start":{"line":33,"column":28},"end":{"line":36,"column":1}},"7":{"start":{"line":34,"column":2},"end":{"line":34,"column":77}},"8":{"start":{"line":35,"column":2},"end":{"line":35,"column":72}},"9":{"start":{"line":33,"column":13},"end":{"line":33,"column":28}}},"fnMap":{"0":{"name":"(anonymous_1)","decl":{"start":{"line":33,"column":28},"end":{"line":33,"column":29}},"loc":{"start":{"line":33,"column":45},"end":{"line":36,"column":1}}}},"branchMap":{},"s":{"0":2,"1":2,"2":2,"3":2,"4":2,"5":2,"6":2,"7":2,"8":2,"9":2},"f":{"0":2},"b":{}}
,"C:\\Users\\karie\\NodeProjects\\smart-agenda-api\\src\\core\\errors\\AppError.ts": {"path":"C:\\Users\\karie\\NodeProjects\\smart-agenda-api\\src\\core\\errors\\AppError.ts","statementMap":{"0":{"start":{"line":12,"column":4},"end":{"line":12,"column":19}},"1":{"start":{"line":14,"column":4},"end":{"line":14,"column":33}},"2":{"start":{"line":15,"column":4},"end":{"line":15,"column":39}},"3":{"start":{"line":16,"column":4},"end":{"line":16,"column":27}},"4":{"start":{"line":18,"column":4},"end":{"line":18,"column":52}},"5":{"start":{"line":1,"column":0},"end":{"line":1,"column":13}}},"fnMap":{"0":{"name":"(anonymous_0)","decl":{"start":{"line":6,"column":2},"end":{"line":6,"column":null}},"loc":{"start":{"line":10,"column":20},"end":{"line":19,"column":3}}}},"branchMap":{"0":{"loc":{"start":{"line":8,"column":4},"end":{"line":8,"column":20}},"type":"default-arg","locations":[{"start":{"line":8,"column":17},"end":{"line":8,"column":20}}]},"1":{"loc":{"start":{"line":9,"column":4},"end":{"line":9,"column":24}},"type":"default-arg","locations":[{"start":{"line":9,"column":20},"end":{"line":9,"column":24}}]}},"s":{"0":4,"1":4,"2":4,"3":4,"4":4,"5":6},"f":{"0":4},"b":{"0":[1],"1":[1]}}
,"C:\\Users\\karie\\NodeProjects\\smart-agenda-api\\src\\core\\errors\\errorHandler.ts": {"path":"C:\\Users\\karie\\NodeProjects\\smart-agenda-api\\src\\core\\errors\\errorHandler.ts","statementMap":{"0":{"start":{"line":8,"column":0},"end":{"line":8,"column":16}},"1":{"start":{"line":2,"column":0},"end":{"line":2,"column":38}},"2":{"start":{"line":3,"column":0},"end":{"line":3,"column":38}},"3":{"start":{"line":5,"column":18},"end":{"line":5,"column":23}},"4":{"start":{"line":6,"column":14},"end":{"line":6,"column":30}},"5":{"start":{"line":14,"column":4},"end":{"line":23,"column":5}},"6":{"start":{"line":15,"column":8},"end":{"line":17,"column":null}},"7":{"start":{"line":19,"column":8},"end":{"line":22,"column":null}},"8":{"start":{"line":25,"column":4},"end":{"line":29,"column":5}},"9":{"start":{"line":26,"column":8},"end":{"line":26,"column":null}},"10":{"start":{"line":28,"column":8},"end":{"line":28,"column":null}},"11":{"start":{"line":31,"column":4},"end":{"line":34,"column":null}}},"fnMap":{"0":{"name":"errorHandler","decl":{"start":{"line":8,"column":16},"end":{"line":8,"column":28}},"loc":{"start":{"line":12,"column":23},"end":{"line":35,"column":1}}}},"branchMap":{"0":{"loc":{"start":{"line":14,"column":4},"end":{"line":23,"column":5}},"type":"if","locations":[{"start":{"line":14,"column":4},"end":{"line":23,"column":5}},{"start":{},"end":{}}]},"1":{"loc":{"start":{"line":16,"column":27},"end":{"line":16,"column":47}},"type":"binary-expr","locations":[{"start":{"line":16,"column":27},"end":{"line":16,"column":38}},{"start":{"line":16,"column":42},"end":{"line":16,"column":47}}]},"2":{"loc":{"start":{"line":25,"column":4},"end":{"line":29,"column":5}},"type":"if","locations":[{"start":{"line":25,"column":4},"end":{"line":29,"column":5}},{"start":{"line":27,"column":11},"end":{"line":29,"column":5}}]}},"s":{"0":2,"1":2,"2":2,"3":2,"4":2,"5":0,"6":0,"7":0,"8":0,"9":0,"10":0,"11":0},"f":{"0":0},"b":{"0":[0,0],"1":[0,0],"2":[0,0]}}
,"C:\\Users\\karie\\NodeProjects\\smart-agenda-api\\src\\core\\handlers\\executeHandler.ts": {"path":"C:\\Users\\karie\\NodeProjects\\smart-agenda-api\\src\\core\\handlers\\executeHandler.ts","statementMap":{"0":{"start":{"line":1,"column":0},"end":{"line":1,"column":46}},"1":{"start":{"line":5,"column":21},"end":{"line":5,"column":53}},"2":{"start":{"line":6,"column":21},"end":{"line":6,"column":43}},"3":{"start":{"line":10,"column":4},"end":{"line":12,"column":16}},"4":{"start":{"line":21,"column":25},"end":{"line":21,"column":52}},"5":{"start":{"line":23,"column":4},"end":{"line":47,"column":5}},"6":{"start":{"line":24,"column":21},"end":{"line":24,"column":31}},"7":{"start":{"line":26,"column":6},"end":{"line":33,"column":7}},"8":{"start":{"line":27,"column":8},"end":{"line":32,"column":10}},"9":{"start":{"line":35,"column":6},"end":{"line":35,"column":20}},"10":{"start":{"line":37,"column":6},"end":{"line":37,"column":78}},"11":{"start":{"line":39,"column":6},"end":{"line":39,"column":49}},"12":{"start":{"line":39,"column":37},"end":{"line":39,"column":49}},"13":{"start":{"line":41,"column":6},"end":{"line":46,"column":8}},"14":{"start":{"line":56,"column":25},"end":{"line":56,"column":52}},"15":{"start":{"line":58,"column":4},"end":{"line":71,"column":5}},"16":{"start":{"line":59,"column":6},"end":{"line":59,"column":24}},"17":{"start":{"line":61,"column":6},"end":{"line":61,"column":78}},"18":{"start":{"line":63,"column":6},"end":{"line":63,"column":49}},"19":{"start":{"line":63,"column":37},"end":{"line":63,"column":49}},"20":{"start":{"line":65,"column":6},"end":{"line":70,"column":8}},"21":{"start":{"line":3,"column":0},"end":{"line":3,"column":13}}},"fnMap":{"0":{"name":"(anonymous_0)","decl":{"start":{"line":4,"column":2},"end":{"line":4,"column":null}},"loc":{"start":{"line":6,"column":43},"end":{"line":7,"column":6}}},"1":{"name":"(anonymous_1)","decl":{"start":{"line":9,"column":10},"end":{"line":9,"column":23}},"loc":{"start":{"line":9,"column":39},"end":{"line":13,"column":3}}},"2":{"name":"(anonymous_2)","decl":{"start":{"line":15,"column":9},"end":{"line":15,"column":14}},"loc":{"start":{"line":19,"column":27},"end":{"line":48,"column":3}}},"3":{"name":"(anonymous_3)","decl":{"start":{"line":50,"column":9},"end":{"line":50,"column":14}},"loc":{"start":{"line":54,"column":27},"end":{"line":72,"column":3}}}},"branchMap":{"0":{"loc":{"start":{"line":5,"column":21},"end":{"line":5,"column":57}},"type":"default-arg","locations":[{"start":{"line":5,"column":53},"end":{"line":5,"column":57}}]},"1":{"loc":{"start":{"line":10,"column":11},"end":{"line":12,"column":15}},"type":"cond-expr","locations":[{"start":{"line":11,"column":8},"end":{"line":11,"column":42}},{"start":{"line":12,"column":8},"end":{"line":12,"column":15}}]},"2":{"loc":{"start":{"line":26,"column":6},"end":{"line":33,"column":7}},"type":"if","locations":[{"start":{"line":26,"column":6},"end":{"line":33,"column":7}},{"start":{},"end":{}}]},"3":{"loc":{"start":{"line":30,"column":10},"end":{"line":30,"column":52}},"type":"binary-expr","locations":[{"start":{"line":30,"column":10},"end":{"line":30,"column":23}},{"start":{"line":30,"column":27},"end":{"line":30,"column":52}}]},"4":{"loc":{"start":{"line":39,"column":6},"end":{"line":39,"column":49}},"type":"if","locations":[{"start":{"line":39,"column":6},"end":{"line":39,"column":49}},{"start":{},"end":{}}]},"5":{"loc":{"start":{"line":44,"column":8},"end":{"line":44,"column":50}},"type":"binary-expr","locations":[{"start":{"line":44,"column":8},"end":{"line":44,"column":21}},{"start":{"line":44,"column":25},"end":{"line":44,"column":50}}]},"6":{"loc":{"start":{"line":63,"column":6},"end":{"line":63,"column":49}},"type":"if","locations":[{"start":{"line":63,"column":6},"end":{"line":63,"column":49}},{"start":{},"end":{}}]},"7":{"loc":{"start":{"line":68,"column":8},"end":{"line":68,"column":50}},"type":"binary-expr","locations":[{"start":{"line":68,"column":8},"end":{"line":68,"column":21}},{"start":{"line":68,"column":25},"end":{"line":68,"column":50}}]}},"s":{"0":3,"1":4,"2":4,"3":6,"4":3,"5":3,"6":3,"7":0,"8":0,"9":0,"10":3,"11":3,"12":0,"13":3,"14":3,"15":3,"16":3,"17":3,"18":3,"19":3,"20":0,"21":3},"f":{"0":4,"1":6,"2":3,"3":3},"b":{"0":[0],"1":[6,0],"2":[0,0],"3":[0,0],"4":[0,3],"5":[3,3],"6":[3,0],"7":[0,0]}}
,"C:\\Users\\karie\\NodeProjects\\smart-agenda-api\\src\\database\\Client.ts": {"path":"C:\\Users\\karie\\NodeProjects\\smart-agenda-api\\src\\database\\Client.ts","statementMap":{"0":{"start":{"line":1,"column":0},"end":{"line":1,"column":26}},"1":{"start":{"line":2,"column":0},"end":{"line":2,"column":35}},"2":{"start":{"line":3,"column":0},"end":{"line":3,"column":52}},"3":{"start":{"line":5,"column":25},"end":{"line":5,"column":30}},"4":{"start":{"line":7,"column":13},"end":{"line":9,"column":2}},"5":{"start":{"line":11,"column":13},"end":{"line":11,"column":null}}},"fnMap":{},"branchMap":{},"s":{"0":3,"1":3,"2":3,"3":3,"4":3,"5":3},"f":{},"b":{}}
,"C:\\Users\\karie\\NodeProjects\\smart-agenda-api\\src\\database\\Schemas.ts": {"path":"C:\\Users\\karie\\NodeProjects\\smart-agenda-api\\src\\database\\Schemas.ts","statementMap":{"0":{"start":{"line":1,"column":0},"end":{"line":1,"column":34}},"1":{"start":{"line":2,"column":0},"end":{"line":2,"column":null}},"2":{"start":{"line":13,"column":13},"end":{"line":23,"column":3}},"3":{"start":{"line":25,"column":13},"end":{"line":36,"column":3}},"4":{"start":{"line":38,"column":13},"end":{"line":49,"column":null}},"5":{"start":{"line":40,"column":44},"end":{"line":40,"column":52}},"6":{"start":{"line":51,"column":13},"end":{"line":62,"column":3}},"7":{"start":{"line":53,"column":56},"end":{"line":53,"column":69}},"8":{"start":{"line":64,"column":13},"end":{"line":75,"column":3}},"9":{"start":{"line":66,"column":56},"end":{"line":66,"column":69}},"10":{"start":{"line":77,"column":13},"end":{"line":90,"column":3}},"11":{"start":{"line":79,"column":56},"end":{"line":79,"column":69}},"12":{"start":{"line":92,"column":13},"end":{"line":100,"column":3}},"13":{"start":{"line":94,"column":62},"end":{"line":94,"column":78}},"14":{"start":{"line":102,"column":13},"end":{"line":108,"column":3}},"15":{"start":{"line":109,"column":13},"end":{"line":134,"column":3}},"16":{"start":{"line":111,"column":56},"end":{"line":111,"column":69}},"17":{"start":{"line":114,"column":62},"end":{"line":114,"column":78}},"18":{"start":{"line":117,"column":48},"end":{"line":117,"column":58}},"19":{"start":{"line":120,"column":52},"end":{"line":120,"column":63}},"20":{"start":{"line":136,"column":13},"end":{"line":146,"column":3}},"21":{"start":{"line":138,"column":60},"end":{"line":138,"column":74}},"22":{"start":{"line":148,"column":13},"end":{"line":152,"column":3}},"23":{"start":{"line":153,"column":13},"end":{"line":163,"column":3}},"24":{"start":{"line":155,"column":56},"end":{"line":155,"column":69}}},"fnMap":{"0":{"name":"(anonymous_0)","decl":{"start":{"line":40,"column":38},"end":{"line":40,"column":41}},"loc":{"start":{"line":40,"column":44},"end":{"line":40,"column":52}}},"1":{"name":"(anonymous_1)","decl":{"start":{"line":53,"column":50},"end":{"line":53,"column":53}},"loc":{"start":{"line":53,"column":56},"end":{"line":53,"column":69}}},"2":{"name":"(anonymous_2)","decl":{"start":{"line":66,"column":50},"end":{"line":66,"column":53}},"loc":{"start":{"line":66,"column":56},"end":{"line":66,"column":69}}},"3":{"name":"(anonymous_3)","decl":{"start":{"line":79,"column":50},"end":{"line":79,"column":53}},"loc":{"start":{"line":79,"column":56},"end":{"line":79,"column":69}}},"4":{"name":"(anonymous_4)","decl":{"start":{"line":94,"column":56},"end":{"line":94,"column":59}},"loc":{"start":{"line":94,"column":62},"end":{"line":94,"column":78}}},"5":{"name":"(anonymous_5)","decl":{"start":{"line":111,"column":50},"end":{"line":111,"column":53}},"loc":{"start":{"line":111,"column":56},"end":{"line":111,"column":69}}},"6":{"name":"(anonymous_6)","decl":{"start":{"line":114,"column":56},"end":{"line":114,"column":59}},"loc":{"start":{"line":114,"column":62},"end":{"line":114,"column":78}}},"7":{"name":"(anonymous_7)","decl":{"start":{"line":117,"column":42},"end":{"line":117,"column":45}},"loc":{"start":{"line":117,"column":48},"end":{"line":117,"column":58}}},"8":{"name":"(anonymous_8)","decl":{"start":{"line":120,"column":46},"end":{"line":120,"column":49}},"loc":{"start":{"line":120,"column":52},"end":{"line":120,"column":63}}},"9":{"name":"(anonymous_9)","decl":{"start":{"line":138,"column":54},"end":{"line":138,"column":57}},"loc":{"start":{"line":138,"column":60},"end":{"line":138,"column":74}}},"10":{"name":"(anonymous_10)","decl":{"start":{"line":155,"column":50},"end":{"line":155,"column":53}},"loc":{"start":{"line":155,"column":56},"end":{"line":155,"column":69}}}},"branchMap":{},"s":{"0":3,"1":3,"2":3,"3":3,"4":3,"5":0,"6":3,"7":0,"8":3,"9":0,"10":3,"11":0,"12":3,"13":0,"14":3,"15":3,"16":0,"17":0,"18":0,"19":0,"20":3,"21":0,"22":3,"23":3,"24":0},"f":{"0":0,"1":0,"2":0,"3":0,"4":0,"5":0,"6":0,"7":0,"8":0,"9":0,"10":0},"b":{}}
,"C:\\Users\\karie\\NodeProjects\\smart-agenda-api\\src\\modules\\Users\\user.controller.ts": {"path":"C:\\Users\\karie\\NodeProjects\\smart-agenda-api\\src\\modules\\Users\\user.controller.ts","statementMap":{"0":{"start":{"line":2,"column":0},"end":{"line":2,"column":54}},"1":{"start":{"line":3,"column":0},"end":{"line":3,"column":49}},"2":{"start":{"line":5,"column":16},"end":{"line":5,"column":33}},"3":{"start":{"line":7,"column":43},"end":{"line":23,"column":1}},"4":{"start":{"line":8,"column":2},"end":{"line":22,"column":3}},"5":{"start":{"line":9,"column":19},"end":{"line":9,"column":55}},"6":{"start":{"line":11,"column":4},"end":{"line":11,"column":40}},"7":{"start":{"line":13,"column":4},"end":{"line":17,"column":5}},"8":{"start":{"line":14,"column":6},"end":{"line":16,"column":54}},"9":{"start":{"line":18,"column":4},"end":{"line":21,"column":7}},"10":{"start":{"line":7,"column":13},"end":{"line":7,"column":43}}},"fnMap":{"0":{"name":"(anonymous_0)","decl":{"start":{"line":7,"column":43},"end":{"line":7,"column":48}},"loc":{"start":{"line":7,"column":62},"end":{"line":23,"column":1}}}},"branchMap":{"0":{"loc":{"start":{"line":13,"column":4},"end":{"line":17,"column":5}},"type":"if","locations":[{"start":{"line":13,"column":4},"end":{"line":17,"column":5}},{"start":{},"end":{}}]}},"s":{"0":2,"1":2,"2":2,"3":2,"4":1,"5":1,"6":0,"7":1,"8":1,"9":0,"10":2},"f":{"0":1},"b":{"0":[1,0]}}
,"C:\\Users\\karie\\NodeProjects\\smart-agenda-api\\src\\modules\\Users\\user.factory.ts": {"path":"C:\\Users\\karie\\NodeProjects\\smart-agenda-api\\src\\modules\\Users\\user.factory.ts","statementMap":{"0":{"start":{"line":5,"column":0},"end":{"line":5,"column":16}},"1":{"start":{"line":1,"column":0},"end":{"line":1,"column":68}},"2":{"start":{"line":2,"column":0},"end":{"line":2,"column":51}},"3":{"start":{"line":3,"column":0},"end":{"line":3,"column":44}},"4":{"start":{"line":6,"column":20},"end":{"line":6,"column":53}},"5":{"start":{"line":7,"column":17},"end":{"line":7,"column":44}},"6":{"start":{"line":9,"column":4},"end":{"line":9,"column":null}}},"fnMap":{"0":{"name":"makeUserService","decl":{"start":{"line":5,"column":16},"end":{"line":5,"column":31}},"loc":{"start":{"line":5,"column":31},"end":{"line":10,"column":1}}}},"branchMap":{},"s":{"0":2,"1":2,"2":2,"3":2,"4":2,"5":2,"6":2},"f":{"0":2},"b":{}}
,"C:\\Users\\karie\\NodeProjects\\smart-agenda-api\\src\\modules\\Users\\user.repository.ts": {"path":"C:\\Users\\karie\\NodeProjects\\smart-agenda-api\\src\\modules\\Users\\user.repository.ts","statementMap":{"0":{"start":{"line":2,"column":0},"end":{"line":2,"column":43}},"1":{"start":{"line":3,"column":0},"end":{"line":3,"column":47}},"2":{"start":{"line":7,"column":31},"end":{"line":7,"column":54}},"3":{"start":{"line":10,"column":4},"end":{"line":17,"column":6}},"4":{"start":{"line":12,"column":21},"end":{"line":12,"column":68}},"5":{"start":{"line":13,"column":8},"end":{"line":13,"column":null}},"6":{"start":{"line":6,"column":0},"end":{"line":6,"column":13}}},"fnMap":{"0":{"name":"(anonymous_0)","decl":{"start":{"line":7,"column":2},"end":{"line":7,"column":31}},"loc":{"start":{"line":7,"column":54},"end":{"line":7,"column":58}}},"1":{"name":"(anonymous_1)","decl":{"start":{"line":9,"column":9},"end":{"line":9,"column":15}},"loc":{"start":{"line":9,"column":33},"end":{"line":18,"column":3}}},"2":{"name":"(anonymous_2)","decl":{"start":{"line":11,"column":6},"end":{"line":11,"column":11}},"loc":{"start":{"line":11,"column":17},"end":{"line":14,"column":7}}},"3":{"name":"(anonymous_3)","decl":{"start":{"line":20,"column":9},"end":{"line":20,"column":19}},"loc":{"start":{"line":20,"column":19},"end":{"line":20,"column":24}}},"4":{"name":"(anonymous_4)","decl":{"start":{"line":22,"column":9},"end":{"line":22,"column":28}},"loc":{"start":{"line":22,"column":28},"end":{"line":22,"column":33}}},"5":{"name":"(anonymous_5)","decl":{"start":{"line":24,"column":9},"end":{"line":24,"column":15}},"loc":{"start":{"line":24,"column":15},"end":{"line":24,"column":20}}}},"branchMap":{},"s":{"0":2,"1":2,"2":2,"3":1,"4":1,"5":0,"6":2},"f":{"0":2,"1":1,"2":1,"3":0,"4":0,"5":0},"b":{}}
,"C:\\Users\\karie\\NodeProjects\\smart-agenda-api\\src\\modules\\Users\\user.routes.ts": {"path":"C:\\Users\\karie\\NodeProjects\\smart-agenda-api\\src\\modules\\Users\\user.routes.ts","statementMap":{"0":{"start":{"line":1,"column":0},"end":{"line":1,"column":33}},"1":{"start":{"line":2,"column":0},"end":{"line":2,"column":65}},"2":{"start":{"line":3,"column":0},"end":{"line":3,"column":48}},"3":{"start":{"line":5,"column":18},"end":{"line":5,"column":26}},"4":{"start":{"line":9,"column":9},"end":{"line":9,"column":18}},"5":{"start":{"line":7,"column":0},"end":{"line":7,"column":null}}},"fnMap":{},"branchMap":{},"s":{"0":2,"1":2,"2":2,"3":2,"4":2,"5":2},"f":{},"b":{}}
,"C:\\Users\\karie\\NodeProjects\\smart-agenda-api\\src\\modules\\Users\\user.service.ts": {"path":"C:\\Users\\karie\\NodeProjects\\smart-agenda-api\\src\\modules\\Users\\user.service.ts","statementMap":{"0":{"start":{"line":1,"column":0},"end":{"line":1,"column":54}},"1":{"start":{"line":3,"column":0},"end":{"line":3,"column":48}},"2":{"start":{"line":8,"column":17},"end":{"line":8,"column":28}},"3":{"start":{"line":11,"column":21},"end":{"line":11,"column":44}},"4":{"start":{"line":12,"column":21},"end":{"line":12,"column":41}},"5":{"start":{"line":18,"column":4},"end":{"line":31,"column":6}},"6":{"start":{"line":20,"column":8},"end":{"line":20,"column":null}},"7":{"start":{"line":20,"column":52},"end":{"line":20,"column":null}},"8":{"start":{"line":21,"column":30},"end":{"line":21,"column":43}},"9":{"start":{"line":22,"column":60},"end":{"line":22,"column":108}},"10":{"start":{"line":23,"column":23},"end":{"line":26,"column":10}},"11":{"start":{"line":27,"column":8},"end":{"line":27,"column":22}},"12":{"start":{"line":7,"column":0},"end":{"line":7,"column":13}}},"fnMap":{"0":{"name":"(anonymous_0)","decl":{"start":{"line":10,"column":2},"end":{"line":10,"column":null}},"loc":{"start":{"line":12,"column":41},"end":{"line":13,"column":6}}},"1":{"name":"(anonymous_1)","decl":{"start":{"line":15,"column":9},"end":{"line":15,"column":21}},"loc":{"start":{"line":16,"column":26},"end":{"line":32,"column":3}}},"2":{"name":"(anonymous_2)","decl":{"start":{"line":19,"column":6},"end":{"line":19,"column":11}},"loc":{"start":{"line":19,"column":17},"end":{"line":28,"column":7}}}},"branchMap":{"0":{"loc":{"start":{"line":20,"column":8},"end":{"line":20,"column":null}},"type":"if","locations":[{"start":{"line":20,"column":8},"end":{"line":20,"column":null}},{"start":{},"end":{}}]}},"s":{"0":3,"1":3,"2":3,"3":3,"4":3,"5":2,"6":2,"7":0,"8":2,"9":2,"10":1,"11":1,"12":3},"f":{"0":3,"1":2,"2":2},"b":{"0":[0,2]}}
,"C:\\Users\\karie\\NodeProjects\\smart-agenda-api\\src\\modules\\Users\\dtos\\users.dto.schemas.ts": {"path":"C:\\Users\\karie\\NodeProjects\\smart-agenda-api\\src\\modules\\Users\\dtos\\users.dto.schemas.ts","statementMap":{"0":{"start":{"line":1,"column":0},"end":{"line":1,"column":67}},"1":{"start":{"line":2,"column":0},"end":{"line":2,"column":62}},"2":{"start":{"line":3,"column":0},"end":{"line":3,"column":23}},"3":{"start":{"line":5,"column":13},"end":{"line":12,"column":null}},"4":{"start":{"line":5,"column":65},"end":{"line":12,"column":2}}},"fnMap":{"0":{"name":"(anonymous_0)","decl":{"start":{"line":5,"column":48},"end":{"line":5,"column":49}},"loc":{"start":{"line":5,"column":65},"end":{"line":12,"column":2}}}},"branchMap":{},"s":{"0":2,"1":2,"2":2,"3":2,"4":1},"f":{"0":1},"b":{}}
,"C:\\Users\\karie\\NodeProjects\\smart-agenda-api\\src\\modules\\auth\\auth.controller.ts": {"path":"C:\\Users\\karie\\NodeProjects\\smart-agenda-api\\src\\modules\\auth\\auth.controller.ts","statementMap":{"0":{"start":{"line":2,"column":0},"end":{"line":2,"column":49}},"1":{"start":{"line":3,"column":0},"end":{"line":3,"column":54}},"2":{"start":{"line":5,"column":16},"end":{"line":5,"column":33}},"3":{"start":{"line":7,"column":42},"end":{"line":23,"column":1}},"4":{"start":{"line":8,"column":2},"end":{"line":22,"column":3}},"5":{"start":{"line":9,"column":19},"end":{"line":9,"column":55}},"6":{"start":{"line":11,"column":4},"end":{"line":11,"column":40}},"7":{"start":{"line":13,"column":4},"end":{"line":17,"column":5}},"8":{"start":{"line":14,"column":6},"end":{"line":16,"column":54}},"9":{"start":{"line":18,"column":4},"end":{"line":21,"column":7}},"10":{"start":{"line":7,"column":13},"end":{"line":7,"column":42}},"11":{"start":{"line":25,"column":37},"end":{"line":57,"column":1}},"12":{"start":{"line":26,"column":2},"end":{"line":56,"column":3}},"13":{"start":{"line":27,"column":19},"end":{"line":27,"column":48}},"14":{"start":{"line":29,"column":4},"end":{"line":35,"column":7}},"15":{"start":{"line":37,"column":4},"end":{"line":43,"column":7}},"16":{"start":{"line":45,"column":4},"end":{"line":45,"column":46}},"17":{"start":{"line":47,"column":4},"end":{"line":51,"column":5}},"18":{"start":{"line":48,"column":6},"end":{"line":50,"column":54}},"19":{"start":{"line":52,"column":4},"end":{"line":55,"column":7}},"20":{"start":{"line":25,"column":13},"end":{"line":25,"column":37}},"21":{"start":{"line":59,"column":39},"end":{"line":95,"column":1}},"22":{"start":{"line":60,"column":2},"end":{"line":94,"column":3}},"23":{"start":{"line":61,"column":25},"end":{"line":61,"column":49}},"24":{"start":{"line":62,"column":24},"end":{"line":62,"column":57}},"25":{"start":{"line":64,"column":4},"end":{"line":64,"column":75}},"26":{"start":{"line":64,"column":23},"end":{"line":64,"column":75}},"27":{"start":{"line":65,"column":19},"end":{"line":65,"column":63}},"28":{"start":{"line":67,"column":4},"end":{"line":73,"column":7}},"29":{"start":{"line":75,"column":4},"end":{"line":81,"column":7}},"30":{"start":{"line":83,"column":4},"end":{"line":83,"column":72}},"31":{"start":{"line":85,"column":4},"end":{"line":89,"column":5}},"32":{"start":{"line":86,"column":6},"end":{"line":88,"column":54}},"33":{"start":{"line":90,"column":4},"end":{"line":93,"column":7}},"34":{"start":{"line":59,"column":13},"end":{"line":59,"column":39}},"35":{"start":{"line":97,"column":46},"end":{"line":113,"column":1}},"36":{"start":{"line":98,"column":2},"end":{"line":112,"column":3}},"37":{"start":{"line":99,"column":19},"end":{"line":99,"column":57}},"38":{"start":{"line":101,"column":4},"end":{"line":101,"column":40}},"39":{"start":{"line":103,"column":4},"end":{"line":107,"column":5}},"40":{"start":{"line":104,"column":6},"end":{"line":106,"column":54}},"41":{"start":{"line":108,"column":4},"end":{"line":111,"column":7}},"42":{"start":{"line":97,"column":13},"end":{"line":97,"column":46}},"43":{"start":{"line":114,"column":45},"end":{"line":132,"column":1}},"44":{"start":{"line":115,"column":2},"end":{"line":131,"column":3}},"45":{"start":{"line":116,"column":22},"end":{"line":116,"column":53}},"46":{"start":{"line":117,"column":17},"end":{"line":117,"column":25}},"47":{"start":{"line":118,"column":19},"end":{"line":118,"column":59}},"48":{"start":{"line":120,"column":4},"end":{"line":120,"column":null}},"49":{"start":{"line":122,"column":4},"end":{"line":126,"column":5}},"50":{"start":{"line":123,"column":6},"end":{"line":125,"column":54}},"51":{"start":{"line":127,"column":4},"end":{"line":130,"column":7}},"52":{"start":{"line":114,"column":13},"end":{"line":114,"column":45}},"53":{"start":{"line":134,"column":38},"end":{"line":161,"column":1}},"54":{"start":{"line":135,"column":2},"end":{"line":160,"column":3}},"55":{"start":{"line":136,"column":4},"end":{"line":142,"column":7}},"56":{"start":{"line":144,"column":4},"end":{"line":150,"column":7}},"57":{"start":{"line":152,"column":4},"end":{"line":152,"column":77}},"58":{"start":{"line":154,"column":4},"end":{"line":154,"column":58}},"59":{"start":{"line":155,"column":4},"end":{"line":159,"column":7}},"60":{"start":{"line":134,"column":13},"end":{"line":134,"column":38}}},"fnMap":{"0":{"name":"(anonymous_0)","decl":{"start":{"line":7,"column":42},"end":{"line":7,"column":47}},"loc":{"start":{"line":7,"column":61},"end":{"line":23,"column":1}}},"1":{"name":"(anonymous_1)","decl":{"start":{"line":25,"column":37},"end":{"line":25,"column":42}},"loc":{"start":{"line":25,"column":56},"end":{"line":57,"column":1}}},"2":{"name":"(anonymous_2)","decl":{"start":{"line":59,"column":39},"end":{"line":59,"column":44}},"loc":{"start":{"line":59,"column":58},"end":{"line":95,"column":1}}},"3":{"name":"(anonymous_3)","decl":{"start":{"line":97,"column":46},"end":{"line":97,"column":51}},"loc":{"start":{"line":97,"column":65},"end":{"line":113,"column":1}}},"4":{"name":"(anonymous_4)","decl":{"start":{"line":114,"column":45},"end":{"line":114,"column":50}},"loc":{"start":{"line":114,"column":64},"end":{"line":132,"column":1}}},"5":{"name":"(anonymous_5)","decl":{"start":{"line":134,"column":38},"end":{"line":134,"column":39}},"loc":{"start":{"line":134,"column":51},"end":{"line":161,"column":1}}}},"branchMap":{"0":{"loc":{"start":{"line":13,"column":4},"end":{"line":17,"column":5}},"type":"if","locations":[{"start":{"line":13,"column":4},"end":{"line":17,"column":5}},{"start":{},"end":{}}]},"1":{"loc":{"start":{"line":32,"column":16},"end":{"line":32,"column":70}},"type":"cond-expr","locations":[{"start":{"line":32,"column":56},"end":{"line":32,"column":62}},{"start":{"line":32,"column":65},"end":{"line":32,"column":70}}]},"2":{"loc":{"start":{"line":40,"column":16},"end":{"line":40,"column":70}},"type":"cond-expr","locations":[{"start":{"line":40,"column":56},"end":{"line":40,"column":62}},{"start":{"line":40,"column":65},"end":{"line":40,"column":70}}]},"3":{"loc":{"start":{"line":47,"column":4},"end":{"line":51,"column":5}},"type":"if","locations":[{"start":{"line":47,"column":4},"end":{"line":51,"column":5}},{"start":{},"end":{}}]},"4":{"loc":{"start":{"line":64,"column":4},"end":{"line":64,"column":75}},"type":"if","locations":[{"start":{"line":64,"column":4},"end":{"line":64,"column":75}},{"start":{},"end":{}}]},"5":{"loc":{"start":{"line":70,"column":16},"end":{"line":70,"column":70}},"type":"cond-expr","locations":[{"start":{"line":70,"column":56},"end":{"line":70,"column":62}},{"start":{"line":70,"column":65},"end":{"line":70,"column":70}}]},"6":{"loc":{"start":{"line":78,"column":16},"end":{"line":78,"column":70}},"type":"cond-expr","locations":[{"start":{"line":78,"column":56},"end":{"line":78,"column":62}},{"start":{"line":78,"column":65},"end":{"line":78,"column":70}}]},"7":{"loc":{"start":{"line":85,"column":4},"end":{"line":89,"column":5}},"type":"if","locations":[{"start":{"line":85,"column":4},"end":{"line":89,"column":5}},{"start":{},"end":{}}]},"8":{"loc":{"start":{"line":103,"column":4},"end":{"line":107,"column":5}},"type":"if","locations":[{"start":{"line":103,"column":4},"end":{"line":107,"column":5}},{"start":{},"end":{}}]},"9":{"loc":{"start":{"line":122,"column":4},"end":{"line":126,"column":5}},"type":"if","locations":[{"start":{"line":122,"column":4},"end":{"line":126,"column":5}},{"start":{},"end":{}}]},"10":{"loc":{"start":{"line":139,"column":16},"end":{"line":139,"column":70}},"type":"cond-expr","locations":[{"start":{"line":139,"column":56},"end":{"line":139,"column":62}},{"start":{"line":139,"column":65},"end":{"line":139,"column":70}}]},"11":{"loc":{"start":{"line":147,"column":16},"end":{"line":147,"column":70}},"type":"cond-expr","locations":[{"start":{"line":147,"column":56},"end":{"line":147,"column":62}},{"start":{"line":147,"column":65},"end":{"line":147,"column":70}}]}},"s":{"0":3,"1":3,"2":3,"3":3,"4":2,"5":2,"6":0,"7":2,"8":1,"9":1,"10":3,"11":3,"12":1,"13":1,"14":0,"15":0,"16":0,"17":1,"18":1,"19":0,"20":3,"21":3,"22":0,"23":0,"24":0,"25":0,"26":0,"27":0,"28":0,"29":0,"30":0,"31":0,"32":0,"33":0,"34":3,"35":3,"36":0,"37":0,"38":0,"39":0,"40":0,"41":0,"42":3,"43":3,"44":0,"45":0,"46":0,"47":0,"48":0,"49":0,"50":0,"51":0,"52":3,"53":3,"54":0,"55":0,"56":0,"57":0,"58":0,"59":0,"60":3},"f":{"0":2,"1":1,"2":0,"3":0,"4":0,"5":0},"b":{"0":[1,1],"1":[0,0],"2":[0,0],"3":[1,0],"4":[0,0],"5":[0,0],"6":[0,0],"7":[0,0],"8":[0,0],"9":[0,0],"10":[0,0],"11":[0,0]}}
,"C:\\Users\\karie\\NodeProjects\\smart-agenda-api\\src\\modules\\auth\\auth.factory.ts": {"path":"C:\\Users\\karie\\NodeProjects\\smart-agenda-api\\src\\modules\\auth\\auth.factory.ts","statementMap":{"0":{"start":{"line":5,"column":0},"end":{"line":5,"column":16}},"1":{"start":{"line":1,"column":0},"end":{"line":1,"column":68}},"2":{"start":{"line":2,"column":0},"end":{"line":2,"column":51}},"3":{"start":{"line":3,"column":0},"end":{"line":3,"column":45}},"4":{"start":{"line":6,"column":20},"end":{"line":6,"column":52}},"5":{"start":{"line":7,"column":17},"end":{"line":7,"column":44}},"6":{"start":{"line":9,"column":4},"end":{"line":9,"column":null}}},"fnMap":{"0":{"name":"makeAuthService","decl":{"start":{"line":5,"column":16},"end":{"line":5,"column":31}},"loc":{"start":{"line":5,"column":31},"end":{"line":10,"column":1}}}},"branchMap":{},"s":{"0":3,"1":3,"2":3,"3":3,"4":2,"5":2,"6":2},"f":{"0":2},"b":{}}
,"C:\\Users\\karie\\NodeProjects\\smart-agenda-api\\src\\modules\\auth\\auth.repository.ts": {"path":"C:\\Users\\karie\\NodeProjects\\smart-agenda-api\\src\\modules\\auth\\auth.repository.ts","statementMap":{"0":{"start":{"line":1,"column":0},"end":{"line":1,"column":42}},"1":{"start":{"line":2,"column":0},"end":{"line":2,"column":54}},"2":{"start":{"line":4,"column":0},"end":{"line":4,"column":43}},"3":{"start":{"line":5,"column":0},"end":{"line":5,"column":63}},"4":{"start":{"line":16,"column":31},"end":{"line":16,"column":54}},"5":{"start":{"line":19,"column":4},"end":{"line":26,"column":6}},"6":{"start":{"line":21,"column":23},"end":{"line":21,"column":70}},"7":{"start":{"line":22,"column":8},"end":{"line":22,"column":25}},"8":{"start":{"line":30,"column":4},"end":{"line":37,"column":6}},"9":{"start":{"line":32,"column":23},"end":{"line":32,"column":79}},"10":{"start":{"line":33,"column":8},"end":{"line":33,"column":25}},"11":{"start":{"line":40,"column":4},"end":{"line":51,"column":6}},"12":{"start":{"line":42,"column":23},"end":{"line":45,"column":40}},"13":{"start":{"line":47,"column":8},"end":{"line":47,"column":25}},"14":{"start":{"line":55,"column":4},"end":{"line":75,"column":5}},"15":{"start":{"line":56,"column":23},"end":{"line":59,"column":38}},"16":{"start":{"line":60,"column":6},"end":{"line":66,"column":10}},"17":{"start":{"line":61,"column":8},"end":{"line":66,"column":10}},"18":{"start":{"line":68,"column":6},"end":{"line":68,"column":50}},"19":{"start":{"line":68,"column":37},"end":{"line":68,"column":50}},"20":{"start":{"line":69,"column":6},"end":{"line":74,"column":8}},"21":{"start":{"line":79,"column":4},"end":{"line":97,"column":6}},"22":{"start":{"line":82,"column":23},"end":{"line":90,"column":null}},"23":{"start":{"line":93,"column":8},"end":{"line":93,"column":22}},"24":{"start":{"line":101,"column":4},"end":{"line":109,"column":null}},"25":{"start":{"line":103,"column":23},"end":{"line":103,"column":122}},"26":{"start":{"line":105,"column":8},"end":{"line":105,"column":null}},"27":{"start":{"line":113,"column":4},"end":{"line":121,"column":null}},"28":{"start":{"line":115,"column":23},"end":{"line":115,"column":96}},"29":{"start":{"line":117,"column":8},"end":{"line":117,"column":null}},"30":{"start":{"line":15,"column":0},"end":{"line":15,"column":13}}},"fnMap":{"0":{"name":"(anonymous_0)","decl":{"start":{"line":16,"column":2},"end":{"line":16,"column":31}},"loc":{"start":{"line":16,"column":54},"end":{"line":16,"column":58}}},"1":{"name":"(anonymous_1)","decl":{"start":{"line":18,"column":9},"end":{"line":18,"column":15}},"loc":{"start":{"line":18,"column":32},"end":{"line":27,"column":3}}},"2":{"name":"(anonymous_2)","decl":{"start":{"line":20,"column":6},"end":{"line":20,"column":11}},"loc":{"start":{"line":20,"column":17},"end":{"line":23,"column":7}}},"3":{"name":"(anonymous_3)","decl":{"start":{"line":29,"column":9},"end":{"line":29,"column":20}},"loc":{"start":{"line":29,"column":45},"end":{"line":38,"column":3}}},"4":{"name":"(anonymous_4)","decl":{"start":{"line":31,"column":6},"end":{"line":31,"column":11}},"loc":{"start":{"line":31,"column":17},"end":{"line":34,"column":7}}},"5":{"name":"(anonymous_5)","decl":{"start":{"line":39,"column":9},"end":{"line":39,"column":19}},"loc":{"start":{"line":39,"column":33},"end":{"line":52,"column":3}}},"6":{"name":"(anonymous_6)","decl":{"start":{"line":41,"column":6},"end":{"line":41,"column":11}},"loc":{"start":{"line":41,"column":17},"end":{"line":48,"column":7}}},"7":{"name":"(anonymous_7)","decl":{"start":{"line":54,"column":9},"end":{"line":54,"column":14}},"loc":{"start":{"line":54,"column":45},"end":{"line":76,"column":3}}},"8":{"name":"(anonymous_8)","decl":{"start":{"line":78,"column":9},"end":{"line":78,"column":14}},"loc":{"start":{"line":78,"column":46},"end":{"line":98,"column":3}}},"9":{"name":"(anonymous_9)","decl":{"start":{"line":80,"column":6},"end":{"line":80,"column":11}},"loc":{"start":{"line":80,"column":17},"end":{"line":94,"column":7}}},"10":{"name":"(anonymous_10)","decl":{"start":{"line":100,"column":9},"end":{"line":100,"column":27}},"loc":{"start":{"line":100,"column":77},"end":{"line":110,"column":3}}},"11":{"name":"(anonymous_11)","decl":{"start":{"line":102,"column":6},"end":{"line":102,"column":11}},"loc":{"start":{"line":102,"column":17},"end":{"line":106,"column":7}}},"12":{"name":"(anonymous_12)","decl":{"start":{"line":112,"column":9},"end":{"line":112,"column":15}},"loc":{"start":{"line":112,"column":50},"end":{"line":122,"column":3}}},"13":{"name":"(anonymous_13)","decl":{"start":{"line":114,"column":6},"end":{"line":114,"column":11}},"loc":{"start":{"line":114,"column":17},"end":{"line":118,"column":7}}}},"branchMap":{"0":{"loc":{"start":{"line":60,"column":6},"end":{"line":66,"column":10}},"type":"if","locations":[{"start":{"line":60,"column":6},"end":{"line":66,"column":10}},{"start":{},"end":{}}]},"1":{"loc":{"start":{"line":68,"column":6},"end":{"line":68,"column":50}},"type":"if","locations":[{"start":{"line":68,"column":6},"end":{"line":68,"column":50}},{"start":{},"end":{}}]}},"s":{"0":3,"1":3,"2":3,"3":3,"4":2,"5":1,"6":1,"7":0,"8":0,"9":0,"10":0,"11":1,"12":1,"13":0,"14":0,"15":0,"16":0,"17":0,"18":0,"19":0,"20":0,"21":0,"22":0,"23":0,"24":0,"25":0,"26":0,"27":0,"28":0,"29":0,"30":3},"f":{"0":2,"1":1,"2":1,"3":0,"4":0,"5":1,"6":1,"7":0,"8":0,"9":0,"10":0,"11":0,"12":0,"13":0},"b":{"0":[0,0],"1":[0,0]}}
,"C:\\Users\\karie\\NodeProjects\\smart-agenda-api\\src\\modules\\auth\\auth.route.ts": {"path":"C:\\Users\\karie\\NodeProjects\\smart-agenda-api\\src\\modules\\auth\\auth.route.ts","statementMap":{"0":{"start":{"line":1,"column":0},"end":{"line":1,"column":33}},"1":{"start":{"line":2,"column":0},"end":{"line":2,"column":150}},"2":{"start":{"line":3,"column":0},"end":{"line":3,"column":102}},"3":{"start":{"line":5,"column":18},"end":{"line":5,"column":26}},"4":{"start":{"line":14,"column":9},"end":{"line":14,"column":18}},"5":{"start":{"line":7,"column":0},"end":{"line":7,"column":null}},"6":{"start":{"line":8,"column":0},"end":{"line":8,"column":null}},"7":{"start":{"line":9,"column":0},"end":{"line":9,"column":null}},"8":{"start":{"line":10,"column":0},"end":{"line":10,"column":null}},"9":{"start":{"line":11,"column":0},"end":{"line":11,"column":null}},"10":{"start":{"line":12,"column":0},"end":{"line":12,"column":null}}},"fnMap":{},"branchMap":{},"s":{"0":2,"1":2,"2":2,"3":2,"4":2,"5":2,"6":2,"7":2,"8":2,"9":2,"10":2},"f":{},"b":{}}
,"C:\\Users\\karie\\NodeProjects\\smart-agenda-api\\src\\modules\\auth\\auth.service.ts": {"path":"C:\\Users\\karie\\NodeProjects\\smart-agenda-api\\src\\modules\\auth\\auth.service.ts","statementMap":{"0":{"start":{"line":1,"column":0},"end":{"line":1,"column":54}},"1":{"start":{"line":3,"column":0},"end":{"line":3,"column":67}},"2":{"start":{"line":4,"column":0},"end":{"line":4,"column":61}},"3":{"start":{"line":5,"column":0},"end":{"line":5,"column":48}},"4":{"start":{"line":15,"column":18},"end":{"line":15,"column":37}},"5":{"start":{"line":16,"column":17},"end":{"line":16,"column":28}},"6":{"start":{"line":17,"column":23},"end":{"line":17,"column":39}},"7":{"start":{"line":20,"column":21},"end":{"line":20,"column":44}},"8":{"start":{"line":21,"column":21},"end":{"line":21,"column":41}},"9":{"start":{"line":25,"column":4},"end":{"line":41,"column":6}},"10":{"start":{"line":27,"column":8},"end":{"line":28,"column":53}},"11":{"start":{"line":28,"column":10},"end":{"line":28,"column":53}},"12":{"start":{"line":30,"column":30},"end":{"line":30,"column":70}},"13":{"start":{"line":35,"column":12},"end":{"line":35,"column":62}},"14":{"start":{"line":37,"column":8},"end":{"line":37,"column":58}},"15":{"start":{"line":45,"column":4},"end":{"line":80,"column":6}},"16":{"start":{"line":47,"column":50},"end":{"line":48,"column":null}},"17":{"start":{"line":51,"column":24},"end":{"line":51,"column":75}},"18":{"start":{"line":53,"column":8},"end":{"line":53,"column":59}},"19":{"start":{"line":53,"column":22},"end":{"line":53,"column":59}},"20":{"start":{"line":55,"column":29},"end":{"line":55,"column":48}},"21":{"start":{"line":56,"column":33},"end":{"line":56,"column":74}},"22":{"start":{"line":58,"column":8},"end":{"line":61,"column":11}},"23":{"start":{"line":63,"column":28},"end":{"line":65,"column":null}},"24":{"start":{"line":68,"column":23},"end":{"line":75,"column":28}},"25":{"start":{"line":76,"column":8},"end":{"line":76,"column":22}},"26":{"start":{"line":87,"column":4},"end":{"line":123,"column":6}},"27":{"start":{"line":89,"column":25},"end":{"line":89,"column":29}},"28":{"start":{"line":90,"column":23},"end":{"line":90,"column":63}},"29":{"start":{"line":92,"column":8},"end":{"line":102,"column":9}},"30":{"start":{"line":93,"column":24},"end":{"line":95,"column":null}},"31":{"start":{"line":98,"column":10},"end":{"line":101,"column":11}},"32":{"start":{"line":99,"column":12},"end":{"line":99,"column":31}},"33":{"start":{"line":100,"column":12},"end":{"line":100,"column":18}},"34":{"start":{"line":104,"column":8},"end":{"line":104,"column":75}},"35":{"start":{"line":104,"column":25},"end":{"line":104,"column":75}},"36":{"start":{"line":106,"column":8},"end":{"line":108,"column":11}},"37":{"start":{"line":110,"column":32},"end":{"line":110,"column":78}},"38":{"start":{"line":112,"column":8},"end":{"line":112,"column":78}},"39":{"start":{"line":114,"column":31},"end":{"line":116,"column":null}},"40":{"start":{"line":119,"column":8},"end":{"line":119,"column":78}},"41":{"start":{"line":127,"column":4},"end":{"line":144,"column":6}},"42":{"start":{"line":129,"column":23},"end":{"line":129,"column":56}},"43":{"start":{"line":131,"column":22},"end":{"line":137,"column":null}},"44":{"start":{"line":140,"column":8},"end":{"line":140,"column":56}},"45":{"start":{"line":151,"column":4},"end":{"line":178,"column":6}},"46":{"start":{"line":153,"column":46},"end":{"line":153,"column":50}},"47":{"start":{"line":155,"column":8},"end":{"line":156,"column":54}},"48":{"start":{"line":156,"column":10},"end":{"line":156,"column":54}},"49":{"start":{"line":158,"column":29},"end":{"line":158,"column":64}},"50":{"start":{"line":160,"column":8},"end":{"line":166,"column":52}},"51":{"start":{"line":166,"column":10},"end":{"line":166,"column":52}},"52":{"start":{"line":167,"column":8},"end":{"line":168,"column":65}},"53":{"start":{"line":168,"column":10},"end":{"line":168,"column":65}},"54":{"start":{"line":169,"column":30},"end":{"line":169,"column":65}},"55":{"start":{"line":170,"column":23},"end":{"line":172,"column":10}},"56":{"start":{"line":174,"column":8},"end":{"line":174,"column":60}},"57":{"start":{"line":14,"column":0},"end":{"line":14,"column":13}}},"fnMap":{"0":{"name":"(anonymous_0)","decl":{"start":{"line":19,"column":2},"end":{"line":19,"column":null}},"loc":{"start":{"line":21,"column":41},"end":{"line":22,"column":6}}},"1":{"name":"(anonymous_1)","decl":{"start":{"line":24,"column":9},"end":{"line":24,"column":21}},"loc":{"start":{"line":24,"column":43},"end":{"line":42,"column":3}}},"2":{"name":"(anonymous_2)","decl":{"start":{"line":26,"column":6},"end":{"line":26,"column":11}},"loc":{"start":{"line":26,"column":17},"end":{"line":38,"column":7}}},"3":{"name":"(anonymous_3)","decl":{"start":{"line":44,"column":9},"end":{"line":44,"column":14}},"loc":{"start":{"line":44,"column":30},"end":{"line":81,"column":3}}},"4":{"name":"(anonymous_4)","decl":{"start":{"line":46,"column":6},"end":{"line":46,"column":11}},"loc":{"start":{"line":46,"column":17},"end":{"line":77,"column":7}}},"5":{"name":"(anonymous_5)","decl":{"start":{"line":83,"column":9},"end":{"line":83,"column":16}},"loc":{"start":{"line":85,"column":19},"end":{"line":124,"column":3}}},"6":{"name":"(anonymous_6)","decl":{"start":{"line":88,"column":6},"end":{"line":88,"column":11}},"loc":{"start":{"line":88,"column":17},"end":{"line":120,"column":7}}},"7":{"name":"(anonymous_7)","decl":{"start":{"line":126,"column":9},"end":{"line":126,"column":23}},"loc":{"start":{"line":126,"column":37},"end":{"line":145,"column":3}}},"8":{"name":"(anonymous_8)","decl":{"start":{"line":128,"column":6},"end":{"line":128,"column":11}},"loc":{"start":{"line":128,"column":17},"end":{"line":141,"column":7}}},"9":{"name":"(anonymous_9)","decl":{"start":{"line":147,"column":9},"end":{"line":147,"column":22}},"loc":{"start":{"line":149,"column":27},"end":{"line":179,"column":3}}},"10":{"name":"(anonymous_10)","decl":{"start":{"line":152,"column":6},"end":{"line":152,"column":11}},"loc":{"start":{"line":152,"column":17},"end":{"line":175,"column":7}}}},"branchMap":{"0":{"loc":{"start":{"line":27,"column":8},"end":{"line":28,"column":53}},"type":"if","locations":[{"start":{"line":27,"column":8},"end":{"line":28,"column":53}},{"start":{},"end":{}}]},"1":{"loc":{"start":{"line":53,"column":8},"end":{"line":53,"column":59}},"type":"if","locations":[{"start":{"line":53,"column":8},"end":{"line":53,"column":59}},{"start":{},"end":{}}]},"2":{"loc":{"start":{"line":98,"column":10},"end":{"line":101,"column":11}},"type":"if","locations":[{"start":{"line":98,"column":10},"end":{"line":101,"column":11}},{"start":{},"end":{}}]},"3":{"loc":{"start":{"line":104,"column":8},"end":{"line":104,"column":75}},"type":"if","locations":[{"start":{"line":104,"column":8},"end":{"line":104,"column":75}},{"start":{},"end":{}}]},"4":{"loc":{"start":{"line":155,"column":8},"end":{"line":156,"column":54}},"type":"if","locations":[{"start":{"line":155,"column":8},"end":{"line":156,"column":54}},{"start":{},"end":{}}]},"5":{"loc":{"start":{"line":160,"column":8},"end":{"line":166,"column":52}},"type":"if","locations":[{"start":{"line":160,"column":8},"end":{"line":166,"column":52}},{"start":{},"end":{}}]},"6":{"loc":{"start":{"line":161,"column":10},"end":{"line":164,"column":46}},"type":"binary-expr","locations":[{"start":{"line":161,"column":10},"end":{"line":161,"column":23}},{"start":{"line":162,"column":10},"end":{"line":162,"column":49}},{"start":{"line":163,"column":10},"end":{"line":163,"column":42}},{"start":{"line":164,"column":10},"end":{"line":164,"column":46}}]},"7":{"loc":{"start":{"line":167,"column":8},"end":{"line":168,"column":65}},"type":"if","locations":[{"start":{"line":167,"column":8},"end":{"line":168,"column":65}},{"start":{},"end":{}}]}},"s":{"0":4,"1":4,"2":4,"3":4,"4":3,"5":3,"6":3,"7":3,"8":3,"9":3,"10":3,"11":1,"12":2,"13":2,"14":1,"15":3,"16":3,"17":2,"18":2,"19":0,"20":2,"21":2,"22":2,"23":2,"24":2,"25":1,"26":0,"27":0,"28":0,"29":0,"30":0,"31":0,"32":0,"33":0,"34":0,"35":0,"36":0,"37":0,"38":0,"39":0,"40":0,"41":0,"42":0,"43":0,"44":0,"45":1,"46":1,"47":1,"48":0,"49":1,"50":1,"51":0,"52":1,"53":0,"54":1,"55":1,"56":1,"57":4},"f":{"0":3,"1":3,"2":3,"3":3,"4":3,"5":0,"6":0,"7":0,"8":0,"9":1,"10":1},"b":{"0":[1,2],"1":[0,2],"2":[0,0],"3":[0,0],"4":[0,1],"5":[0,1],"6":[1,1,1,1],"7":[0,1]}}
,"C:\\Users\\karie\\NodeProjects\\smart-agenda-api\\src\\modules\\auth\\dtos\\auth.dto.schema.ts": {"path":"C:\\Users\\karie\\NodeProjects\\smart-agenda-api\\src\\modules\\auth\\dtos\\auth.dto.schema.ts","statementMap":{"0":{"start":{"line":1,"column":0},"end":{"line":1,"column":67}},"1":{"start":{"line":2,"column":0},"end":{"line":2,"column":24}},"2":{"start":{"line":3,"column":0},"end":{"line":3,"column":62}},"3":{"start":{"line":5,"column":26},"end":{"line":10,"column":2}},"4":{"start":{"line":12,"column":13},"end":{"line":14,"column":4}},"5":{"start":{"line":12,"column":65},"end":{"line":14,"column":2}},"6":{"start":{"line":18,"column":20},"end":{"line":21,"column":2}},"7":{"start":{"line":23,"column":13},"end":{"line":25,"column":4}},"8":{"start":{"line":23,"column":59},"end":{"line":25,"column":2}},"9":{"start":{"line":29,"column":22},"end":{"line":31,"column":2}},"10":{"start":{"line":33,"column":13},"end":{"line":35,"column":4}},"11":{"start":{"line":33,"column":61},"end":{"line":35,"column":2}},"12":{"start":{"line":37,"column":29},"end":{"line":39,"column":2}},"13":{"start":{"line":41,"column":13},"end":{"line":43,"column":4}},"14":{"start":{"line":41,"column":68},"end":{"line":43,"column":2}},"15":{"start":{"line":47,"column":28},"end":{"line":50,"column":2}},"16":{"start":{"line":51,"column":34},"end":{"line":53,"column":2}},"17":{"start":{"line":55,"column":13},"end":{"line":58,"column":4}},"18":{"start":{"line":55,"column":67},"end":{"line":58,"column":2}}},"fnMap":{"0":{"name":"(anonymous_0)","decl":{"start":{"line":12,"column":48},"end":{"line":12,"column":49}},"loc":{"start":{"line":12,"column":65},"end":{"line":14,"column":2}}},"1":{"name":"(anonymous_1)","decl":{"start":{"line":23,"column":42},"end":{"line":23,"column":43}},"loc":{"start":{"line":23,"column":59},"end":{"line":25,"column":2}}},"2":{"name":"(anonymous_2)","decl":{"start":{"line":33,"column":44},"end":{"line":33,"column":45}},"loc":{"start":{"line":33,"column":61},"end":{"line":35,"column":2}}},"3":{"name":"(anonymous_3)","decl":{"start":{"line":41,"column":51},"end":{"line":41,"column":52}},"loc":{"start":{"line":41,"column":68},"end":{"line":43,"column":2}}},"4":{"name":"(anonymous_4)","decl":{"start":{"line":55,"column":50},"end":{"line":55,"column":51}},"loc":{"start":{"line":55,"column":67},"end":{"line":58,"column":2}}}},"branchMap":{},"s":{"0":2,"1":2,"2":2,"3":2,"4":2,"5":1,"6":2,"7":2,"8":1,"9":2,"10":2,"11":0,"12":2,"13":2,"14":0,"15":2,"16":2,"17":2,"18":0},"f":{"0":1,"1":1,"2":0,"3":0,"4":0},"b":{}}
,"C:\\Users\\karie\\NodeProjects\\smart-agenda-api\\src\\share\\middlewares\\Validation.ts": {"path":"C:\\Users\\karie\\NodeProjects\\smart-agenda-api\\src\\share\\middlewares\\Validation.ts","statementMap":{"0":{"start":{"line":14,"column":39},"end":{"line":37,"column":1}},"1":{"start":{"line":14,"column":58},"end":{"line":37,"column":1}},"2":{"start":{"line":15,"column":18},"end":{"line":15,"column":51}},"3":{"start":{"line":15,"column":44},"end":{"line":15,"column":50}},"4":{"start":{"line":17,"column":63},"end":{"line":17,"column":65}},"5":{"start":{"line":19,"column":2},"end":{"line":31,"column":5}},"6":{"start":{"line":20,"column":19},"end":{"line":20,"column":55}},"7":{"start":{"line":21,"column":4},"end":{"line":30,"column":5}},"8":{"start":{"line":22,"column":45},"end":{"line":22,"column":47}},"9":{"start":{"line":23,"column":6},"end":{"line":27,"column":9}},"10":{"start":{"line":24,"column":8},"end":{"line":24,"column":39}},"11":{"start":{"line":24,"column":32},"end":{"line":24,"column":39}},"12":{"start":{"line":25,"column":21},"end":{"line":25,"column":41}},"13":{"start":{"line":26,"column":8},"end":{"line":26,"column":37}},"14":{"start":{"line":29,"column":6},"end":{"line":29,"column":33}},"15":{"start":{"line":32,"column":2},"end":{"line":36,"column":3}},"16":{"start":{"line":33,"column":4},"end":{"line":33,"column":11}},"17":{"start":{"line":35,"column":4},"end":{"line":35,"column":51}},"18":{"start":{"line":14,"column":13},"end":{"line":14,"column":39}}},"fnMap":{"0":{"name":"(anonymous_0)","decl":{"start":{"line":14,"column":39},"end":{"line":14,"column":40}},"loc":{"start":{"line":14,"column":58},"end":{"line":37,"column":1}}},"1":{"name":"(anonymous_1)","decl":{"start":{"line":14,"column":58},"end":{"line":14,"column":59}},"loc":{"start":{"line":14,"column":77},"end":{"line":37,"column":1}}},"2":{"name":"(anonymous_2)","decl":{"start":{"line":15,"column":32},"end":{"line":15,"column":33}},"loc":{"start":{"line":15,"column":44},"end":{"line":15,"column":50}}},"3":{"name":"(anonymous_3)","decl":{"start":{"line":19,"column":34},"end":{"line":19,"column":35}},"loc":{"start":{"line":19,"column":52},"end":{"line":31,"column":3}}},"4":{"name":"(anonymous_4)","decl":{"start":{"line":23,"column":34},"end":{"line":23,"column":35}},"loc":{"start":{"line":23,"column":44},"end":{"line":27,"column":7}}}},"branchMap":{"0":{"loc":{"start":{"line":21,"column":4},"end":{"line":30,"column":5}},"type":"if","locations":[{"start":{"line":21,"column":4},"end":{"line":30,"column":5}},{"start":{},"end":{}}]},"1":{"loc":{"start":{"line":24,"column":8},"end":{"line":24,"column":39}},"type":"if","locations":[{"start":{"line":24,"column":8},"end":{"line":24,"column":39}},{"start":{},"end":{}}]},"2":{"loc":{"start":{"line":32,"column":2},"end":{"line":36,"column":3}},"type":"if","locations":[{"start":{"line":32,"column":2},"end":{"line":36,"column":3}},{"start":{"line":34,"column":9},"end":{"line":36,"column":3}}]}},"s":{"0":2,"1":12,"2":3,"3":3,"4":3,"5":3,"6":3,"7":3,"8":0,"9":0,"10":0,"11":0,"12":0,"13":0,"14":0,"15":3,"16":3,"17":0,"18":2},"f":{"0":12,"1":3,"2":3,"3":3,"4":0},"b":{"0":[0,3],"1":[0,0],"2":[3,0]}}
,"C:\\Users\\karie\\NodeProjects\\smart-agenda-api\\src\\share\\services\\CryptoService.ts": {"path":"C:\\Users\\karie\\NodeProjects\\smart-agenda-api\\src\\share\\services\\CryptoService.ts","statementMap":{"0":{"start":{"line":1,"column":0},"end":{"line":1,"column":50}},"1":{"start":{"line":3,"column":21},"end":{"line":3,"column":22}},"2":{"start":{"line":7,"column":30},"end":{"line":7,"column":57}},"3":{"start":{"line":8,"column":8},"end":{"line":8,"column":null}},"4":{"start":{"line":11,"column":8},"end":{"line":11,"column":null}},"5":{"start":{"line":5,"column":0},"end":{"line":5,"column":13}}},"fnMap":{"0":{"name":"(anonymous_0)","decl":{"start":{"line":6,"column":11},"end":{"line":6,"column":16}},"loc":{"start":{"line":6,"column":42},"end":{"line":9,"column":5}}},"1":{"name":"(anonymous_1)","decl":{"start":{"line":10,"column":11},"end":{"line":10,"column":16}},"loc":{"start":{"line":10,"column":66},"end":{"line":12,"column":5}}}},"branchMap":{},"s":{"0":4,"1":4,"2":7,"3":7,"4":2,"5":4},"f":{"0":7,"1":2},"b":{}}
,"C:\\Users\\karie\\NodeProjects\\smart-agenda-api\\src\\share\\services\\JWTService.ts": {"path":"C:\\Users\\karie\\NodeProjects\\smart-agenda-api\\src\\share\\services\\JWTService.ts","statementMap":{"0":{"start":{"line":1,"column":0},"end":{"line":1,"column":31}},"1":{"start":{"line":2,"column":0},"end":{"line":2,"column":39}},"2":{"start":{"line":10,"column":19},"end":{"line":10,"column":24}},"3":{"start":{"line":19,"column":4},"end":{"line":19,"column":47}},"4":{"start":{"line":19,"column":17},"end":{"line":19,"column":47}},"5":{"start":{"line":20,"column":4},"end":{"line":27,"column":5}},"6":{"start":{"line":21,"column":21},"end":{"line":23,"column":8}},"7":{"start":{"line":24,"column":6},"end":{"line":24,"column":20}},"8":{"start":{"line":26,"column":6},"end":{"line":26,"column":31}},"9":{"start":{"line":35,"column":4},"end":{"line":35,"column":47}},"10":{"start":{"line":35,"column":17},"end":{"line":35,"column":47}},"11":{"start":{"line":36,"column":4},"end":{"line":44,"column":5}},"12":{"start":{"line":37,"column":22},"end":{"line":37,"column":47}},"13":{"start":{"line":38,"column":6},"end":{"line":40,"column":7}},"14":{"start":{"line":39,"column":8},"end":{"line":39,"column":31}},"15":{"start":{"line":41,"column":6},"end":{"line":41,"column":33}},"16":{"start":{"line":43,"column":6},"end":{"line":43,"column":33}},"17":{"start":{"line":12,"column":0},"end":{"line":12,"column":13}}},"fnMap":{"0":{"name":"(anonymous_1)","decl":{"start":{"line":13,"column":9},"end":{"line":13,"column":14}},"loc":{"start":{"line":15,"column":24},"end":{"line":28,"column":3}}},"1":{"name":"(anonymous_2)","decl":{"start":{"line":30,"column":9},"end":{"line":30,"column":14}},"loc":{"start":{"line":31,"column":17},"end":{"line":45,"column":3}}}},"branchMap":{"0":{"loc":{"start":{"line":15,"column":4},"end":{"line":15,"column":24}},"type":"default-arg","locations":[{"start":{"line":15,"column":22},"end":{"line":15,"column":24}}]},"1":{"loc":{"start":{"line":19,"column":4},"end":{"line":19,"column":47}},"type":"if","locations":[{"start":{"line":19,"column":4},"end":{"line":19,"column":47}},{"start":{},"end":{}}]},"2":{"loc":{"start":{"line":35,"column":4},"end":{"line":35,"column":47}},"type":"if","locations":[{"start":{"line":35,"column":4},"end":{"line":35,"column":47}},{"start":{},"end":{}}]},"3":{"loc":{"start":{"line":38,"column":6},"end":{"line":40,"column":7}},"type":"if","locations":[{"start":{"line":38,"column":6},"end":{"line":40,"column":7}},{"start":{},"end":{}}]}},"s":{"0":4,"1":4,"2":4,"3":2,"4":0,"5":2,"6":2,"7":2,"8":0,"9":0,"10":0,"11":0,"12":0,"13":0,"14":0,"15":0,"16":0,"17":4},"f":{"0":2,"1":0},"b":{"0":[0],"1":[0,2],"2":[0,0],"3":[0,0]}}
,"C:\\Users\\karie\\NodeProjects\\smart-agenda-api\\src\\share\\utils\\masks.ts": {"path":"C:\\Users\\karie\\NodeProjects\\smart-agenda-api\\src\\share\\utils\\masks.ts","statementMap":{"0":{"start":{"line":3,"column":28},"end":{"line":3,"column":44}},"1":{"start":{"line":4,"column":17},"end":{"line":4,"column":33}},"2":{"start":{"line":5,"column":19},"end":{"line":5,"column":46}},"3":{"start":{"line":6,"column":4},"end":{"line":6,"column":41}},"4":{"start":{"line":1,"column":0},"end":{"line":1,"column":13}}},"fnMap":{"0":{"name":"(anonymous_0)","decl":{"start":{"line":2,"column":9},"end":{"line":2,"column":14}},"loc":{"start":{"line":2,"column":28},"end":{"line":7,"column":3}}}},"branchMap":{},"s":{"0":4,"1":3,"2":3,"3":3,"4":5},"f":{"0":4},"b":{}}
,"C:\\Users\\karie\\NodeProjects\\smart-agenda-api\\src\\share\\utils\\schemasVars.ts": {"path":"C:\\Users\\karie\\NodeProjects\\smart-agenda-api\\src\\share\\utils\\schemasVars.ts","statementMap":{"0":{"start":{"line":1,"column":0},"end":{"line":1,"column":24}},"1":{"start":{"line":3,"column":13},"end":{"line":3,"column":92}},"2":{"start":{"line":4,"column":14},"end":{"line":4,"column":109}},"3":{"start":{"line":5,"column":17},"end":{"line":5,"column":114}},"4":{"start":{"line":6,"column":15},"end":{"line":6,"column":45}},"5":{"start":{"line":7,"column":11},"end":{"line":7,"column":42}},"6":{"start":{"line":8,"column":12},"end":{"line":8,"column":44}},"7":{"start":{"line":10,"column":15},"end":{"line":17,"column":null}}},"fnMap":{},"branchMap":{},"s":{"0":2,"1":2,"2":2,"3":2,"4":2,"5":2,"6":2,"7":2},"f":{},"b":{}}
}
