{"C:\\Users\\karie\\NodeProjects\\smart-agenda-api\\src\\app.ts": {"path":"C:\\Users\\karie\\NodeProjects\\smart-agenda-api\\src\\app.ts","statementMap":{"0":{"start":{"line":1,"column":0},"end":{"line":1,"column":29}},"1":{"start":{"line":2,"column":0},"end":{"line":2,"column":23}},"2":{"start":{"line":3,"column":0},"end":{"line":3,"column":35}},"3":{"start":{"line":4,"column":0},"end":{"line":4,"column":34}},"4":{"start":{"line":5,"column":0},"end":{"line":5,"column":58}},"5":{"start":{"line":6,"column":0},"end":{"line":6,"column":48}},"6":{"start":{"line":7,"column":0},"end":{"line":7,"column":40}},"7":{"start":{"line":9,"column":25},"end":{"line":9,"column":30}},"8":{"start":{"line":10,"column":12},"end":{"line":10,"column":21}},"9":{"start":{"line":31,"column":9},"end":{"line":31,"column":12}},"10":{"start":{"line":12,"column":0},"end":{"line":19,"column":2}},"11":{"start":{"line":21,"column":0},"end":{"line":21,"column":null}},"12":{"start":{"line":22,"column":0},"end":{"line":22,"column":null}},"13":{"start":{"line":23,"column":0},"end":{"line":23,"column":24}},"14":{"start":{"line":26,"column":0},"end":{"line":26,"column":null}},"15":{"start":{"line":27,"column":0},"end":{"line":27,"column":null}},"16":{"start":{"line":29,"column":0},"end":{"line":29,"column":18}}},"fnMap":{},"branchMap":{},"s":{"0":1,"1":1,"2":1,"3":1,"4":1,"5":1,"6":1,"7":1,"8":1,"9":1,"10":1,"11":1,"12":1,"13":1,"14":1,"15":1,"16":1},"f":{},"b":{}}
,"C:\\Users\\karie\\NodeProjects\\smart-agenda-api\\src\\routes.ts": {"path":"C:\\Users\\karie\\NodeProjects\\smart-agenda-api\\src\\routes.ts","statementMap":{"0":{"start":{"line":1,"column":0},"end":{"line":1,"column":51}},"1":{"start":{"line":2,"column":0},"end":{"line":2,"column":53}},"2":{"start":{"line":3,"column":0},"end":{"line":3,"column":65}},"3":{"start":{"line":4,"column":0},"end":{"line":4,"column":78}},"4":{"start":{"line":5,"column":0},"end":{"line":5,"column":63}},"5":{"start":{"line":6,"column":0},"end":{"line":6,"column":60}},"6":{"start":{"line":7,"column":0},"end":{"line":7,"column":80}},"7":{"start":{"line":8,"column":0},"end":{"line":8,"column":74}},"8":{"start":{"line":9,"column":0},"end":{"line":9,"column":71}},"9":{"start":{"line":11,"column":15},"end":{"line":11,"column":23}},"10":{"start":{"line":26,"column":9},"end":{"line":26,"column":15}},"11":{"start":{"line":13,"column":0},"end":{"line":15,"column":null}},"12":{"start":{"line":14,"column":4},"end":{"line":14,"column":null}},"13":{"start":{"line":17,"column":0},"end":{"line":17,"column":null}},"14":{"start":{"line":18,"column":0},"end":{"line":18,"column":null}},"15":{"start":{"line":19,"column":0},"end":{"line":19,"column":null}},"16":{"start":{"line":20,"column":0},"end":{"line":20,"column":null}},"17":{"start":{"line":21,"column":0},"end":{"line":21,"column":null}},"18":{"start":{"line":22,"column":0},"end":{"line":22,"column":null}},"19":{"start":{"line":23,"column":0},"end":{"line":23,"column":null}},"20":{"start":{"line":24,"column":0},"end":{"line":24,"column":null}}},"fnMap":{"0":{"name":"(anonymous_0)","decl":{"start":{"line":13,"column":16},"end":{"line":13,"column":17}},"loc":{"start":{"line":13,"column":49},"end":{"line":15,"column":1}}}},"branchMap":{},"s":{"0":1,"1":1,"2":1,"3":1,"4":1,"5":1,"6":1,"7":1,"8":1,"9":1,"10":1,"11":1,"12":0,"13":1,"14":1,"15":1,"16":1,"17":1,"18":1,"19":1,"20":1},"f":{"0":0},"b":{}}
,"C:\\Users\\karie\\NodeProjects\\smart-agenda-api\\src\\config\\env.ts": {"path":"C:\\Users\\karie\\NodeProjects\\smart-agenda-api\\src\\config\\env.ts","statementMap":{"0":{"start":{"line":22,"column":0},"end":{"line":22,"column":16}},"1":{"start":{"line":1,"column":0},"end":{"line":1,"column":28}},"2":{"start":{"line":2,"column":0},"end":{"line":2,"column":24}},"3":{"start":{"line":3,"column":0},"end":{"line":3,"column":51}},"4":{"start":{"line":5,"column":16},"end":{"line":5,"column":53}},"5":{"start":{"line":6,"column":16},"end":{"line":6,"column":62}},"6":{"start":{"line":8,"column":0},"end":{"line":8,"column":33}},"7":{"start":{"line":11,"column":14},"end":{"line":11,"column":30}},"8":{"start":{"line":12,"column":2},"end":{"line":18,"column":6}},"9":{"start":{"line":13,"column":4},"end":{"line":18,"column":6}},"10":{"start":{"line":19,"column":2},"end":{"line":19,"column":13}},"11":{"start":{"line":23,"column":20},"end":{"line":23,"column":98}},"12":{"start":{"line":25,"column":4},"end":{"line":29,"column":null}},"13":{"start":{"line":26,"column":8},"end":{"line":28,"column":9}},"14":{"start":{"line":27,"column":13},"end":{"line":27,"column":null}},"15":{"start":{"line":31,"column":4},"end":{"line":38,"column":null}}},"fnMap":{"0":{"name":"getRequireVars","decl":{"start":{"line":10,"column":9},"end":{"line":10,"column":23}},"loc":{"start":{"line":10,"column":35},"end":{"line":20,"column":1}}},"1":{"name":"env","decl":{"start":{"line":22,"column":16},"end":{"line":22,"column":19}},"loc":{"start":{"line":22,"column":19},"end":{"line":40,"column":1}}},"2":{"name":"(anonymous_3)","decl":{"start":{"line":25,"column":20},"end":{"line":25,"column":21}},"loc":{"start":{"line":25,"column":27},"end":{"line":29,"column":5}}}},"branchMap":{"0":{"loc":{"start":{"line":5,"column":16},"end":{"line":5,"column":53}},"type":"binary-expr","locations":[{"start":{"line":5,"column":16},"end":{"line":5,"column":36}},{"start":{"line":5,"column":40},"end":{"line":5,"column":53}}]},"1":{"loc":{"start":{"line":12,"column":2},"end":{"line":18,"column":6}},"type":"if","locations":[{"start":{"line":12,"column":2},"end":{"line":18,"column":6}},{"start":{},"end":{}}]},"2":{"loc":{"start":{"line":26,"column":8},"end":{"line":28,"column":9}},"type":"if","locations":[{"start":{"line":26,"column":8},"end":{"line":28,"column":9}},{"start":{},"end":{}}]},"3":{"loc":{"start":{"line":32,"column":12},"end":{"line":32,"column":50}},"type":"binary-expr","locations":[{"start":{"line":32,"column":12},"end":{"line":32,"column":42}},{"start":{"line":32,"column":46},"end":{"line":32,"column":50}}]}},"s":{"0":1,"1":1,"2":1,"3":1,"4":1,"5":1,"6":1,"7":48,"8":48,"9":0,"10":48,"11":8,"12":8,"13":48,"14":0,"15":8},"f":{"0":48,"1":8,"2":48},"b":{"0":[1,0],"1":[0,48],"2":[0,48],"3":[8,0]}}
,"C:\\Users\\karie\\NodeProjects\\smart-agenda-api\\src\\config\\swagger.ts": {"path":"C:\\Users\\karie\\NodeProjects\\smart-agenda-api\\src\\config\\swagger.ts","statementMap":{"0":{"start":{"line":1,"column":0},"end":{"line":1,"column":41}},"1":{"start":{"line":2,"column":0},"end":{"line":2,"column":43}},"2":{"start":{"line":4,"column":0},"end":{"line":4,"column":28}},"3":{"start":{"line":6,"column":24},"end":{"line":6,"column":29}},"4":{"start":{"line":8,"column":38},"end":{"line":29,"column":2}},"5":{"start":{"line":31,"column":20},"end":{"line":31,"column":41}},"6":{"start":{"line":33,"column":28},"end":{"line":36,"column":1}},"7":{"start":{"line":34,"column":2},"end":{"line":34,"column":77}},"8":{"start":{"line":35,"column":2},"end":{"line":35,"column":72}},"9":{"start":{"line":33,"column":13},"end":{"line":33,"column":28}}},"fnMap":{"0":{"name":"(anonymous_1)","decl":{"start":{"line":33,"column":28},"end":{"line":33,"column":29}},"loc":{"start":{"line":33,"column":45},"end":{"line":36,"column":1}}}},"branchMap":{},"s":{"0":1,"1":1,"2":1,"3":1,"4":1,"5":1,"6":1,"7":1,"8":1,"9":1},"f":{"0":1},"b":{}}
,"C:\\Users\\karie\\NodeProjects\\smart-agenda-api\\src\\core\\errors\\AppError.ts": {"path":"C:\\Users\\karie\\NodeProjects\\smart-agenda-api\\src\\core\\errors\\AppError.ts","statementMap":{"0":{"start":{"line":12,"column":4},"end":{"line":12,"column":19}},"1":{"start":{"line":14,"column":4},"end":{"line":14,"column":33}},"2":{"start":{"line":15,"column":4},"end":{"line":15,"column":39}},"3":{"start":{"line":16,"column":4},"end":{"line":16,"column":27}},"4":{"start":{"line":18,"column":4},"end":{"line":18,"column":52}},"5":{"start":{"line":1,"column":0},"end":{"line":1,"column":13}}},"fnMap":{"0":{"name":"(anonymous_0)","decl":{"start":{"line":6,"column":2},"end":{"line":6,"column":null}},"loc":{"start":{"line":10,"column":20},"end":{"line":19,"column":3}}}},"branchMap":{"0":{"loc":{"start":{"line":8,"column":4},"end":{"line":8,"column":20}},"type":"default-arg","locations":[{"start":{"line":8,"column":17},"end":{"line":8,"column":20}}]},"1":{"loc":{"start":{"line":9,"column":4},"end":{"line":9,"column":24}},"type":"default-arg","locations":[{"start":{"line":9,"column":20},"end":{"line":9,"column":24}}]}},"s":{"0":2,"1":2,"2":2,"3":2,"4":2,"5":1},"f":{"0":2},"b":{"0":[0],"1":[1]}}
,"C:\\Users\\karie\\NodeProjects\\smart-agenda-api\\src\\core\\errors\\errorHandler.ts": {"path":"C:\\Users\\karie\\NodeProjects\\smart-agenda-api\\src\\core\\errors\\errorHandler.ts","statementMap":{"0":{"start":{"line":8,"column":0},"end":{"line":8,"column":16}},"1":{"start":{"line":2,"column":0},"end":{"line":2,"column":38}},"2":{"start":{"line":3,"column":0},"end":{"line":3,"column":39}},"3":{"start":{"line":5,"column":18},"end":{"line":5,"column":23}},"4":{"start":{"line":6,"column":14},"end":{"line":6,"column":30}},"5":{"start":{"line":16,"column":2},"end":{"line":26,"column":3}},"6":{"start":{"line":18,"column":4},"end":{"line":20,"column":6}},"7":{"start":{"line":22,"column":4},"end":{"line":25,"column":7}},"8":{"start":{"line":29,"column":2},"end":{"line":32,"column":4}},"9":{"start":{"line":34,"column":2},"end":{"line":37,"column":5}}},"fnMap":{"0":{"name":"errorHandler","decl":{"start":{"line":8,"column":16},"end":{"line":8,"column":28}},"loc":{"start":{"line":12,"column":21},"end":{"line":38,"column":1}}}},"branchMap":{"0":{"loc":{"start":{"line":16,"column":2},"end":{"line":26,"column":3}},"type":"if","locations":[{"start":{"line":16,"column":2},"end":{"line":26,"column":3}},{"start":{},"end":{}}]},"1":{"loc":{"start":{"line":19,"column":21},"end":{"line":19,"column":41}},"type":"binary-expr","locations":[{"start":{"line":19,"column":21},"end":{"line":19,"column":32}},{"start":{"line":19,"column":36},"end":{"line":19,"column":41}}]},"2":{"loc":{"start":{"line":31,"column":4},"end":{"line":31,"column":26}},"type":"cond-expr","locations":[{"start":{"line":31,"column":12},"end":{"line":31,"column":21}},{"start":{"line":31,"column":24},"end":{"line":31,"column":26}}]}},"s":{"0":1,"1":1,"2":1,"3":1,"4":1,"5":2,"6":2,"7":2,"8":0,"9":0},"f":{"0":2},"b":{"0":[2,0],"1":[2,1],"2":[0,0]}}
,"C:\\Users\\karie\\NodeProjects\\smart-agenda-api\\src\\core\\handlers\\executeHandler.ts": {"path":"C:\\Users\\karie\\NodeProjects\\smart-agenda-api\\src\\core\\handlers\\executeHandler.ts","statementMap":{"0":{"start":{"line":1,"column":0},"end":{"line":1,"column":46}},"1":{"start":{"line":5,"column":21},"end":{"line":5,"column":53}},"2":{"start":{"line":6,"column":21},"end":{"line":6,"column":43}},"3":{"start":{"line":10,"column":4},"end":{"line":12,"column":16}},"4":{"start":{"line":21,"column":25},"end":{"line":21,"column":52}},"5":{"start":{"line":23,"column":4},"end":{"line":47,"column":5}},"6":{"start":{"line":24,"column":21},"end":{"line":24,"column":31}},"7":{"start":{"line":26,"column":6},"end":{"line":33,"column":7}},"8":{"start":{"line":27,"column":8},"end":{"line":32,"column":10}},"9":{"start":{"line":35,"column":6},"end":{"line":35,"column":20}},"10":{"start":{"line":37,"column":6},"end":{"line":37,"column":78}},"11":{"start":{"line":39,"column":6},"end":{"line":39,"column":49}},"12":{"start":{"line":39,"column":37},"end":{"line":39,"column":49}},"13":{"start":{"line":41,"column":6},"end":{"line":46,"column":8}},"14":{"start":{"line":56,"column":25},"end":{"line":56,"column":52}},"15":{"start":{"line":58,"column":4},"end":{"line":71,"column":5}},"16":{"start":{"line":59,"column":6},"end":{"line":59,"column":24}},"17":{"start":{"line":61,"column":6},"end":{"line":61,"column":78}},"18":{"start":{"line":63,"column":6},"end":{"line":63,"column":49}},"19":{"start":{"line":63,"column":37},"end":{"line":63,"column":49}},"20":{"start":{"line":65,"column":6},"end":{"line":70,"column":8}},"21":{"start":{"line":3,"column":0},"end":{"line":3,"column":13}}},"fnMap":{"0":{"name":"(anonymous_0)","decl":{"start":{"line":4,"column":2},"end":{"line":4,"column":null}},"loc":{"start":{"line":6,"column":43},"end":{"line":7,"column":6}}},"1":{"name":"(anonymous_1)","decl":{"start":{"line":9,"column":10},"end":{"line":9,"column":23}},"loc":{"start":{"line":9,"column":39},"end":{"line":13,"column":3}}},"2":{"name":"(anonymous_2)","decl":{"start":{"line":15,"column":9},"end":{"line":15,"column":14}},"loc":{"start":{"line":19,"column":27},"end":{"line":48,"column":3}}},"3":{"name":"(anonymous_3)","decl":{"start":{"line":50,"column":9},"end":{"line":50,"column":14}},"loc":{"start":{"line":54,"column":27},"end":{"line":72,"column":3}}}},"branchMap":{"0":{"loc":{"start":{"line":5,"column":21},"end":{"line":5,"column":57}},"type":"default-arg","locations":[{"start":{"line":5,"column":53},"end":{"line":5,"column":57}}]},"1":{"loc":{"start":{"line":10,"column":11},"end":{"line":12,"column":15}},"type":"cond-expr","locations":[{"start":{"line":11,"column":8},"end":{"line":11,"column":42}},{"start":{"line":12,"column":8},"end":{"line":12,"column":15}}]},"2":{"loc":{"start":{"line":26,"column":6},"end":{"line":33,"column":7}},"type":"if","locations":[{"start":{"line":26,"column":6},"end":{"line":33,"column":7}},{"start":{},"end":{}}]},"3":{"loc":{"start":{"line":30,"column":10},"end":{"line":30,"column":52}},"type":"binary-expr","locations":[{"start":{"line":30,"column":10},"end":{"line":30,"column":23}},{"start":{"line":30,"column":27},"end":{"line":30,"column":52}}]},"4":{"loc":{"start":{"line":39,"column":6},"end":{"line":39,"column":49}},"type":"if","locations":[{"start":{"line":39,"column":6},"end":{"line":39,"column":49}},{"start":{},"end":{}}]},"5":{"loc":{"start":{"line":44,"column":8},"end":{"line":44,"column":50}},"type":"binary-expr","locations":[{"start":{"line":44,"column":8},"end":{"line":44,"column":21}},{"start":{"line":44,"column":25},"end":{"line":44,"column":50}}]},"6":{"loc":{"start":{"line":63,"column":6},"end":{"line":63,"column":49}},"type":"if","locations":[{"start":{"line":63,"column":6},"end":{"line":63,"column":49}},{"start":{},"end":{}}]},"7":{"loc":{"start":{"line":68,"column":8},"end":{"line":68,"column":50}},"type":"binary-expr","locations":[{"start":{"line":68,"column":8},"end":{"line":68,"column":21}},{"start":{"line":68,"column":25},"end":{"line":68,"column":50}}]}},"s":{"0":1,"1":15,"2":15,"3":8,"4":4,"5":4,"6":4,"7":4,"8":0,"9":4,"10":0,"11":0,"12":0,"13":0,"14":4,"15":4,"16":4,"17":2,"18":2,"19":2,"20":0,"21":1},"f":{"0":15,"1":8,"2":4,"3":4},"b":{"0":[0],"1":[8,0],"2":[0,4],"3":[0,0],"4":[0,0],"5":[0,0],"6":[2,0],"7":[0,0]}}
,"C:\\Users\\karie\\NodeProjects\\smart-agenda-api\\src\\database\\Client.ts": {"path":"C:\\Users\\karie\\NodeProjects\\smart-agenda-api\\src\\database\\Client.ts","statementMap":{"0":{"start":{"line":1,"column":0},"end":{"line":1,"column":26}},"1":{"start":{"line":2,"column":0},"end":{"line":2,"column":35}},"2":{"start":{"line":3,"column":0},"end":{"line":3,"column":52}},"3":{"start":{"line":5,"column":25},"end":{"line":5,"column":30}},"4":{"start":{"line":7,"column":13},"end":{"line":9,"column":2}},"5":{"start":{"line":11,"column":13},"end":{"line":11,"column":null}}},"fnMap":{},"branchMap":{},"s":{"0":1,"1":1,"2":1,"3":1,"4":1,"5":1},"f":{},"b":{}}
,"C:\\Users\\karie\\NodeProjects\\smart-agenda-api\\src\\database\\Schemas.ts": {"path":"C:\\Users\\karie\\NodeProjects\\smart-agenda-api\\src\\database\\Schemas.ts","statementMap":{"0":{"start":{"line":1,"column":0},"end":{"line":1,"column":34}},"1":{"start":{"line":2,"column":0},"end":{"line":2,"column":null}},"2":{"start":{"line":13,"column":13},"end":{"line":24,"column":3}},"3":{"start":{"line":26,"column":13},"end":{"line":26,"column":79}},"4":{"start":{"line":28,"column":13},"end":{"line":43,"column":3}},"5":{"start":{"line":35,"column":22},"end":{"line":35,"column":35}},"6":{"start":{"line":45,"column":13},"end":{"line":58,"column":3}},"7":{"start":{"line":48,"column":22},"end":{"line":48,"column":30}},"8":{"start":{"line":60,"column":13},"end":{"line":73,"column":3}},"9":{"start":{"line":63,"column":22},"end":{"line":63,"column":35}},"10":{"start":{"line":75,"column":13},"end":{"line":88,"column":3}},"11":{"start":{"line":78,"column":22},"end":{"line":78,"column":35}},"12":{"start":{"line":90,"column":13},"end":{"line":105,"column":3}},"13":{"start":{"line":93,"column":22},"end":{"line":93,"column":35}},"14":{"start":{"line":107,"column":13},"end":{"line":117,"column":3}},"15":{"start":{"line":110,"column":22},"end":{"line":110,"column":38}},"16":{"start":{"line":119,"column":13},"end":{"line":125,"column":3}},"17":{"start":{"line":126,"column":13},"end":{"line":157,"column":3}},"18":{"start":{"line":129,"column":22},"end":{"line":129,"column":35}},"19":{"start":{"line":134,"column":22},"end":{"line":134,"column":38}},"20":{"start":{"line":139,"column":22},"end":{"line":139,"column":32}},"21":{"start":{"line":144,"column":22},"end":{"line":144,"column":33}},"22":{"start":{"line":159,"column":13},"end":{"line":169,"column":3}},"23":{"start":{"line":161,"column":60},"end":{"line":161,"column":74}},"24":{"start":{"line":171,"column":13},"end":{"line":175,"column":3}},"25":{"start":{"line":176,"column":13},"end":{"line":186,"column":3}},"26":{"start":{"line":178,"column":56},"end":{"line":178,"column":69}}},"fnMap":{"0":{"name":"(anonymous_0)","decl":{"start":{"line":35,"column":16},"end":{"line":35,"column":19}},"loc":{"start":{"line":35,"column":22},"end":{"line":35,"column":35}}},"1":{"name":"(anonymous_1)","decl":{"start":{"line":48,"column":16},"end":{"line":48,"column":19}},"loc":{"start":{"line":48,"column":22},"end":{"line":48,"column":30}}},"2":{"name":"(anonymous_2)","decl":{"start":{"line":63,"column":16},"end":{"line":63,"column":19}},"loc":{"start":{"line":63,"column":22},"end":{"line":63,"column":35}}},"3":{"name":"(anonymous_3)","decl":{"start":{"line":78,"column":16},"end":{"line":78,"column":19}},"loc":{"start":{"line":78,"column":22},"end":{"line":78,"column":35}}},"4":{"name":"(anonymous_4)","decl":{"start":{"line":93,"column":16},"end":{"line":93,"column":19}},"loc":{"start":{"line":93,"column":22},"end":{"line":93,"column":35}}},"5":{"name":"(anonymous_5)","decl":{"start":{"line":110,"column":16},"end":{"line":110,"column":19}},"loc":{"start":{"line":110,"column":22},"end":{"line":110,"column":38}}},"6":{"name":"(anonymous_6)","decl":{"start":{"line":129,"column":16},"end":{"line":129,"column":19}},"loc":{"start":{"line":129,"column":22},"end":{"line":129,"column":35}}},"7":{"name":"(anonymous_7)","decl":{"start":{"line":134,"column":16},"end":{"line":134,"column":19}},"loc":{"start":{"line":134,"column":22},"end":{"line":134,"column":38}}},"8":{"name":"(anonymous_8)","decl":{"start":{"line":139,"column":16},"end":{"line":139,"column":19}},"loc":{"start":{"line":139,"column":22},"end":{"line":139,"column":32}}},"9":{"name":"(anonymous_9)","decl":{"start":{"line":144,"column":16},"end":{"line":144,"column":19}},"loc":{"start":{"line":144,"column":22},"end":{"line":144,"column":33}}},"10":{"name":"(anonymous_10)","decl":{"start":{"line":161,"column":54},"end":{"line":161,"column":57}},"loc":{"start":{"line":161,"column":60},"end":{"line":161,"column":74}}},"11":{"name":"(anonymous_11)","decl":{"start":{"line":178,"column":50},"end":{"line":178,"column":53}},"loc":{"start":{"line":178,"column":56},"end":{"line":178,"column":69}}}},"branchMap":{},"s":{"0":1,"1":1,"2":1,"3":1,"4":1,"5":0,"6":1,"7":0,"8":1,"9":0,"10":1,"11":0,"12":1,"13":0,"14":1,"15":0,"16":1,"17":1,"18":0,"19":0,"20":0,"21":0,"22":1,"23":0,"24":1,"25":1,"26":0},"f":{"0":0,"1":0,"2":0,"3":0,"4":0,"5":0,"6":0,"7":0,"8":0,"9":0,"10":0,"11":0},"b":{}}
,"C:\\Users\\karie\\NodeProjects\\smart-agenda-api\\src\\modules\\Appointment\\appointment.controller.ts": {"path":"C:\\Users\\karie\\NodeProjects\\smart-agenda-api\\src\\modules\\Appointment\\appointment.controller.ts","statementMap":{"0":{"start":{"line":2,"column":0},"end":{"line":2,"column":54}},"1":{"start":{"line":3,"column":0},"end":{"line":3,"column":63}},"2":{"start":{"line":5,"column":20},"end":{"line":5,"column":44}},"3":{"start":{"line":7,"column":38},"end":{"line":24,"column":1}},"4":{"start":{"line":8,"column":2},"end":{"line":23,"column":3}},"5":{"start":{"line":9,"column":23},"end":{"line":9,"column":45}},"6":{"start":{"line":10,"column":19},"end":{"line":10,"column":65}},"7":{"start":{"line":12,"column":4},"end":{"line":12,"column":40}},"8":{"start":{"line":14,"column":4},"end":{"line":18,"column":5}},"9":{"start":{"line":15,"column":6},"end":{"line":17,"column":54}},"10":{"start":{"line":19,"column":4},"end":{"line":22,"column":7}},"11":{"start":{"line":7,"column":13},"end":{"line":7,"column":38}},"12":{"start":{"line":26,"column":41},"end":{"line":43,"column":1}},"13":{"start":{"line":27,"column":2},"end":{"line":42,"column":3}},"14":{"start":{"line":28,"column":21},"end":{"line":28,"column":48}},"15":{"start":{"line":29,"column":19},"end":{"line":29,"column":52}},"16":{"start":{"line":31,"column":4},"end":{"line":31,"column":40}},"17":{"start":{"line":33,"column":4},"end":{"line":37,"column":5}},"18":{"start":{"line":34,"column":6},"end":{"line":36,"column":54}},"19":{"start":{"line":38,"column":4},"end":{"line":41,"column":7}},"20":{"start":{"line":26,"column":13},"end":{"line":26,"column":41}},"21":{"start":{"line":45,"column":40},"end":{"line":61,"column":1}},"22":{"start":{"line":46,"column":2},"end":{"line":60,"column":3}},"23":{"start":{"line":47,"column":33},"end":{"line":47,"column":43}},"24":{"start":{"line":48,"column":19},"end":{"line":48,"column":91}},"25":{"start":{"line":49,"column":4},"end":{"line":49,"column":40}},"26":{"start":{"line":51,"column":4},"end":{"line":55,"column":5}},"27":{"start":{"line":52,"column":6},"end":{"line":54,"column":54}},"28":{"start":{"line":56,"column":4},"end":{"line":59,"column":7}},"29":{"start":{"line":45,"column":13},"end":{"line":45,"column":40}},"30":{"start":{"line":63,"column":38},"end":{"line":81,"column":1}},"31":{"start":{"line":64,"column":2},"end":{"line":80,"column":3}},"32":{"start":{"line":65,"column":32},"end":{"line":65,"column":42}},"33":{"start":{"line":66,"column":30},"end":{"line":66,"column":38}},"34":{"start":{"line":67,"column":19},"end":{"line":67,"column":105}},"35":{"start":{"line":69,"column":4},"end":{"line":69,"column":40}},"36":{"start":{"line":71,"column":4},"end":{"line":75,"column":5}},"37":{"start":{"line":72,"column":6},"end":{"line":74,"column":54}},"38":{"start":{"line":76,"column":4},"end":{"line":79,"column":7}},"39":{"start":{"line":63,"column":13},"end":{"line":63,"column":38}},"40":{"start":{"line":83,"column":39},"end":{"line":100,"column":1}},"41":{"start":{"line":84,"column":2},"end":{"line":99,"column":3}},"42":{"start":{"line":85,"column":33},"end":{"line":85,"column":43}},"43":{"start":{"line":86,"column":19},"end":{"line":86,"column":115}},"44":{"start":{"line":88,"column":4},"end":{"line":88,"column":40}},"45":{"start":{"line":90,"column":4},"end":{"line":94,"column":5}},"46":{"start":{"line":91,"column":6},"end":{"line":93,"column":54}},"47":{"start":{"line":95,"column":4},"end":{"line":98,"column":7}},"48":{"start":{"line":83,"column":13},"end":{"line":83,"column":39}},"49":{"start":{"line":102,"column":38},"end":{"line":119,"column":1}},"50":{"start":{"line":103,"column":2},"end":{"line":118,"column":3}},"51":{"start":{"line":104,"column":33},"end":{"line":104,"column":43}},"52":{"start":{"line":105,"column":19},"end":{"line":105,"column":128}},"53":{"start":{"line":107,"column":4},"end":{"line":107,"column":40}},"54":{"start":{"line":109,"column":4},"end":{"line":113,"column":5}},"55":{"start":{"line":110,"column":6},"end":{"line":112,"column":54}},"56":{"start":{"line":114,"column":4},"end":{"line":117,"column":7}},"57":{"start":{"line":102,"column":13},"end":{"line":102,"column":38}}},"fnMap":{"0":{"name":"(anonymous_0)","decl":{"start":{"line":7,"column":38},"end":{"line":7,"column":43}},"loc":{"start":{"line":7,"column":57},"end":{"line":24,"column":1}}},"1":{"name":"(anonymous_1)","decl":{"start":{"line":26,"column":41},"end":{"line":26,"column":46}},"loc":{"start":{"line":26,"column":60},"end":{"line":43,"column":1}}},"2":{"name":"(anonymous_2)","decl":{"start":{"line":45,"column":40},"end":{"line":45,"column":45}},"loc":{"start":{"line":45,"column":59},"end":{"line":61,"column":1}}},"3":{"name":"(anonymous_3)","decl":{"start":{"line":63,"column":38},"end":{"line":63,"column":43}},"loc":{"start":{"line":63,"column":57},"end":{"line":81,"column":1}}},"4":{"name":"(anonymous_4)","decl":{"start":{"line":83,"column":39},"end":{"line":83,"column":44}},"loc":{"start":{"line":83,"column":58},"end":{"line":100,"column":1}}},"5":{"name":"(anonymous_5)","decl":{"start":{"line":102,"column":38},"end":{"line":102,"column":43}},"loc":{"start":{"line":102,"column":57},"end":{"line":119,"column":1}}}},"branchMap":{"0":{"loc":{"start":{"line":14,"column":4},"end":{"line":18,"column":5}},"type":"if","locations":[{"start":{"line":14,"column":4},"end":{"line":18,"column":5}},{"start":{},"end":{}}]},"1":{"loc":{"start":{"line":33,"column":4},"end":{"line":37,"column":5}},"type":"if","locations":[{"start":{"line":33,"column":4},"end":{"line":37,"column":5}},{"start":{},"end":{}}]},"2":{"loc":{"start":{"line":51,"column":4},"end":{"line":55,"column":5}},"type":"if","locations":[{"start":{"line":51,"column":4},"end":{"line":55,"column":5}},{"start":{},"end":{}}]},"3":{"loc":{"start":{"line":71,"column":4},"end":{"line":75,"column":5}},"type":"if","locations":[{"start":{"line":71,"column":4},"end":{"line":75,"column":5}},{"start":{},"end":{}}]},"4":{"loc":{"start":{"line":90,"column":4},"end":{"line":94,"column":5}},"type":"if","locations":[{"start":{"line":90,"column":4},"end":{"line":94,"column":5}},{"start":{},"end":{}}]},"5":{"loc":{"start":{"line":109,"column":4},"end":{"line":113,"column":5}},"type":"if","locations":[{"start":{"line":109,"column":4},"end":{"line":113,"column":5}},{"start":{},"end":{}}]}},"s":{"0":1,"1":1,"2":1,"3":1,"4":0,"5":0,"6":0,"7":0,"8":0,"9":0,"10":0,"11":1,"12":1,"13":0,"14":0,"15":0,"16":0,"17":0,"18":0,"19":0,"20":1,"21":1,"22":0,"23":0,"24":0,"25":0,"26":0,"27":0,"28":0,"29":1,"30":1,"31":0,"32":0,"33":0,"34":0,"35":0,"36":0,"37":0,"38":0,"39":1,"40":1,"41":0,"42":0,"43":0,"44":0,"45":0,"46":0,"47":0,"48":1,"49":1,"50":0,"51":0,"52":0,"53":0,"54":0,"55":0,"56":0,"57":1},"f":{"0":0,"1":0,"2":0,"3":0,"4":0,"5":0},"b":{"0":[0,0],"1":[0,0],"2":[0,0],"3":[0,0],"4":[0,0],"5":[0,0]}}
,"C:\\Users\\karie\\NodeProjects\\smart-agenda-api\\src\\modules\\Appointment\\appointment.factory.ts": {"path":"C:\\Users\\karie\\NodeProjects\\smart-agenda-api\\src\\modules\\Appointment\\appointment.factory.ts","statementMap":{"0":{"start":{"line":5,"column":0},"end":{"line":5,"column":16}},"1":{"start":{"line":1,"column":0},"end":{"line":1,"column":67}},"2":{"start":{"line":2,"column":0},"end":{"line":2,"column":64}},"3":{"start":{"line":3,"column":0},"end":{"line":3,"column":58}},"4":{"start":{"line":6,"column":21},"end":{"line":6,"column":56}},"5":{"start":{"line":7,"column":21},"end":{"line":7,"column":55}},"6":{"start":{"line":9,"column":8},"end":{"line":9,"column":null}}},"fnMap":{"0":{"name":"makeAppointmentService","decl":{"start":{"line":5,"column":16},"end":{"line":5,"column":38}},"loc":{"start":{"line":5,"column":38},"end":{"line":10,"column":1}}}},"branchMap":{},"s":{"0":1,"1":1,"2":1,"3":1,"4":1,"5":1,"6":1},"f":{"0":1},"b":{}}
,"C:\\Users\\karie\\NodeProjects\\smart-agenda-api\\src\\modules\\Appointment\\appointment.repository.ts": {"path":"C:\\Users\\karie\\NodeProjects\\smart-agenda-api\\src\\modules\\Appointment\\appointment.repository.ts","statementMap":{"0":{"start":{"line":1,"column":0},"end":{"line":1,"column":33}},"1":{"start":{"line":3,"column":0},"end":{"line":3,"column":43}},"2":{"start":{"line":5,"column":0},"end":{"line":5,"column":53}},"3":{"start":{"line":8,"column":31},"end":{"line":8,"column":54}},"4":{"start":{"line":11,"column":4},"end":{"line":18,"column":6}},"5":{"start":{"line":13,"column":23},"end":{"line":13,"column":76}},"6":{"start":{"line":14,"column":8},"end":{"line":14,"column":25}},"7":{"start":{"line":22,"column":4},"end":{"line":33,"column":6}},"8":{"start":{"line":24,"column":23},"end":{"line":27,"column":44}},"9":{"start":{"line":29,"column":8},"end":{"line":29,"column":22}},"10":{"start":{"line":37,"column":4},"end":{"line":45,"column":6}},"11":{"start":{"line":39,"column":23},"end":{"line":39,"column":58}},"12":{"start":{"line":41,"column":8},"end":{"line":41,"column":22}},"13":{"start":{"line":49,"column":4},"end":{"line":61,"column":6}},"14":{"start":{"line":51,"column":23},"end":{"line":55,"column":22}},"15":{"start":{"line":57,"column":8},"end":{"line":57,"column":25}},"16":{"start":{"line":65,"column":4},"end":{"line":76,"column":6}},"17":{"start":{"line":67,"column":23},"end":{"line":70,"column":22}},"18":{"start":{"line":72,"column":8},"end":{"line":72,"column":25}},"19":{"start":{"line":7,"column":0},"end":{"line":7,"column":13}}},"fnMap":{"0":{"name":"(anonymous_0)","decl":{"start":{"line":8,"column":2},"end":{"line":8,"column":31}},"loc":{"start":{"line":8,"column":54},"end":{"line":8,"column":58}}},"1":{"name":"(anonymous_1)","decl":{"start":{"line":10,"column":9},"end":{"line":10,"column":15}},"loc":{"start":{"line":10,"column":39},"end":{"line":19,"column":3}}},"2":{"name":"(anonymous_2)","decl":{"start":{"line":12,"column":6},"end":{"line":12,"column":11}},"loc":{"start":{"line":12,"column":17},"end":{"line":15,"column":7}}},"3":{"name":"(anonymous_3)","decl":{"start":{"line":21,"column":9},"end":{"line":21,"column":18}},"loc":{"start":{"line":21,"column":31},"end":{"line":34,"column":3}}},"4":{"name":"(anonymous_4)","decl":{"start":{"line":23,"column":6},"end":{"line":23,"column":11}},"loc":{"start":{"line":23,"column":17},"end":{"line":30,"column":7}}},"5":{"name":"(anonymous_5)","decl":{"start":{"line":36,"column":9},"end":{"line":36,"column":15}},"loc":{"start":{"line":36,"column":15},"end":{"line":46,"column":3}}},"6":{"name":"(anonymous_6)","decl":{"start":{"line":38,"column":6},"end":{"line":38,"column":11}},"loc":{"start":{"line":38,"column":17},"end":{"line":42,"column":7}}},"7":{"name":"(anonymous_7)","decl":{"start":{"line":48,"column":9},"end":{"line":48,"column":15}},"loc":{"start":{"line":48,"column":63},"end":{"line":62,"column":3}}},"8":{"name":"(anonymous_8)","decl":{"start":{"line":50,"column":6},"end":{"line":50,"column":11}},"loc":{"start":{"line":50,"column":17},"end":{"line":58,"column":7}}},"9":{"name":"(anonymous_9)","decl":{"start":{"line":64,"column":9},"end":{"line":64,"column":15}},"loc":{"start":{"line":64,"column":38},"end":{"line":77,"column":3}}},"10":{"name":"(anonymous_10)","decl":{"start":{"line":66,"column":6},"end":{"line":66,"column":11}},"loc":{"start":{"line":66,"column":17},"end":{"line":73,"column":7}}}},"branchMap":{},"s":{"0":1,"1":1,"2":1,"3":1,"4":0,"5":0,"6":0,"7":0,"8":0,"9":0,"10":0,"11":0,"12":0,"13":0,"14":0,"15":0,"16":0,"17":0,"18":0,"19":1},"f":{"0":1,"1":0,"2":0,"3":0,"4":0,"5":0,"6":0,"7":0,"8":0,"9":0,"10":0},"b":{}}
,"C:\\Users\\karie\\NodeProjects\\smart-agenda-api\\src\\modules\\Appointment\\appointment.route.ts": {"path":"C:\\Users\\karie\\NodeProjects\\smart-agenda-api\\src\\modules\\Appointment\\appointment.route.ts","statementMap":{"0":{"start":{"line":1,"column":0},"end":{"line":1,"column":33}},"1":{"start":{"line":2,"column":0},"end":{"line":2,"column":96}},"2":{"start":{"line":3,"column":0},"end":{"line":3,"column":153}},"3":{"start":{"line":5,"column":25},"end":{"line":5,"column":33}},"4":{"start":{"line":14,"column":9},"end":{"line":14,"column":25}},"5":{"start":{"line":7,"column":0},"end":{"line":7,"column":null}},"6":{"start":{"line":8,"column":0},"end":{"line":8,"column":null}},"7":{"start":{"line":9,"column":0},"end":{"line":9,"column":null}},"8":{"start":{"line":10,"column":0},"end":{"line":10,"column":null}},"9":{"start":{"line":11,"column":0},"end":{"line":11,"column":null}},"10":{"start":{"line":12,"column":0},"end":{"line":12,"column":null}}},"fnMap":{},"branchMap":{},"s":{"0":1,"1":1,"2":1,"3":1,"4":1,"5":1,"6":1,"7":1,"8":1,"9":1,"10":1},"f":{},"b":{}}
,"C:\\Users\\karie\\NodeProjects\\smart-agenda-api\\src\\modules\\Appointment\\appointment.service.ts": {"path":"C:\\Users\\karie\\NodeProjects\\smart-agenda-api\\src\\modules\\Appointment\\appointment.service.ts","statementMap":{"0":{"start":{"line":1,"column":0},"end":{"line":1,"column":54}},"1":{"start":{"line":12,"column":21},"end":{"line":12,"column":44}},"2":{"start":{"line":13,"column":21},"end":{"line":13,"column":48}},"3":{"start":{"line":17,"column":4},"end":{"line":32,"column":6}},"4":{"start":{"line":19,"column":8},"end":{"line":19,"column":79}},"5":{"start":{"line":19,"column":25},"end":{"line":19,"column":79}},"6":{"start":{"line":21,"column":23},"end":{"line":26,"column":10}},"7":{"start":{"line":28,"column":8},"end":{"line":28,"column":22}},"8":{"start":{"line":36,"column":4},"end":{"line":48,"column":6}},"9":{"start":{"line":38,"column":8},"end":{"line":40,"column":7}},"10":{"start":{"line":39,"column":8},"end":{"line":39,"column":46}},"11":{"start":{"line":42,"column":23},"end":{"line":42,"column":54}},"12":{"start":{"line":44,"column":8},"end":{"line":44,"column":22}},"13":{"start":{"line":52,"column":4},"end":{"line":60,"column":6}},"14":{"start":{"line":54,"column":23},"end":{"line":54,"column":47}},"15":{"start":{"line":56,"column":8},"end":{"line":56,"column":22}},"16":{"start":{"line":67,"column":4},"end":{"line":75,"column":6}},"17":{"start":{"line":69,"column":23},"end":{"line":69,"column":68}},"18":{"start":{"line":71,"column":8},"end":{"line":71,"column":22}},"19":{"start":{"line":10,"column":0},"end":{"line":10,"column":13}}},"fnMap":{"0":{"name":"(anonymous_0)","decl":{"start":{"line":11,"column":2},"end":{"line":11,"column":null}},"loc":{"start":{"line":13,"column":48},"end":{"line":14,"column":6}}},"1":{"name":"(anonymous_1)","decl":{"start":{"line":16,"column":9},"end":{"line":16,"column":15}},"loc":{"start":{"line":16,"column":59},"end":{"line":33,"column":3}}},"2":{"name":"(anonymous_2)","decl":{"start":{"line":18,"column":6},"end":{"line":18,"column":11}},"loc":{"start":{"line":18,"column":17},"end":{"line":29,"column":7}}},"3":{"name":"(anonymous_3)","decl":{"start":{"line":35,"column":9},"end":{"line":35,"column":18}},"loc":{"start":{"line":35,"column":31},"end":{"line":49,"column":3}}},"4":{"name":"(anonymous_4)","decl":{"start":{"line":37,"column":6},"end":{"line":37,"column":11}},"loc":{"start":{"line":37,"column":17},"end":{"line":45,"column":7}}},"5":{"name":"(anonymous_5)","decl":{"start":{"line":51,"column":9},"end":{"line":51,"column":15}},"loc":{"start":{"line":51,"column":15},"end":{"line":61,"column":3}}},"6":{"name":"(anonymous_6)","decl":{"start":{"line":53,"column":6},"end":{"line":53,"column":11}},"loc":{"start":{"line":53,"column":17},"end":{"line":57,"column":7}}},"7":{"name":"(anonymous_7)","decl":{"start":{"line":63,"column":9},"end":{"line":63,"column":15}},"loc":{"start":{"line":65,"column":27},"end":{"line":76,"column":3}}},"8":{"name":"(anonymous_8)","decl":{"start":{"line":68,"column":6},"end":{"line":68,"column":11}},"loc":{"start":{"line":68,"column":17},"end":{"line":72,"column":7}}}},"branchMap":{"0":{"loc":{"start":{"line":19,"column":8},"end":{"line":19,"column":79}},"type":"if","locations":[{"start":{"line":19,"column":8},"end":{"line":19,"column":79}},{"start":{},"end":{}}]},"1":{"loc":{"start":{"line":38,"column":8},"end":{"line":40,"column":7}},"type":"if","locations":[{"start":{"line":38,"column":8},"end":{"line":40,"column":7}},{"start":{},"end":{}}]}},"s":{"0":1,"1":1,"2":1,"3":0,"4":0,"5":0,"6":0,"7":0,"8":0,"9":0,"10":0,"11":0,"12":0,"13":0,"14":0,"15":0,"16":0,"17":0,"18":0,"19":1},"f":{"0":1,"1":0,"2":0,"3":0,"4":0,"5":0,"6":0,"7":0,"8":0},"b":{"0":[0,0],"1":[0,0]}}
,"C:\\Users\\karie\\NodeProjects\\smart-agenda-api\\src\\modules\\Appointment\\dtos\\appointment.dto.schema.ts": {"path":"C:\\Users\\karie\\NodeProjects\\smart-agenda-api\\src\\modules\\Appointment\\dtos\\appointment.dto.schema.ts","statementMap":{"0":{"start":{"line":1,"column":0},"end":{"line":1,"column":23}},"1":{"start":{"line":2,"column":0},"end":{"line":2,"column":61}},"2":{"start":{"line":3,"column":0},"end":{"line":3,"column":66}},"3":{"start":{"line":5,"column":26},"end":{"line":14,"column":2}},"4":{"start":{"line":16,"column":30},"end":{"line":18,"column":2}},"5":{"start":{"line":20,"column":13},"end":{"line":22,"column":null}},"6":{"start":{"line":20,"column":69},"end":{"line":22,"column":2}},"7":{"start":{"line":24,"column":13},"end":{"line":26,"column":null}},"8":{"start":{"line":24,"column":63},"end":{"line":26,"column":2}},"9":{"start":{"line":28,"column":13},"end":{"line":30,"column":null}},"10":{"start":{"line":28,"column":69},"end":{"line":30,"column":2}},"11":{"start":{"line":32,"column":13},"end":{"line":34,"column":null}},"12":{"start":{"line":32,"column":67},"end":{"line":34,"column":2}},"13":{"start":{"line":36,"column":13},"end":{"line":39,"column":null}},"14":{"start":{"line":36,"column":69},"end":{"line":39,"column":2}},"15":{"start":{"line":41,"column":13},"end":{"line":43,"column":null}},"16":{"start":{"line":41,"column":69},"end":{"line":43,"column":2}}},"fnMap":{"0":{"name":"(anonymous_0)","decl":{"start":{"line":20,"column":52},"end":{"line":20,"column":53}},"loc":{"start":{"line":20,"column":69},"end":{"line":22,"column":2}}},"1":{"name":"(anonymous_1)","decl":{"start":{"line":24,"column":46},"end":{"line":24,"column":47}},"loc":{"start":{"line":24,"column":63},"end":{"line":26,"column":2}}},"2":{"name":"(anonymous_2)","decl":{"start":{"line":28,"column":52},"end":{"line":28,"column":53}},"loc":{"start":{"line":28,"column":69},"end":{"line":30,"column":2}}},"3":{"name":"(anonymous_3)","decl":{"start":{"line":32,"column":50},"end":{"line":32,"column":51}},"loc":{"start":{"line":32,"column":67},"end":{"line":34,"column":2}}},"4":{"name":"(anonymous_4)","decl":{"start":{"line":36,"column":52},"end":{"line":36,"column":53}},"loc":{"start":{"line":36,"column":69},"end":{"line":39,"column":2}}},"5":{"name":"(anonymous_5)","decl":{"start":{"line":41,"column":52},"end":{"line":41,"column":53}},"loc":{"start":{"line":41,"column":69},"end":{"line":43,"column":2}}}},"branchMap":{},"s":{"0":1,"1":1,"2":1,"3":1,"4":1,"5":1,"6":0,"7":1,"8":0,"9":1,"10":0,"11":1,"12":0,"13":1,"14":0,"15":1,"16":0},"f":{"0":0,"1":0,"2":0,"3":0,"4":0,"5":0},"b":{}}
,"C:\\Users\\karie\\NodeProjects\\smart-agenda-api\\src\\modules\\Availiability\\availiablility.controller.ts": {"path":"C:\\Users\\karie\\NodeProjects\\smart-agenda-api\\src\\modules\\Availiability\\availiablility.controller.ts","statementMap":{"0":{"start":{"line":2,"column":0},"end":{"line":2,"column":54}},"1":{"start":{"line":3,"column":0},"end":{"line":3,"column":69}},"2":{"start":{"line":5,"column":23},"end":{"line":5,"column":50}},"3":{"start":{"line":7,"column":38},"end":{"line":23,"column":1}},"4":{"start":{"line":8,"column":2},"end":{"line":22,"column":3}},"5":{"start":{"line":9,"column":19},"end":{"line":9,"column":56}},"6":{"start":{"line":11,"column":4},"end":{"line":11,"column":40}},"7":{"start":{"line":13,"column":4},"end":{"line":17,"column":5}},"8":{"start":{"line":14,"column":6},"end":{"line":16,"column":54}},"9":{"start":{"line":18,"column":4},"end":{"line":21,"column":7}},"10":{"start":{"line":7,"column":13},"end":{"line":7,"column":38}},"11":{"start":{"line":25,"column":39},"end":{"line":43,"column":1}},"12":{"start":{"line":26,"column":2},"end":{"line":42,"column":3}},"13":{"start":{"line":27,"column":32},"end":{"line":27,"column":42}},"14":{"start":{"line":29,"column":19},"end":{"line":29,"column":72}},"15":{"start":{"line":31,"column":4},"end":{"line":31,"column":40}},"16":{"start":{"line":33,"column":4},"end":{"line":37,"column":5}},"17":{"start":{"line":34,"column":6},"end":{"line":36,"column":54}},"18":{"start":{"line":38,"column":4},"end":{"line":41,"column":7}},"19":{"start":{"line":25,"column":13},"end":{"line":25,"column":39}},"20":{"start":{"line":45,"column":38},"end":{"line":62,"column":1}},"21":{"start":{"line":46,"column":2},"end":{"line":61,"column":3}},"22":{"start":{"line":47,"column":32},"end":{"line":47,"column":42}},"23":{"start":{"line":48,"column":19},"end":{"line":48,"column":81}},"24":{"start":{"line":50,"column":4},"end":{"line":50,"column":40}},"25":{"start":{"line":52,"column":4},"end":{"line":56,"column":5}},"26":{"start":{"line":53,"column":6},"end":{"line":55,"column":54}},"27":{"start":{"line":57,"column":4},"end":{"line":60,"column":7}},"28":{"start":{"line":45,"column":13},"end":{"line":45,"column":38}},"29":{"start":{"line":65,"column":38},"end":{"line":82,"column":1}},"30":{"start":{"line":66,"column":2},"end":{"line":81,"column":3}},"31":{"start":{"line":67,"column":32},"end":{"line":67,"column":42}},"32":{"start":{"line":68,"column":19},"end":{"line":68,"column":71}},"33":{"start":{"line":70,"column":4},"end":{"line":70,"column":40}},"34":{"start":{"line":72,"column":4},"end":{"line":76,"column":5}},"35":{"start":{"line":73,"column":6},"end":{"line":75,"column":54}},"36":{"start":{"line":77,"column":4},"end":{"line":80,"column":7}},"37":{"start":{"line":65,"column":13},"end":{"line":65,"column":38}}},"fnMap":{"0":{"name":"(anonymous_0)","decl":{"start":{"line":7,"column":38},"end":{"line":7,"column":43}},"loc":{"start":{"line":7,"column":57},"end":{"line":23,"column":1}}},"1":{"name":"(anonymous_1)","decl":{"start":{"line":25,"column":39},"end":{"line":25,"column":44}},"loc":{"start":{"line":25,"column":58},"end":{"line":43,"column":1}}},"2":{"name":"(anonymous_2)","decl":{"start":{"line":45,"column":38},"end":{"line":45,"column":43}},"loc":{"start":{"line":45,"column":57},"end":{"line":62,"column":1}}},"3":{"name":"(anonymous_3)","decl":{"start":{"line":65,"column":38},"end":{"line":65,"column":43}},"loc":{"start":{"line":65,"column":57},"end":{"line":82,"column":1}}}},"branchMap":{"0":{"loc":{"start":{"line":13,"column":4},"end":{"line":17,"column":5}},"type":"if","locations":[{"start":{"line":13,"column":4},"end":{"line":17,"column":5}},{"start":{},"end":{}}]},"1":{"loc":{"start":{"line":33,"column":4},"end":{"line":37,"column":5}},"type":"if","locations":[{"start":{"line":33,"column":4},"end":{"line":37,"column":5}},{"start":{},"end":{}}]},"2":{"loc":{"start":{"line":52,"column":4},"end":{"line":56,"column":5}},"type":"if","locations":[{"start":{"line":52,"column":4},"end":{"line":56,"column":5}},{"start":{},"end":{}}]},"3":{"loc":{"start":{"line":72,"column":4},"end":{"line":76,"column":5}},"type":"if","locations":[{"start":{"line":72,"column":4},"end":{"line":76,"column":5}},{"start":{},"end":{}}]}},"s":{"0":1,"1":1,"2":1,"3":1,"4":0,"5":0,"6":0,"7":0,"8":0,"9":0,"10":1,"11":1,"12":0,"13":0,"14":0,"15":0,"16":0,"17":0,"18":0,"19":1,"20":1,"21":0,"22":0,"23":0,"24":0,"25":0,"26":0,"27":0,"28":1,"29":1,"30":0,"31":0,"32":0,"33":0,"34":0,"35":0,"36":0,"37":1},"f":{"0":0,"1":0,"2":0,"3":0},"b":{"0":[0,0],"1":[0,0],"2":[0,0],"3":[0,0]}}
,"C:\\Users\\karie\\NodeProjects\\smart-agenda-api\\src\\modules\\Availiability\\availiablility.factory.ts": {"path":"C:\\Users\\karie\\NodeProjects\\smart-agenda-api\\src\\modules\\Availiability\\availiablility.factory.ts","statementMap":{"0":{"start":{"line":5,"column":0},"end":{"line":5,"column":16}},"1":{"start":{"line":1,"column":0},"end":{"line":1,"column":67}},"2":{"start":{"line":2,"column":0},"end":{"line":2,"column":70}},"3":{"start":{"line":3,"column":0},"end":{"line":3,"column":64}},"4":{"start":{"line":6,"column":21},"end":{"line":6,"column":56}},"5":{"start":{"line":7,"column":21},"end":{"line":7,"column":58}},"6":{"start":{"line":9,"column":8},"end":{"line":9,"column":null}}},"fnMap":{"0":{"name":"makeAvailiablilityService","decl":{"start":{"line":5,"column":16},"end":{"line":5,"column":41}},"loc":{"start":{"line":5,"column":41},"end":{"line":10,"column":1}}}},"branchMap":{},"s":{"0":1,"1":1,"2":1,"3":1,"4":1,"5":1,"6":1},"f":{"0":1},"b":{}}
,"C:\\Users\\karie\\NodeProjects\\smart-agenda-api\\src\\modules\\Availiability\\availiablility.repository.ts": {"path":"C:\\Users\\karie\\NodeProjects\\smart-agenda-api\\src\\modules\\Availiability\\availiablility.repository.ts","statementMap":{"0":{"start":{"line":1,"column":0},"end":{"line":1,"column":33}},"1":{"start":{"line":3,"column":0},"end":{"line":3,"column":43}},"2":{"start":{"line":5,"column":0},"end":{"line":5,"column":56}},"3":{"start":{"line":8,"column":31},"end":{"line":8,"column":54}},"4":{"start":{"line":11,"column":4},"end":{"line":18,"column":6}},"5":{"start":{"line":13,"column":23},"end":{"line":13,"column":79}},"6":{"start":{"line":14,"column":8},"end":{"line":14,"column":25}},"7":{"start":{"line":22,"column":4},"end":{"line":33,"column":6}},"8":{"start":{"line":24,"column":23},"end":{"line":27,"column":69}},"9":{"start":{"line":29,"column":8},"end":{"line":29,"column":25}},"10":{"start":{"line":37,"column":4},"end":{"line":45,"column":6}},"11":{"start":{"line":39,"column":23},"end":{"line":39,"column":61}},"12":{"start":{"line":41,"column":8},"end":{"line":41,"column":22}},"13":{"start":{"line":49,"column":4},"end":{"line":61,"column":6}},"14":{"start":{"line":51,"column":23},"end":{"line":55,"column":22}},"15":{"start":{"line":57,"column":8},"end":{"line":57,"column":25}},"16":{"start":{"line":65,"column":4},"end":{"line":76,"column":6}},"17":{"start":{"line":67,"column":23},"end":{"line":70,"column":22}},"18":{"start":{"line":72,"column":8},"end":{"line":72,"column":25}},"19":{"start":{"line":7,"column":0},"end":{"line":7,"column":13}}},"fnMap":{"0":{"name":"(anonymous_0)","decl":{"start":{"line":8,"column":2},"end":{"line":8,"column":31}},"loc":{"start":{"line":8,"column":54},"end":{"line":8,"column":58}}},"1":{"name":"(anonymous_1)","decl":{"start":{"line":10,"column":9},"end":{"line":10,"column":15}},"loc":{"start":{"line":10,"column":42},"end":{"line":19,"column":3}}},"2":{"name":"(anonymous_2)","decl":{"start":{"line":12,"column":6},"end":{"line":12,"column":11}},"loc":{"start":{"line":12,"column":17},"end":{"line":15,"column":7}}},"3":{"name":"(anonymous_3)","decl":{"start":{"line":21,"column":9},"end":{"line":21,"column":16}},"loc":{"start":{"line":21,"column":40},"end":{"line":34,"column":3}}},"4":{"name":"(anonymous_4)","decl":{"start":{"line":23,"column":6},"end":{"line":23,"column":11}},"loc":{"start":{"line":23,"column":17},"end":{"line":30,"column":7}}},"5":{"name":"(anonymous_5)","decl":{"start":{"line":36,"column":9},"end":{"line":36,"column":15}},"loc":{"start":{"line":36,"column":15},"end":{"line":46,"column":3}}},"6":{"name":"(anonymous_6)","decl":{"start":{"line":38,"column":6},"end":{"line":38,"column":11}},"loc":{"start":{"line":38,"column":17},"end":{"line":42,"column":7}}},"7":{"name":"(anonymous_7)","decl":{"start":{"line":48,"column":9},"end":{"line":48,"column":15}},"loc":{"start":{"line":48,"column":69},"end":{"line":62,"column":3}}},"8":{"name":"(anonymous_8)","decl":{"start":{"line":50,"column":6},"end":{"line":50,"column":11}},"loc":{"start":{"line":50,"column":17},"end":{"line":58,"column":7}}},"9":{"name":"(anonymous_9)","decl":{"start":{"line":64,"column":9},"end":{"line":64,"column":15}},"loc":{"start":{"line":64,"column":41},"end":{"line":77,"column":3}}},"10":{"name":"(anonymous_10)","decl":{"start":{"line":66,"column":6},"end":{"line":66,"column":11}},"loc":{"start":{"line":66,"column":17},"end":{"line":73,"column":7}}}},"branchMap":{},"s":{"0":1,"1":1,"2":1,"3":1,"4":0,"5":0,"6":0,"7":0,"8":0,"9":0,"10":0,"11":0,"12":0,"13":0,"14":0,"15":0,"16":0,"17":0,"18":0,"19":1},"f":{"0":1,"1":0,"2":0,"3":0,"4":0,"5":0,"6":0,"7":0,"8":0,"9":0,"10":0},"b":{}}
,"C:\\Users\\karie\\NodeProjects\\smart-agenda-api\\src\\modules\\Availiability\\availiablility.route.ts": {"path":"C:\\Users\\karie\\NodeProjects\\smart-agenda-api\\src\\modules\\Availiability\\availiablility.route.ts","statementMap":{"0":{"start":{"line":1,"column":0},"end":{"line":1,"column":33}},"1":{"start":{"line":2,"column":0},"end":{"line":2,"column":78}},"2":{"start":{"line":3,"column":0},"end":{"line":3,"column":138}},"3":{"start":{"line":5,"column":26},"end":{"line":5,"column":34}},"4":{"start":{"line":12,"column":9},"end":{"line":12,"column":26}},"5":{"start":{"line":7,"column":0},"end":{"line":7,"column":null}},"6":{"start":{"line":8,"column":0},"end":{"line":8,"column":null}},"7":{"start":{"line":9,"column":0},"end":{"line":9,"column":null}},"8":{"start":{"line":10,"column":0},"end":{"line":10,"column":null}}},"fnMap":{},"branchMap":{},"s":{"0":1,"1":1,"2":1,"3":1,"4":1,"5":1,"6":1,"7":1,"8":1},"f":{},"b":{}}
,"C:\\Users\\karie\\NodeProjects\\smart-agenda-api\\src\\modules\\Availiability\\availiablility.service.ts": {"path":"C:\\Users\\karie\\NodeProjects\\smart-agenda-api\\src\\modules\\Availiability\\availiablility.service.ts","statementMap":{"0":{"start":{"line":8,"column":21},"end":{"line":8,"column":44}},"1":{"start":{"line":9,"column":21},"end":{"line":9,"column":51}},"2":{"start":{"line":13,"column":4},"end":{"line":21,"column":6}},"3":{"start":{"line":15,"column":23},"end":{"line":15,"column":51}},"4":{"start":{"line":17,"column":8},"end":{"line":17,"column":22}},"5":{"start":{"line":25,"column":4},"end":{"line":33,"column":6}},"6":{"start":{"line":27,"column":23},"end":{"line":27,"column":63}},"7":{"start":{"line":29,"column":8},"end":{"line":29,"column":22}},"8":{"start":{"line":37,"column":4},"end":{"line":45,"column":6}},"9":{"start":{"line":39,"column":23},"end":{"line":39,"column":47}},"10":{"start":{"line":41,"column":8},"end":{"line":41,"column":22}},"11":{"start":{"line":49,"column":4},"end":{"line":57,"column":6}},"12":{"start":{"line":51,"column":23},"end":{"line":51,"column":70}},"13":{"start":{"line":53,"column":8},"end":{"line":53,"column":22}},"14":{"start":{"line":61,"column":4},"end":{"line":68,"column":6}},"15":{"start":{"line":63,"column":8},"end":{"line":63,"column":50}},"16":{"start":{"line":6,"column":0},"end":{"line":6,"column":13}}},"fnMap":{"0":{"name":"(anonymous_0)","decl":{"start":{"line":7,"column":2},"end":{"line":7,"column":null}},"loc":{"start":{"line":9,"column":51},"end":{"line":10,"column":6}}},"1":{"name":"(anonymous_1)","decl":{"start":{"line":12,"column":9},"end":{"line":12,"column":15}},"loc":{"start":{"line":12,"column":40},"end":{"line":22,"column":3}}},"2":{"name":"(anonymous_2)","decl":{"start":{"line":14,"column":6},"end":{"line":14,"column":11}},"loc":{"start":{"line":14,"column":17},"end":{"line":18,"column":7}}},"3":{"name":"(anonymous_3)","decl":{"start":{"line":24,"column":9},"end":{"line":24,"column":16}},"loc":{"start":{"line":24,"column":40},"end":{"line":34,"column":3}}},"4":{"name":"(anonymous_4)","decl":{"start":{"line":26,"column":6},"end":{"line":26,"column":11}},"loc":{"start":{"line":26,"column":17},"end":{"line":30,"column":7}}},"5":{"name":"(anonymous_5)","decl":{"start":{"line":36,"column":9},"end":{"line":36,"column":15}},"loc":{"start":{"line":36,"column":15},"end":{"line":46,"column":3}}},"6":{"name":"(anonymous_6)","decl":{"start":{"line":38,"column":6},"end":{"line":38,"column":11}},"loc":{"start":{"line":38,"column":17},"end":{"line":42,"column":7}}},"7":{"name":"(anonymous_7)","decl":{"start":{"line":48,"column":9},"end":{"line":48,"column":15}},"loc":{"start":{"line":48,"column":69},"end":{"line":58,"column":3}}},"8":{"name":"(anonymous_8)","decl":{"start":{"line":50,"column":6},"end":{"line":50,"column":11}},"loc":{"start":{"line":50,"column":17},"end":{"line":54,"column":7}}},"9":{"name":"(anonymous_9)","decl":{"start":{"line":60,"column":9},"end":{"line":60,"column":15}},"loc":{"start":{"line":60,"column":41},"end":{"line":69,"column":3}}},"10":{"name":"(anonymous_10)","decl":{"start":{"line":62,"column":6},"end":{"line":62,"column":11}},"loc":{"start":{"line":62,"column":17},"end":{"line":65,"column":7}}}},"branchMap":{},"s":{"0":1,"1":1,"2":0,"3":0,"4":0,"5":0,"6":0,"7":0,"8":0,"9":0,"10":0,"11":0,"12":0,"13":0,"14":0,"15":0,"16":1},"f":{"0":1,"1":0,"2":0,"3":0,"4":0,"5":0,"6":0,"7":0,"8":0,"9":0,"10":0},"b":{}}
,"C:\\Users\\karie\\NodeProjects\\smart-agenda-api\\src\\modules\\Availiability\\dtos\\avaliability.dto.schema.ts": {"path":"C:\\Users\\karie\\NodeProjects\\smart-agenda-api\\src\\modules\\Availiability\\dtos\\avaliability.dto.schema.ts","statementMap":{"0":{"start":{"line":1,"column":0},"end":{"line":1,"column":23}},"1":{"start":{"line":2,"column":0},"end":{"line":2,"column":61}},"2":{"start":{"line":3,"column":0},"end":{"line":3,"column":66}},"3":{"start":{"line":5,"column":29},"end":{"line":10,"column":2}},"4":{"start":{"line":12,"column":33},"end":{"line":14,"column":2}},"5":{"start":{"line":16,"column":31},"end":{"line":18,"column":2}},"6":{"start":{"line":20,"column":13},"end":{"line":22,"column":null}},"7":{"start":{"line":20,"column":72},"end":{"line":22,"column":2}},"8":{"start":{"line":26,"column":13},"end":{"line":28,"column":null}},"9":{"start":{"line":26,"column":66},"end":{"line":28,"column":2}},"10":{"start":{"line":30,"column":13},"end":{"line":33,"column":null}},"11":{"start":{"line":30,"column":72},"end":{"line":33,"column":2}},"12":{"start":{"line":35,"column":13},"end":{"line":37,"column":null}},"13":{"start":{"line":35,"column":72},"end":{"line":37,"column":2}}},"fnMap":{"0":{"name":"(anonymous_0)","decl":{"start":{"line":20,"column":55},"end":{"line":20,"column":56}},"loc":{"start":{"line":20,"column":72},"end":{"line":22,"column":2}}},"1":{"name":"(anonymous_1)","decl":{"start":{"line":26,"column":49},"end":{"line":26,"column":50}},"loc":{"start":{"line":26,"column":66},"end":{"line":28,"column":2}}},"2":{"name":"(anonymous_2)","decl":{"start":{"line":30,"column":55},"end":{"line":30,"column":56}},"loc":{"start":{"line":30,"column":72},"end":{"line":33,"column":2}}},"3":{"name":"(anonymous_3)","decl":{"start":{"line":35,"column":55},"end":{"line":35,"column":56}},"loc":{"start":{"line":35,"column":72},"end":{"line":37,"column":2}}}},"branchMap":{},"s":{"0":1,"1":1,"2":1,"3":1,"4":1,"5":1,"6":1,"7":0,"8":1,"9":0,"10":1,"11":0,"12":1,"13":0},"f":{"0":0,"1":0,"2":0,"3":0},"b":{}}
,"C:\\Users\\karie\\NodeProjects\\smart-agenda-api\\src\\modules\\Business\\business.controller.ts": {"path":"C:\\Users\\karie\\NodeProjects\\smart-agenda-api\\src\\modules\\Business\\business.controller.ts","statementMap":{"0":{"start":{"line":2,"column":0},"end":{"line":2,"column":54}},"1":{"start":{"line":3,"column":0},"end":{"line":3,"column":57}},"2":{"start":{"line":5,"column":16},"end":{"line":5,"column":37}},"3":{"start":{"line":7,"column":39},"end":{"line":24,"column":1}},"4":{"start":{"line":8,"column":2},"end":{"line":23,"column":3}},"5":{"start":{"line":9,"column":23},"end":{"line":9,"column":45}},"6":{"start":{"line":10,"column":19},"end":{"line":10,"column":52}},"7":{"start":{"line":12,"column":4},"end":{"line":12,"column":40}},"8":{"start":{"line":14,"column":4},"end":{"line":18,"column":5}},"9":{"start":{"line":15,"column":6},"end":{"line":17,"column":54}},"10":{"start":{"line":19,"column":4},"end":{"line":22,"column":7}},"11":{"start":{"line":7,"column":13},"end":{"line":7,"column":39}},"12":{"start":{"line":26,"column":38},"end":{"line":43,"column":1}},"13":{"start":{"line":27,"column":2},"end":{"line":42,"column":3}},"14":{"start":{"line":28,"column":23},"end":{"line":28,"column":45}},"15":{"start":{"line":29,"column":19},"end":{"line":29,"column":61}},"16":{"start":{"line":31,"column":4},"end":{"line":31,"column":40}},"17":{"start":{"line":33,"column":4},"end":{"line":37,"column":5}},"18":{"start":{"line":34,"column":6},"end":{"line":36,"column":54}},"19":{"start":{"line":38,"column":4},"end":{"line":41,"column":7}},"20":{"start":{"line":26,"column":13},"end":{"line":26,"column":38}}},"fnMap":{"0":{"name":"(anonymous_0)","decl":{"start":{"line":7,"column":39},"end":{"line":7,"column":44}},"loc":{"start":{"line":7,"column":58},"end":{"line":24,"column":1}}},"1":{"name":"(anonymous_1)","decl":{"start":{"line":26,"column":38},"end":{"line":26,"column":43}},"loc":{"start":{"line":26,"column":57},"end":{"line":43,"column":1}}}},"branchMap":{"0":{"loc":{"start":{"line":14,"column":4},"end":{"line":18,"column":5}},"type":"if","locations":[{"start":{"line":14,"column":4},"end":{"line":18,"column":5}},{"start":{},"end":{}}]},"1":{"loc":{"start":{"line":33,"column":4},"end":{"line":37,"column":5}},"type":"if","locations":[{"start":{"line":33,"column":4},"end":{"line":37,"column":5}},{"start":{},"end":{}}]}},"s":{"0":1,"1":1,"2":1,"3":1,"4":0,"5":0,"6":0,"7":0,"8":0,"9":0,"10":0,"11":1,"12":1,"13":0,"14":0,"15":0,"16":0,"17":0,"18":0,"19":0,"20":1},"f":{"0":0,"1":0},"b":{"0":[0,0],"1":[0,0]}}
,"C:\\Users\\karie\\NodeProjects\\smart-agenda-api\\src\\modules\\Business\\business.factory.ts": {"path":"C:\\Users\\karie\\NodeProjects\\smart-agenda-api\\src\\modules\\Business\\business.factory.ts","statementMap":{"0":{"start":{"line":5,"column":0},"end":{"line":5,"column":16}},"1":{"start":{"line":1,"column":0},"end":{"line":1,"column":67}},"2":{"start":{"line":2,"column":0},"end":{"line":2,"column":58}},"3":{"start":{"line":3,"column":0},"end":{"line":3,"column":52}},"4":{"start":{"line":6,"column":21},"end":{"line":6,"column":57}},"5":{"start":{"line":7,"column":21},"end":{"line":7,"column":52}},"6":{"start":{"line":9,"column":8},"end":{"line":9,"column":null}}},"fnMap":{"0":{"name":"makeBusinessService","decl":{"start":{"line":5,"column":16},"end":{"line":5,"column":35}},"loc":{"start":{"line":5,"column":35},"end":{"line":10,"column":1}}}},"branchMap":{},"s":{"0":1,"1":1,"2":1,"3":1,"4":1,"5":1,"6":1},"f":{"0":1},"b":{}}
,"C:\\Users\\karie\\NodeProjects\\smart-agenda-api\\src\\modules\\Business\\business.repository.ts": {"path":"C:\\Users\\karie\\NodeProjects\\smart-agenda-api\\src\\modules\\Business\\business.repository.ts","statementMap":{"0":{"start":{"line":1,"column":0},"end":{"line":1,"column":33}},"1":{"start":{"line":3,"column":0},"end":{"line":3,"column":43}},"2":{"start":{"line":4,"column":0},"end":{"line":4,"column":52}},"3":{"start":{"line":11,"column":31},"end":{"line":11,"column":54}},"4":{"start":{"line":14,"column":4},"end":{"line":25,"column":6}},"5":{"start":{"line":16,"column":23},"end":{"line":19,"column":48}},"6":{"start":{"line":21,"column":8},"end":{"line":21,"column":25}},"7":{"start":{"line":29,"column":4},"end":{"line":41,"column":6}},"8":{"start":{"line":31,"column":23},"end":{"line":35,"column":22}},"9":{"start":{"line":37,"column":8},"end":{"line":37,"column":25}},"10":{"start":{"line":10,"column":0},"end":{"line":10,"column":13}}},"fnMap":{"0":{"name":"(anonymous_0)","decl":{"start":{"line":11,"column":2},"end":{"line":11,"column":31}},"loc":{"start":{"line":11,"column":54},"end":{"line":11,"column":58}}},"1":{"name":"(anonymous_1)","decl":{"start":{"line":13,"column":9},"end":{"line":13,"column":16}},"loc":{"start":{"line":13,"column":36},"end":{"line":26,"column":3}}},"2":{"name":"(anonymous_2)","decl":{"start":{"line":15,"column":6},"end":{"line":15,"column":11}},"loc":{"start":{"line":15,"column":17},"end":{"line":22,"column":7}}},"3":{"name":"(anonymous_3)","decl":{"start":{"line":28,"column":9},"end":{"line":28,"column":15}},"loc":{"start":{"line":28,"column":57},"end":{"line":42,"column":3}}},"4":{"name":"(anonymous_4)","decl":{"start":{"line":30,"column":6},"end":{"line":30,"column":11}},"loc":{"start":{"line":30,"column":17},"end":{"line":38,"column":7}}}},"branchMap":{},"s":{"0":1,"1":1,"2":1,"3":5,"4":1,"5":1,"6":1,"7":0,"8":0,"9":0,"10":1},"f":{"0":5,"1":1,"2":1,"3":0,"4":0},"b":{}}
,"C:\\Users\\karie\\NodeProjects\\smart-agenda-api\\src\\modules\\Business\\business.route.ts": {"path":"C:\\Users\\karie\\NodeProjects\\smart-agenda-api\\src\\modules\\Business\\business.route.ts","statementMap":{"0":{"start":{"line":1,"column":0},"end":{"line":1,"column":33}},"1":{"start":{"line":2,"column":0},"end":{"line":2,"column":71}},"2":{"start":{"line":3,"column":0},"end":{"line":3,"column":56}},"3":{"start":{"line":5,"column":22},"end":{"line":5,"column":30}},"4":{"start":{"line":10,"column":9},"end":{"line":10,"column":22}},"5":{"start":{"line":7,"column":0},"end":{"line":7,"column":null}},"6":{"start":{"line":8,"column":0},"end":{"line":8,"column":null}}},"fnMap":{},"branchMap":{},"s":{"0":1,"1":1,"2":1,"3":1,"4":1,"5":1,"6":1},"f":{},"b":{}}
,"C:\\Users\\karie\\NodeProjects\\smart-agenda-api\\src\\modules\\Business\\business.service.ts": {"path":"C:\\Users\\karie\\NodeProjects\\smart-agenda-api\\src\\modules\\Business\\business.service.ts","statementMap":{"0":{"start":{"line":1,"column":0},"end":{"line":1,"column":54}},"1":{"start":{"line":8,"column":21},"end":{"line":8,"column":44}},"2":{"start":{"line":9,"column":21},"end":{"line":9,"column":45}},"3":{"start":{"line":13,"column":4},"end":{"line":23,"column":6}},"4":{"start":{"line":15,"column":8},"end":{"line":15,"column":77}},"5":{"start":{"line":15,"column":25},"end":{"line":15,"column":77}},"6":{"start":{"line":17,"column":23},"end":{"line":17,"column":58}},"7":{"start":{"line":19,"column":8},"end":{"line":19,"column":22}},"8":{"start":{"line":27,"column":4},"end":{"line":37,"column":6}},"9":{"start":{"line":29,"column":8},"end":{"line":29,"column":77}},"10":{"start":{"line":29,"column":25},"end":{"line":29,"column":77}},"11":{"start":{"line":31,"column":23},"end":{"line":31,"column":63}},"12":{"start":{"line":33,"column":8},"end":{"line":33,"column":22}},"13":{"start":{"line":6,"column":0},"end":{"line":6,"column":13}}},"fnMap":{"0":{"name":"(anonymous_0)","decl":{"start":{"line":7,"column":2},"end":{"line":7,"column":null}},"loc":{"start":{"line":9,"column":45},"end":{"line":10,"column":6}}},"1":{"name":"(anonymous_1)","decl":{"start":{"line":12,"column":9},"end":{"line":12,"column":16}},"loc":{"start":{"line":12,"column":35},"end":{"line":24,"column":3}}},"2":{"name":"(anonymous_2)","decl":{"start":{"line":14,"column":6},"end":{"line":14,"column":11}},"loc":{"start":{"line":14,"column":17},"end":{"line":20,"column":7}}},"3":{"name":"(anonymous_3)","decl":{"start":{"line":26,"column":9},"end":{"line":26,"column":15}},"loc":{"start":{"line":26,"column":56},"end":{"line":38,"column":3}}},"4":{"name":"(anonymous_4)","decl":{"start":{"line":28,"column":6},"end":{"line":28,"column":11}},"loc":{"start":{"line":28,"column":17},"end":{"line":34,"column":7}}}},"branchMap":{"0":{"loc":{"start":{"line":15,"column":8},"end":{"line":15,"column":77}},"type":"if","locations":[{"start":{"line":15,"column":8},"end":{"line":15,"column":77}},{"start":{},"end":{}}]},"1":{"loc":{"start":{"line":29,"column":8},"end":{"line":29,"column":77}},"type":"if","locations":[{"start":{"line":29,"column":8},"end":{"line":29,"column":77}},{"start":{},"end":{}}]}},"s":{"0":1,"1":1,"2":1,"3":0,"4":0,"5":0,"6":0,"7":0,"8":0,"9":0,"10":0,"11":0,"12":0,"13":1},"f":{"0":1,"1":0,"2":0,"3":0,"4":0},"b":{"0":[0,0],"1":[0,0]}}
,"C:\\Users\\karie\\NodeProjects\\smart-agenda-api\\src\\modules\\Business\\dtos\\business.dto.schema.ts": {"path":"C:\\Users\\karie\\NodeProjects\\smart-agenda-api\\src\\modules\\Business\\dtos\\business.dto.schema.ts","statementMap":{"0":{"start":{"line":1,"column":0},"end":{"line":1,"column":23}},"1":{"start":{"line":2,"column":0},"end":{"line":2,"column":67}},"2":{"start":{"line":3,"column":0},"end":{"line":3,"column":62}},"3":{"start":{"line":5,"column":23},"end":{"line":9,"column":2}},"4":{"start":{"line":11,"column":13},"end":{"line":13,"column":null}},"5":{"start":{"line":11,"column":68},"end":{"line":13,"column":2}}},"fnMap":{"0":{"name":"(anonymous_0)","decl":{"start":{"line":11,"column":52},"end":{"line":11,"column":53}},"loc":{"start":{"line":11,"column":68},"end":{"line":13,"column":2}}}},"branchMap":{},"s":{"0":1,"1":1,"2":1,"3":1,"4":1,"5":0},"f":{"0":0},"b":{}}
,"C:\\Users\\karie\\NodeProjects\\smart-agenda-api\\src\\modules\\Clients\\client.controller.ts": {"path":"C:\\Users\\karie\\NodeProjects\\smart-agenda-api\\src\\modules\\Clients\\client.controller.ts","statementMap":{"0":{"start":{"line":2,"column":0},"end":{"line":2,"column":54}},"1":{"start":{"line":3,"column":0},"end":{"line":3,"column":53}},"2":{"start":{"line":5,"column":16},"end":{"line":5,"column":35}},"3":{"start":{"line":7,"column":38},"end":{"line":24,"column":1}},"4":{"start":{"line":8,"column":2},"end":{"line":23,"column":3}},"5":{"start":{"line":9,"column":23},"end":{"line":9,"column":45}},"6":{"start":{"line":10,"column":19},"end":{"line":10,"column":61}},"7":{"start":{"line":12,"column":4},"end":{"line":12,"column":40}},"8":{"start":{"line":14,"column":4},"end":{"line":18,"column":5}},"9":{"start":{"line":15,"column":6},"end":{"line":17,"column":54}},"10":{"start":{"line":19,"column":4},"end":{"line":22,"column":7}},"11":{"start":{"line":7,"column":13},"end":{"line":7,"column":38}},"12":{"start":{"line":26,"column":39},"end":{"line":43,"column":1}},"13":{"start":{"line":27,"column":2},"end":{"line":42,"column":3}},"14":{"start":{"line":28,"column":23},"end":{"line":28,"column":45}},"15":{"start":{"line":29,"column":19},"end":{"line":29,"column":52}},"16":{"start":{"line":31,"column":4},"end":{"line":31,"column":40}},"17":{"start":{"line":33,"column":4},"end":{"line":37,"column":5}},"18":{"start":{"line":34,"column":6},"end":{"line":36,"column":54}},"19":{"start":{"line":38,"column":4},"end":{"line":41,"column":7}},"20":{"start":{"line":26,"column":13},"end":{"line":26,"column":39}},"21":{"start":{"line":45,"column":38},"end":{"line":62,"column":1}},"22":{"start":{"line":46,"column":2},"end":{"line":61,"column":3}},"23":{"start":{"line":47,"column":26},"end":{"line":47,"column":36}},"24":{"start":{"line":48,"column":19},"end":{"line":48,"column":68}},"25":{"start":{"line":50,"column":4},"end":{"line":50,"column":40}},"26":{"start":{"line":52,"column":4},"end":{"line":56,"column":5}},"27":{"start":{"line":53,"column":6},"end":{"line":55,"column":54}},"28":{"start":{"line":57,"column":4},"end":{"line":60,"column":7}},"29":{"start":{"line":45,"column":13},"end":{"line":45,"column":38}},"30":{"start":{"line":64,"column":38},"end":{"line":81,"column":1}},"31":{"start":{"line":65,"column":2},"end":{"line":80,"column":3}},"32":{"start":{"line":66,"column":26},"end":{"line":66,"column":36}},"33":{"start":{"line":67,"column":19},"end":{"line":67,"column":58}},"34":{"start":{"line":69,"column":4},"end":{"line":69,"column":40}},"35":{"start":{"line":71,"column":4},"end":{"line":75,"column":5}},"36":{"start":{"line":72,"column":6},"end":{"line":74,"column":54}},"37":{"start":{"line":76,"column":4},"end":{"line":79,"column":7}},"38":{"start":{"line":64,"column":13},"end":{"line":64,"column":38}}},"fnMap":{"0":{"name":"(anonymous_0)","decl":{"start":{"line":7,"column":38},"end":{"line":7,"column":43}},"loc":{"start":{"line":7,"column":57},"end":{"line":24,"column":1}}},"1":{"name":"(anonymous_1)","decl":{"start":{"line":26,"column":39},"end":{"line":26,"column":44}},"loc":{"start":{"line":26,"column":58},"end":{"line":43,"column":1}}},"2":{"name":"(anonymous_2)","decl":{"start":{"line":45,"column":38},"end":{"line":45,"column":43}},"loc":{"start":{"line":45,"column":57},"end":{"line":62,"column":1}}},"3":{"name":"(anonymous_3)","decl":{"start":{"line":64,"column":38},"end":{"line":64,"column":43}},"loc":{"start":{"line":64,"column":57},"end":{"line":81,"column":1}}}},"branchMap":{"0":{"loc":{"start":{"line":14,"column":4},"end":{"line":18,"column":5}},"type":"if","locations":[{"start":{"line":14,"column":4},"end":{"line":18,"column":5}},{"start":{},"end":{}}]},"1":{"loc":{"start":{"line":33,"column":4},"end":{"line":37,"column":5}},"type":"if","locations":[{"start":{"line":33,"column":4},"end":{"line":37,"column":5}},{"start":{},"end":{}}]},"2":{"loc":{"start":{"line":52,"column":4},"end":{"line":56,"column":5}},"type":"if","locations":[{"start":{"line":52,"column":4},"end":{"line":56,"column":5}},{"start":{},"end":{}}]},"3":{"loc":{"start":{"line":71,"column":4},"end":{"line":75,"column":5}},"type":"if","locations":[{"start":{"line":71,"column":4},"end":{"line":75,"column":5}},{"start":{},"end":{}}]}},"s":{"0":1,"1":1,"2":1,"3":1,"4":0,"5":0,"6":0,"7":0,"8":0,"9":0,"10":0,"11":1,"12":1,"13":0,"14":0,"15":0,"16":0,"17":0,"18":0,"19":0,"20":1,"21":1,"22":0,"23":0,"24":0,"25":0,"26":0,"27":0,"28":0,"29":1,"30":1,"31":0,"32":0,"33":0,"34":0,"35":0,"36":0,"37":0,"38":1},"f":{"0":0,"1":0,"2":0,"3":0},"b":{"0":[0,0],"1":[0,0],"2":[0,0],"3":[0,0]}}
,"C:\\Users\\karie\\NodeProjects\\smart-agenda-api\\src\\modules\\Clients\\client.factory.ts": {"path":"C:\\Users\\karie\\NodeProjects\\smart-agenda-api\\src\\modules\\Clients\\client.factory.ts","statementMap":{"0":{"start":{"line":5,"column":0},"end":{"line":5,"column":16}},"1":{"start":{"line":1,"column":0},"end":{"line":1,"column":67}},"2":{"start":{"line":2,"column":0},"end":{"line":2,"column":54}},"3":{"start":{"line":3,"column":0},"end":{"line":3,"column":48}},"4":{"start":{"line":6,"column":21},"end":{"line":6,"column":55}},"5":{"start":{"line":7,"column":21},"end":{"line":7,"column":50}},"6":{"start":{"line":9,"column":8},"end":{"line":9,"column":null}}},"fnMap":{"0":{"name":"makeClientService","decl":{"start":{"line":5,"column":16},"end":{"line":5,"column":33}},"loc":{"start":{"line":5,"column":33},"end":{"line":10,"column":1}}}},"branchMap":{},"s":{"0":1,"1":1,"2":1,"3":1,"4":1,"5":1,"6":1},"f":{"0":1},"b":{}}
,"C:\\Users\\karie\\NodeProjects\\smart-agenda-api\\src\\modules\\Clients\\client.repository.ts": {"path":"C:\\Users\\karie\\NodeProjects\\smart-agenda-api\\src\\modules\\Clients\\client.repository.ts","statementMap":{"0":{"start":{"line":1,"column":0},"end":{"line":1,"column":33}},"1":{"start":{"line":3,"column":0},"end":{"line":3,"column":43}},"2":{"start":{"line":5,"column":0},"end":{"line":5,"column":49}},"3":{"start":{"line":8,"column":31},"end":{"line":8,"column":54}},"4":{"start":{"line":11,"column":4},"end":{"line":18,"column":6}},"5":{"start":{"line":13,"column":23},"end":{"line":13,"column":72}},"6":{"start":{"line":14,"column":8},"end":{"line":14,"column":25}},"7":{"start":{"line":22,"column":4},"end":{"line":33,"column":6}},"8":{"start":{"line":24,"column":23},"end":{"line":27,"column":57}},"9":{"start":{"line":29,"column":8},"end":{"line":29,"column":22}},"10":{"start":{"line":37,"column":4},"end":{"line":45,"column":6}},"11":{"start":{"line":39,"column":23},"end":{"line":39,"column":54}},"12":{"start":{"line":41,"column":8},"end":{"line":41,"column":22}},"13":{"start":{"line":49,"column":4},"end":{"line":61,"column":6}},"14":{"start":{"line":51,"column":23},"end":{"line":55,"column":22}},"15":{"start":{"line":57,"column":8},"end":{"line":57,"column":25}},"16":{"start":{"line":65,"column":4},"end":{"line":76,"column":6}},"17":{"start":{"line":67,"column":23},"end":{"line":70,"column":22}},"18":{"start":{"line":72,"column":8},"end":{"line":72,"column":25}},"19":{"start":{"line":7,"column":0},"end":{"line":7,"column":13}}},"fnMap":{"0":{"name":"(anonymous_0)","decl":{"start":{"line":8,"column":2},"end":{"line":8,"column":31}},"loc":{"start":{"line":8,"column":54},"end":{"line":8,"column":58}}},"1":{"name":"(anonymous_1)","decl":{"start":{"line":10,"column":9},"end":{"line":10,"column":15}},"loc":{"start":{"line":10,"column":34},"end":{"line":19,"column":3}}},"2":{"name":"(anonymous_2)","decl":{"start":{"line":12,"column":6},"end":{"line":12,"column":11}},"loc":{"start":{"line":12,"column":17},"end":{"line":15,"column":7}}},"3":{"name":"(anonymous_3)","decl":{"start":{"line":21,"column":9},"end":{"line":21,"column":16}},"loc":{"start":{"line":21,"column":37},"end":{"line":34,"column":3}}},"4":{"name":"(anonymous_4)","decl":{"start":{"line":23,"column":6},"end":{"line":23,"column":11}},"loc":{"start":{"line":23,"column":17},"end":{"line":30,"column":7}}},"5":{"name":"(anonymous_5)","decl":{"start":{"line":36,"column":9},"end":{"line":36,"column":15}},"loc":{"start":{"line":36,"column":15},"end":{"line":46,"column":3}}},"6":{"name":"(anonymous_6)","decl":{"start":{"line":38,"column":6},"end":{"line":38,"column":11}},"loc":{"start":{"line":38,"column":17},"end":{"line":42,"column":7}}},"7":{"name":"(anonymous_7)","decl":{"start":{"line":48,"column":9},"end":{"line":48,"column":15}},"loc":{"start":{"line":48,"column":53},"end":{"line":62,"column":3}}},"8":{"name":"(anonymous_8)","decl":{"start":{"line":50,"column":6},"end":{"line":50,"column":11}},"loc":{"start":{"line":50,"column":17},"end":{"line":58,"column":7}}},"9":{"name":"(anonymous_9)","decl":{"start":{"line":64,"column":9},"end":{"line":64,"column":15}},"loc":{"start":{"line":64,"column":33},"end":{"line":77,"column":3}}},"10":{"name":"(anonymous_10)","decl":{"start":{"line":66,"column":6},"end":{"line":66,"column":11}},"loc":{"start":{"line":66,"column":17},"end":{"line":73,"column":7}}}},"branchMap":{},"s":{"0":1,"1":1,"2":1,"3":1,"4":0,"5":0,"6":0,"7":0,"8":0,"9":0,"10":0,"11":0,"12":0,"13":0,"14":0,"15":0,"16":0,"17":0,"18":0,"19":1},"f":{"0":1,"1":0,"2":0,"3":0,"4":0,"5":0,"6":0,"7":0,"8":0,"9":0,"10":0},"b":{}}
,"C:\\Users\\karie\\NodeProjects\\smart-agenda-api\\src\\modules\\Clients\\client.route.ts": {"path":"C:\\Users\\karie\\NodeProjects\\smart-agenda-api\\src\\modules\\Clients\\client.route.ts","statementMap":{"0":{"start":{"line":1,"column":0},"end":{"line":1,"column":33}},"1":{"start":{"line":2,"column":0},"end":{"line":2,"column":70}},"2":{"start":{"line":3,"column":0},"end":{"line":3,"column":108}},"3":{"start":{"line":5,"column":20},"end":{"line":5,"column":28}},"4":{"start":{"line":12,"column":9},"end":{"line":12,"column":20}},"5":{"start":{"line":7,"column":0},"end":{"line":7,"column":null}},"6":{"start":{"line":8,"column":0},"end":{"line":8,"column":null}},"7":{"start":{"line":9,"column":0},"end":{"line":9,"column":null}},"8":{"start":{"line":10,"column":0},"end":{"line":10,"column":null}}},"fnMap":{},"branchMap":{},"s":{"0":1,"1":1,"2":1,"3":1,"4":1,"5":1,"6":1,"7":1,"8":1},"f":{},"b":{}}
,"C:\\Users\\karie\\NodeProjects\\smart-agenda-api\\src\\modules\\Clients\\client.service.ts": {"path":"C:\\Users\\karie\\NodeProjects\\smart-agenda-api\\src\\modules\\Clients\\client.service.ts","statementMap":{"0":{"start":{"line":4,"column":0},"end":{"line":4,"column":54}},"1":{"start":{"line":8,"column":21},"end":{"line":8,"column":44}},"2":{"start":{"line":9,"column":21},"end":{"line":9,"column":43}},"3":{"start":{"line":13,"column":4},"end":{"line":24,"column":6}},"4":{"start":{"line":16,"column":9},"end":{"line":16,"column":80}},"5":{"start":{"line":16,"column":26},"end":{"line":16,"column":80}},"6":{"start":{"line":18,"column":23},"end":{"line":18,"column":83}},"7":{"start":{"line":20,"column":8},"end":{"line":20,"column":22}},"8":{"start":{"line":28,"column":4},"end":{"line":36,"column":6}},"9":{"start":{"line":30,"column":23},"end":{"line":30,"column":58}},"10":{"start":{"line":32,"column":8},"end":{"line":32,"column":22}},"11":{"start":{"line":40,"column":4},"end":{"line":48,"column":6}},"12":{"start":{"line":42,"column":23},"end":{"line":42,"column":62}},"13":{"start":{"line":44,"column":8},"end":{"line":44,"column":22}},"14":{"start":{"line":52,"column":4},"end":{"line":58,"column":6}},"15":{"start":{"line":54,"column":8},"end":{"line":54,"column":42}},"16":{"start":{"line":6,"column":0},"end":{"line":6,"column":13}}},"fnMap":{"0":{"name":"(anonymous_0)","decl":{"start":{"line":7,"column":2},"end":{"line":7,"column":null}},"loc":{"start":{"line":9,"column":43},"end":{"line":10,"column":6}}},"1":{"name":"(anonymous_1)","decl":{"start":{"line":12,"column":9},"end":{"line":12,"column":15}},"loc":{"start":{"line":12,"column":54},"end":{"line":25,"column":3}}},"2":{"name":"(anonymous_2)","decl":{"start":{"line":14,"column":6},"end":{"line":14,"column":11}},"loc":{"start":{"line":14,"column":17},"end":{"line":21,"column":7}}},"3":{"name":"(anonymous_3)","decl":{"start":{"line":27,"column":9},"end":{"line":27,"column":16}},"loc":{"start":{"line":27,"column":35},"end":{"line":37,"column":3}}},"4":{"name":"(anonymous_4)","decl":{"start":{"line":29,"column":6},"end":{"line":29,"column":11}},"loc":{"start":{"line":29,"column":17},"end":{"line":33,"column":7}}},"5":{"name":"(anonymous_5)","decl":{"start":{"line":39,"column":9},"end":{"line":39,"column":15}},"loc":{"start":{"line":39,"column":53},"end":{"line":49,"column":3}}},"6":{"name":"(anonymous_6)","decl":{"start":{"line":41,"column":6},"end":{"line":41,"column":11}},"loc":{"start":{"line":41,"column":17},"end":{"line":45,"column":7}}},"7":{"name":"(anonymous_7)","decl":{"start":{"line":51,"column":9},"end":{"line":51,"column":15}},"loc":{"start":{"line":51,"column":33},"end":{"line":59,"column":3}}},"8":{"name":"(anonymous_8)","decl":{"start":{"line":53,"column":6},"end":{"line":53,"column":11}},"loc":{"start":{"line":53,"column":17},"end":{"line":55,"column":7}}}},"branchMap":{"0":{"loc":{"start":{"line":16,"column":9},"end":{"line":16,"column":80}},"type":"if","locations":[{"start":{"line":16,"column":9},"end":{"line":16,"column":80}},{"start":{},"end":{}}]}},"s":{"0":1,"1":1,"2":1,"3":0,"4":0,"5":0,"6":0,"7":0,"8":0,"9":0,"10":0,"11":0,"12":0,"13":0,"14":0,"15":0,"16":1},"f":{"0":1,"1":0,"2":0,"3":0,"4":0,"5":0,"6":0,"7":0,"8":0},"b":{"0":[0,0]}}
,"C:\\Users\\karie\\NodeProjects\\smart-agenda-api\\src\\modules\\Clients\\dtos\\client.dto.schema.ts": {"path":"C:\\Users\\karie\\NodeProjects\\smart-agenda-api\\src\\modules\\Clients\\dtos\\client.dto.schema.ts","statementMap":{"0":{"start":{"line":1,"column":0},"end":{"line":1,"column":23}},"1":{"start":{"line":2,"column":0},"end":{"line":2,"column":61}},"2":{"start":{"line":3,"column":0},"end":{"line":3,"column":66}},"3":{"start":{"line":5,"column":21},"end":{"line":9,"column":2}},"4":{"start":{"line":11,"column":25},"end":{"line":13,"column":2}},"5":{"start":{"line":15,"column":13},"end":{"line":17,"column":null}},"6":{"start":{"line":15,"column":64},"end":{"line":17,"column":2}},"7":{"start":{"line":19,"column":13},"end":{"line":21,"column":null}},"8":{"start":{"line":19,"column":58},"end":{"line":21,"column":2}},"9":{"start":{"line":23,"column":13},"end":{"line":26,"column":null}},"10":{"start":{"line":23,"column":64},"end":{"line":26,"column":2}},"11":{"start":{"line":28,"column":13},"end":{"line":30,"column":null}},"12":{"start":{"line":28,"column":64},"end":{"line":30,"column":2}}},"fnMap":{"0":{"name":"(anonymous_0)","decl":{"start":{"line":15,"column":47},"end":{"line":15,"column":48}},"loc":{"start":{"line":15,"column":64},"end":{"line":17,"column":2}}},"1":{"name":"(anonymous_1)","decl":{"start":{"line":19,"column":41},"end":{"line":19,"column":42}},"loc":{"start":{"line":19,"column":58},"end":{"line":21,"column":2}}},"2":{"name":"(anonymous_2)","decl":{"start":{"line":23,"column":47},"end":{"line":23,"column":48}},"loc":{"start":{"line":23,"column":64},"end":{"line":26,"column":2}}},"3":{"name":"(anonymous_3)","decl":{"start":{"line":28,"column":47},"end":{"line":28,"column":48}},"loc":{"start":{"line":28,"column":64},"end":{"line":30,"column":2}}}},"branchMap":{},"s":{"0":1,"1":1,"2":1,"3":1,"4":1,"5":1,"6":0,"7":1,"8":0,"9":1,"10":0,"11":1,"12":0},"f":{"0":0,"1":0,"2":0,"3":0},"b":{}}
[...]
d":{"line":35,"column":1}},"10":{"start":{"line":34,"column":2},"end":{"line":34,"column":50}},"11":{"start":{"line":37,"column":30},"end":{"line":37,"column":70}},"12":{"start":{"line":38,"column":29},"end":{"line":38,"column":48}},"13":{"start":{"line":39,"column":33},"end":{"line":39,"column":72}},"14":{"start":{"line":40,"column":26},"end":{"line":40,"column":36}},"15":{"start":{"line":41,"column":8},"end":{"line":41,"column":51}},"16":{"start":{"line":43,"column":43},"end":{"line":47,"column":10}},"17":{"start":{"line":49,"column":32},"end":{"line":55,"column":null}},"18":{"start":{"line":58,"column":28},"end":{"line":64,"column":null}},"19":{"start":{"line":66,"column":35},"end":{"line":66,"column":43}},"20":{"start":{"line":67,"column":23},"end":{"line":75,"column":39}},"21":{"start":{"line":76,"column":8},"end":{"line":76,"column":22}},"22":{"start":{"line":84,"column":4},"end":{"line":138,"column":6}},"23":{"start":{"line":86,"column":26},"end":{"line":86,"column":36}},"24":{"start":{"line":87,"column":8},"end":{"line":87,"column":51}},"25":{"start":{"line":89,"column":50},"end":{"line":90,"column":null}},"26":{"start":{"line":93,"column":28},"end":{"line":93,"column":77}},"27":{"start":{"line":95,"column":24},"end":{"line":97,"column":null}},"28":{"start":{"line":100,"column":8},"end":{"line":100,"column":59}},"29":{"start":{"line":100,"column":22},"end":{"line":100,"column":59}},"30":{"start":{"line":102,"column":29},"end":{"line":102,"column":48}},"31":{"start":{"line":103,"column":33},"end":{"line":103,"column":72}},"32":{"start":{"line":105,"column":8},"end":{"line":109,"column":11}},"33":{"start":{"line":111,"column":32},"end":{"line":117,"column":null}},"34":{"start":{"line":120,"column":28},"end":{"line":122,"column":null}},"35":{"start":{"line":125,"column":23},"end":{"line":133,"column":39}},"36":{"start":{"line":134,"column":8},"end":{"line":134,"column":22}},"37":{"start":{"line":144,"column":4},"end":{"line":219,"column":6}},"38":{"start":{"line":146,"column":25},"end":{"line":146,"column":29}},"39":{"start":{"line":147,"column":26},"end":{"line":147,"column":36}},"40":{"start":{"line":148,"column":8},"end":{"line":148,"column":51}},"41":{"start":{"line":150,"column":8},"end":{"line":150,"column":77}},"42":{"start":{"line":150,"column":28},"end":{"line":150,"column":77}},"43":{"start":{"line":152,"column":25},"end":{"line":152,"column":68}},"44":{"start":{"line":154,"column":8},"end":{"line":161,"column":9}},"45":{"start":{"line":160,"column":10},"end":{"line":160,"column":64}},"46":{"start":{"line":163,"column":23},"end":{"line":163,"column":68}},"47":{"start":{"line":165,"column":8},"end":{"line":180,"column":9}},"48":{"start":{"line":166,"column":24},"end":{"line":168,"column":null}},"49":{"start":{"line":171,"column":10},"end":{"line":179,"column":11}},"50":{"start":{"line":172,"column":12},"end":{"line":175,"column":13}},"51":{"start":{"line":173,"column":14},"end":{"line":173,"column":64}},"52":{"start":{"line":174,"column":14},"end":{"line":174,"column":61}},"53":{"start":{"line":177,"column":12},"end":{"line":177,"column":31}},"54":{"start":{"line":178,"column":12},"end":{"line":178,"column":18}},"55":{"start":{"line":182,"column":8},"end":{"line":182,"column":75}},"56":{"start":{"line":182,"column":25},"end":{"line":182,"column":75}},"57":{"start":{"line":184,"column":29},"end":{"line":184,"column":48}},"58":{"start":{"line":185,"column":32},"end":{"line":185,"column":71}},"59":{"start":{"line":187,"column":32},"end":{"line":191,"column":10}},"60":{"start":{"line":193,"column":8},"end":{"line":195,"column":11}},"61":{"start":{"line":197,"column":32},"end":{"line":203,"column":null}},"62":{"start":{"line":206,"column":31},"end":{"line":212,"column":null}},"63":{"start":{"line":215,"column":8},"end":{"line":215,"column":78}},"64":{"start":{"line":223,"column":4},"end":{"line":241,"column":6}},"65":{"start":{"line":225,"column":23},"end":{"line":225,"column":56}},"66":{"start":{"line":227,"column":22},"end":{"line":232,"column":null}},"67":{"start":{"line":237,"column":8},"end":{"line":237,"column":62}},"68":{"start":{"line":248,"column":4},"end":{"line":271,"column":6}},"69":{"start":{"line":250,"column":46},"end":{"line":250,"column":50}},"70":{"start":{"line":252,"column":8},"end":{"line":253,"column":54}},"71":{"start":{"line":253,"column":10},"end":{"line":253,"column":54}},"72":{"start":{"line":256,"column":29},"end":{"line":256,"column":64}},"73":{"start":{"line":258,"column":8},"end":{"line":258,"column":147}},"74":{"start":{"line":258,"column":94},"end":{"line":258,"column":147}},"75":{"start":{"line":260,"column":30},"end":{"line":260,"column":65}},"76":{"start":{"line":261,"column":8},"end":{"line":263,"column":11}},"77":{"start":{"line":267,"column":8},"end":{"line":267,"column":60}},"78":{"start":{"line":15,"column":0},"end":{"line":15,"column":13}}},"fnMap":{"0":{"name":"(anonymous_0)","decl":{"start":{"line":16,"column":2},"end":{"line":16,"column":null}},"loc":{"start":{"line":22,"column":32},"end":{"line":23,"column":6}}},"1":{"name":"(anonymous_1)","decl":{"start":{"line":25,"column":9},"end":{"line":25,"column":21}},"loc":{"start":{"line":26,"column":25},"end":{"line":81,"column":3}}},"2":{"name":"(anonymous_2)","decl":{"start":{"line":29,"column":6},"end":{"line":29,"column":11}},"loc":{"start":{"line":29,"column":17},"end":{"line":77,"column":7}}},"3":{"name":"(anonymous_3)","decl":{"start":{"line":83,"column":9},"end":{"line":83,"column":14}},"loc":{"start":{"line":83,"column":30},"end":{"line":139,"column":3}}},"4":{"name":"(anonymous_4)","decl":{"start":{"line":85,"column":6},"end":{"line":85,"column":11}},"loc":{"start":{"line":85,"column":17},"end":{"line":135,"column":7}}},"5":{"name":"(anonymous_5)","decl":{"start":{"line":141,"column":9},"end":{"line":141,"column":16}},"loc":{"start":{"line":142,"column":25},"end":{"line":220,"column":3}}},"6":{"name":"(anonymous_6)","decl":{"start":{"line":145,"column":6},"end":{"line":145,"column":11}},"loc":{"start":{"line":145,"column":17},"end":{"line":216,"column":7}}},"7":{"name":"(anonymous_7)","decl":{"start":{"line":222,"column":9},"end":{"line":222,"column":23}},"loc":{"start":{"line":222,"column":37},"end":{"line":242,"column":3}}},"8":{"name":"(anonymous_8)","decl":{"start":{"line":224,"column":6},"end":{"line":224,"column":11}},"loc":{"start":{"line":224,"column":17},"end":{"line":238,"column":7}}},"9":{"name":"(anonymous_9)","decl":{"start":{"line":244,"column":9},"end":{"line":244,"column":22}},"loc":{"start":{"line":246,"column":27},"end":{"line":272,"column":3}}},"10":{"name":"(anonymous_10)","decl":{"start":{"line":249,"column":6},"end":{"line":249,"column":11}},"loc":{"start":{"line":249,"column":17},"end":{"line":268,"column":7}}}},"branchMap":{"0":{"loc":{"start":{"line":33,"column":7},"end":{"line":35,"column":1}},"type":"if","locations":[{"start":{"line":33,"column":7},"end":{"line":35,"column":1}},{"start":{},"end":{}}]},"1":{"loc":{"start":{"line":33,"column":11},"end":{"line":33,"column":74}},"type":"binary-expr","locations":[{"start":{"line":33,"column":11},"end":{"line":33,"column":32}},{"start":{"line":33,"column":36},"end":{"line":33,"column":74}}]},"2":{"loc":{"start":{"line":100,"column":8},"end":{"line":100,"column":59}},"type":"if","locations":[{"start":{"line":100,"column":8},"end":{"line":100,"column":59}},{"start":{},"end":{}}]},"3":{"loc":{"start":{"line":150,"column":8},"end":{"line":150,"column":77}},"type":"if","locations":[{"start":{"line":150,"column":8},"end":{"line":150,"column":77}},{"start":{},"end":{}}]},"4":{"loc":{"start":{"line":154,"column":8},"end":{"line":161,"column":9}},"type":"if","locations":[{"start":{"line":154,"column":8},"end":{"line":161,"column":9}},{"start":{},"end":{}}]},"5":{"loc":{"start":{"line":155,"column":10},"end":{"line":158,"column":46}},"type":"binary-expr","locations":[{"start":{"line":155,"column":10},"end":{"line":155,"column":19}},{"start":{"line":156,"column":10},"end":{"line":156,"column":23}},{"start":{"line":157,"column":10},"end":{"line":157,"column":25}},{"start":{"line":158,"column":10},"end":{"line":158,"column":46}}]},"6":{"loc":{"start":{"line":171,"column":10},"end":{"line":179,"column":11}},"type":"if","locations":[{"start":{"line":171,"column":10},"end":{"line":179,"column":11}},{"start":{},"end":{}}]},"7":{"loc":{"start":{"line":172,"column":12},"end":{"line":175,"column":13}},"type":"if","locations":[{"start":{"line":172,"column":12},"end":{"line":175,"column":13}},{"start":{},"end":{}}]},"8":{"loc":{"start":{"line":182,"column":8},"end":{"line":182,"column":75}},"type":"if","locations":[{"start":{"line":182,"column":8},"end":{"line":182,"column":75}},{"start":{},"end":{}}]},"9":{"loc":{"start":{"line":252,"column":8},"end":{"line":253,"column":54}},"type":"if","locations":[{"start":{"line":252,"column":8},"end":{"line":253,"column":54}},{"start":{},"end":{}}]},"10":{"loc":{"start":{"line":258,"column":8},"end":{"line":258,"column":147}},"type":"if","locations":[{"start":{"line":258,"column":8},"end":{"line":258,"column":147}},{"start":{},"end":{}}]},"11":{"loc":{"start":{"line":258,"column":12},"end":{"line":258,"column":92}},"type":"binary-expr","locations":[{"start":{"line":258,"column":12},"end":{"line":258,"column":25}},{"start":{"line":258,"column":29},"end":{"line":258,"column":46}},{"start":{"line":258,"column":50},"end":{"line":258,"column":92}}]}},"s":{"0":1,"1":4,"2":4,"3":4,"4":4,"5":4,"6":4,"7":3,"8":3,"9":2,"10":1,"11":1,"12":1,"13":1,"14":1,"15":1,"16":1,"17":1,"18":1,"19":1,"20":1,"21":1,"22":1,"23":1,"24":1,"25":1,"26":1,"27":1,"28":1,"29":0,"30":1,"31":1,"32":1,"33":1,"34":1,"35":1,"36":1,"37":0,"38":0,"39":0,"40":0,"41":0,"42":0,"43":0,"44":0,"45":0,"46":0,"47":0,"48":0,"49":0,"50":0,"51":0,"52":0,"53":0,"54":0,"55":0,"56":0,"57":0,"58":0,"59":0,"60":0,"61":0,"62":0,"63":0,"64":0,"65":0,"66":0,"67":0,"68":0,"69":0,"70":0,"71":0,"72":0,"73":0,"74":0,"75":0,"76":0,"77":0,"78":1},"f":{"0":4,"1":3,"2":3,"3":1,"4":1,"5":0,"6":0,"7":0,"8":0,"9":0,"10":0},"b":{"0":[1,1],"1":[2,2],"2":[0,1],"3":[0,0],"4":[0,0],"5":[0,0,0,0],"6":[0,0],"7":[0,0],"8":[0,0],"9":[0,0],"10":[0,0],"11":[0,0,0]}}
,"C:\\Users\\karie\\NodeProjects\\smart-agenda-api\\src\\modules\\auth\\dtos\\auth.dto.schema.ts": {"path":"C:\\Users\\karie\\NodeProjects\\smart-agenda-api\\src\\modules\\auth\\dtos\\auth.dto.schema.ts","statementMap":{"0":{"start":{"line":1,"column":0},"end":{"line":1,"column":67}},"1":{"start":{"line":2,"column":0},"end":{"line":2,"column":24}},"2":{"start":{"line":3,"column":0},"end":{"line":3,"column":62}},"3":{"start":{"line":5,"column":26},"end":{"line":12,"column":2}},"4":{"start":{"line":14,"column":13},"end":{"line":16,"column":4}},"5":{"start":{"line":14,"column":65},"end":{"line":16,"column":2}},"6":{"start":{"line":20,"column":20},"end":{"line":23,"column":2}},"7":{"start":{"line":25,"column":13},"end":{"line":27,"column":4}},"8":{"start":{"line":25,"column":59},"end":{"line":27,"column":2}},"9":{"start":{"line":31,"column":29},"end":{"line":33,"column":2}},"10":{"start":{"line":35,"column":13},"end":{"line":37,"column":4}},"11":{"start":{"line":35,"column":68},"end":{"line":37,"column":2}},"12":{"start":{"line":41,"column":28},"end":{"line":44,"column":2}},"13":{"start":{"line":46,"column":13},"end":{"line":48,"column":4}},"14":{"start":{"line":46,"column":67},"end":{"line":48,"column":2}}},"fnMap":{"0":{"name":"(anonymous_0)","decl":{"start":{"line":14,"column":48},"end":{"line":14,"column":49}},"loc":{"start":{"line":14,"column":65},"end":{"line":16,"column":2}}},"1":{"name":"(anonymous_1)","decl":{"start":{"line":25,"column":42},"end":{"line":25,"column":43}},"loc":{"start":{"line":25,"column":59},"end":{"line":27,"column":2}}},"2":{"name":"(anonymous_2)","decl":{"start":{"line":35,"column":51},"end":{"line":35,"column":52}},"loc":{"start":{"line":35,"column":68},"end":{"line":37,"column":2}}},"3":{"name":"(anonymous_3)","decl":{"start":{"line":46,"column":50},"end":{"line":46,"column":51}},"loc":{"start":{"line":46,"column":67},"end":{"line":48,"column":2}}}},"branchMap":{},"s":{"0":1,"1":1,"2":1,"3":1,"4":1,"5":3,"6":1,"7":1,"8":1,"9":1,"10":1,"11":0,"12":1,"13":1,"14":0},"f":{"0":3,"1":1,"2":0,"3":0},"b":{}}
,"C:\\Users\\karie\\NodeProjects\\smart-agenda-api\\src\\share\\middlewares\\Validation.ts": {"path":"C:\\Users\\karie\\NodeProjects\\smart-agenda-api\\src\\share\\middlewares\\Validation.ts","statementMap":{"0":{"start":{"line":14,"column":39},"end":{"line":37,"column":1}},"1":{"start":{"line":14,"column":58},"end":{"line":37,"column":1}},"2":{"start":{"line":15,"column":18},"end":{"line":15,"column":51}},"3":{"start":{"line":15,"column":44},"end":{"line":15,"column":50}},"4":{"start":{"line":17,"column":63},"end":{"line":17,"column":65}},"5":{"start":{"line":19,"column":2},"end":{"line":31,"column":5}},"6":{"start":{"line":20,"column":19},"end":{"line":20,"column":55}},"7":{"start":{"line":21,"column":4},"end":{"line":30,"column":5}},"8":{"start":{"line":22,"column":45},"end":{"line":22,"column":47}},"9":{"start":{"line":23,"column":6},"end":{"line":27,"column":9}},"10":{"start":{"line":24,"column":8},"end":{"line":24,"column":39}},"11":{"start":{"line":24,"column":32},"end":{"line":24,"column":39}},"12":{"start":{"line":25,"column":21},"end":{"line":25,"column":41}},"13":{"start":{"line":26,"column":8},"end":{"line":26,"column":37}},"14":{"start":{"line":29,"column":6},"end":{"line":29,"column":33}},"15":{"start":{"line":32,"column":2},"end":{"line":36,"column":3}},"16":{"start":{"line":33,"column":4},"end":{"line":33,"column":11}},"17":{"start":{"line":35,"column":4},"end":{"line":35,"column":51}},"18":{"start":{"line":14,"column":13},"end":{"line":14,"column":39}}},"fnMap":{"0":{"name":"(anonymous_0)","decl":{"start":{"line":14,"column":39},"end":{"line":14,"column":40}},"loc":{"start":{"line":14,"column":58},"end":{"line":37,"column":1}}},"1":{"name":"(anonymous_1)","decl":{"start":{"line":14,"column":58},"end":{"line":14,"column":59}},"loc":{"start":{"line":14,"column":77},"end":{"line":37,"column":1}}},"2":{"name":"(anonymous_2)","decl":{"start":{"line":15,"column":32},"end":{"line":15,"column":33}},"loc":{"start":{"line":15,"column":44},"end":{"line":15,"column":50}}},"3":{"name":"(anonymous_3)","decl":{"start":{"line":19,"column":34},"end":{"line":19,"column":35}},"loc":{"start":{"line":19,"column":52},"end":{"line":31,"column":3}}},"4":{"name":"(anonymous_4)","decl":{"start":{"line":23,"column":34},"end":{"line":23,"column":35}},"loc":{"start":{"line":23,"column":44},"end":{"line":27,"column":7}}}},"branchMap":{"0":{"loc":{"start":{"line":21,"column":4},"end":{"line":30,"column":5}},"type":"if","locations":[{"start":{"line":21,"column":4},"end":{"line":30,"column":5}},{"start":{},"end":{}}]},"1":{"loc":{"start":{"line":24,"column":8},"end":{"line":24,"column":39}},"type":"if","locations":[{"start":{"line":24,"column":8},"end":{"line":24,"column":39}},{"start":{},"end":{}}]},"2":{"loc":{"start":{"line":32,"column":2},"end":{"line":36,"column":3}},"type":"if","locations":[{"start":{"line":32,"column":2},"end":{"line":36,"column":3}},{"start":{"line":34,"column":9},"end":{"line":36,"column":3}}]}},"s":{"0":1,"1":30,"2":4,"3":4,"4":4,"5":4,"6":4,"7":4,"8":0,"9":0,"10":0,"11":0,"12":0,"13":0,"14":0,"15":4,"16":4,"17":0,"18":1},"f":{"0":30,"1":4,"2":4,"3":4,"4":0},"b":{"0":[0,4],"1":[0,0],"2":[4,0]}}
,"C:\\Users\\karie\\NodeProjects\\smart-agenda-api\\src\\share\\services\\CryptoService.ts": {"path":"C:\\Users\\karie\\NodeProjects\\smart-agenda-api\\src\\share\\services\\CryptoService.ts","statementMap":{"0":{"start":{"line":1,"column":0},"end":{"line":1,"column":50}},"1":{"start":{"line":4,"column":21},"end":{"line":4,"column":22}},"2":{"start":{"line":8,"column":30},"end":{"line":8,"column":57}},"3":{"start":{"line":9,"column":8},"end":{"line":9,"column":null}},"4":{"start":{"line":12,"column":8},"end":{"line":12,"column":null}},"5":{"start":{"line":6,"column":0},"end":{"line":6,"column":13}}},"fnMap":{"0":{"name":"(anonymous_0)","decl":{"start":{"line":7,"column":11},"end":{"line":7,"column":16}},"loc":{"start":{"line":7,"column":42},"end":{"line":10,"column":5}}},"1":{"name":"(anonymous_1)","decl":{"start":{"line":11,"column":11},"end":{"line":11,"column":16}},"loc":{"start":{"line":11,"column":66},"end":{"line":13,"column":5}}}},"branchMap":{},"s":{"0":1,"1":1,"2":3,"3":3,"4":1,"5":1},"f":{"0":3,"1":1},"b":{}}
,"C:\\Users\\karie\\NodeProjects\\smart-agenda-api\\src\\share\\services\\JWTService.ts": {"path":"C:\\Users\\karie\\NodeProjects\\smart-agenda-api\\src\\share\\services\\JWTService.ts","statementMap":{"0":{"start":{"line":1,"column":0},"end":{"line":1,"column":48}},"1":{"start":{"line":2,"column":0},"end":{"line":2,"column":54}},"2":{"start":{"line":7,"column":31},"end":{"line":7,"column":45}},"3":{"start":{"line":13,"column":4},"end":{"line":21,"column":5}},"4":{"start":{"line":14,"column":6},"end":{"line":18,"column":9}},"5":{"start":{"line":20,"column":6},"end":{"line":20,"column":78}},"6":{"start":{"line":25,"column":4},"end":{"line":40,"column":5}},"7":{"start":{"line":26,"column":22},"end":{"line":26,"column":52}},"8":{"start":{"line":28,"column":6},"end":{"line":30,"column":7}},"9":{"start":{"line":29,"column":8},"end":{"line":29,"column":49}},"10":{"start":{"line":32,"column":6},"end":{"line":32,"column":33}},"11":{"start":{"line":34,"column":6},"end":{"line":39,"column":8}},"12":{"start":{"line":6,"column":0},"end":{"line":6,"column":13}}},"fnMap":{"0":{"name":"(anonymous_1)","decl":{"start":{"line":7,"column":2},"end":{"line":7,"column":31}},"loc":{"start":{"line":7,"column":45},"end":{"line":7,"column":49}}},"1":{"name":"(anonymous_2)","decl":{"start":{"line":9,"column":2},"end":{"line":9,"column":7}},"loc":{"start":{"line":11,"column":39},"end":{"line":22,"column":3}}},"2":{"name":"(anonymous_3)","decl":{"start":{"line":24,"column":2},"end":{"line":24,"column":7}},"loc":{"start":{"line":24,"column":28},"end":{"line":41,"column":3}}}},"branchMap":{"0":{"loc":{"start":{"line":28,"column":6},"end":{"line":30,"column":7}},"type":"if","locations":[{"start":{"line":28,"column":6},"end":{"line":30,"column":7}},{"start":{},"end":{}}]}},"s":{"0":1,"1":1,"2":4,"3":4,"4":4,"5":0,"6":0,"7":0,"8":0,"9":0,"10":0,"11":0,"12":1},"f":{"0":4,"1":4,"2":0},"b":{"0":[0,0]}}
,"C:\\Users\\karie\\NodeProjects\\smart-agenda-api\\src\\share\\utils\\masks.ts": {"path":"C:\\Users\\karie\\NodeProjects\\smart-agenda-api\\src\\share\\utils\\masks.ts","statementMap":{"0":{"start":{"line":3,"column":28},"end":{"line":3,"column":44}},"1":{"start":{"line":4,"column":17},"end":{"line":4,"column":33}},"2":{"start":{"line":5,"column":19},"end":{"line":5,"column":46}},"3":{"start":{"line":6,"column":4},"end":{"line":6,"column":41}},"4":{"start":{"line":1,"column":0},"end":{"line":1,"column":13}}},"fnMap":{"0":{"name":"(anonymous_0)","decl":{"start":{"line":2,"column":9},"end":{"line":2,"column":14}},"loc":{"start":{"line":2,"column":28},"end":{"line":7,"column":3}}}},"branchMap":{},"s":{"0":2,"1":2,"2":2,"3":2,"4":1},"f":{"0":2},"b":{}}
,"C:\\Users\\karie\\NodeProjects\\smart-agenda-api\\src\\share\\utils\\schemasVars.ts": {"path":"C:\\Users\\karie\\NodeProjects\\smart-agenda-api\\src\\share\\utils\\schemasVars.ts","statementMap":{"0":{"start":{"line":1,"column":0},"end":{"line":1,"column":24}},"1":{"start":{"line":3,"column":13},"end":{"line":3,"column":92}},"2":{"start":{"line":4,"column":14},"end":{"line":4,"column":109}},"3":{"start":{"line":5,"column":17},"end":{"line":5,"column":114}},"4":{"start":{"line":6,"column":15},"end":{"line":6,"column":34}},"5":{"start":{"line":7,"column":11},"end":{"line":7,"column":42}},"6":{"start":{"line":8,"column":12},"end":{"line":8,"column":44}},"7":{"start":{"line":9,"column":13},"end":{"line":9,"column":78}},"8":{"start":{"line":11,"column":15},"end":{"line":19,"column":null}}},"fnMap":{},"branchMap":{},"s":{"0":1,"1":1,"2":1,"3":1,"4":1,"5":1,"6":1,"7":1,"8":1},"f":{},"b":{}}
}
