TN:
SF:src\app.ts
FNF:0
FNH:0
DA:1,1
DA:2,1
DA:3,1
DA:4,1
DA:5,1
DA:6,1
DA:7,1
DA:9,1
DA:10,1
DA:12,1
DA:21,1
DA:22,1
DA:23,1
DA:26,1
DA:27,1
DA:29,1
DA:31,1
LF:17
LH:17
BRF:0
BRH:0
end_of_record
TN:
SF:src\routes.ts
FN:13,(anonymous_0)
FNF:1
FNH:0
FNDA:0,(anonymous_0)
DA:1,1
DA:2,1
DA:3,1
DA:4,1
DA:5,1
DA:6,1
DA:7,1
DA:8,1
DA:9,1
DA:11,1
DA:13,1
DA:14,0
DA:17,1
DA:18,1
DA:19,1
DA:20,1
DA:21,1
DA:22,1
DA:23,1
DA:24,1
DA:26,1
LF:21
LH:20
BRF:0
BRH:0
end_of_record
TN:
SF:src\config\env.ts
FN:10,getRequireVars
FN:22,env
FN:25,(anonymous_3)
FNF:3
FNH:3
FNDA:48,getRequireVars
FNDA:8,env
FNDA:48,(anonymous_3)
DA:1,1
DA:2,1
DA:3,1
DA:5,1
DA:6,1
DA:8,1
DA:11,48
DA:12,48
DA:13,0
DA:19,48
DA:22,1
DA:23,8
DA:25,8
DA:26,48
DA:27,0
DA:31,8
LF:16
LH:14
BRDA:5,0,0,1
BRDA:5,0,1,0
BRDA:12,1,0,0
BRDA:12,1,1,48
BRDA:26,2,0,0
BRDA:26,2,1,48
BRDA:32,3,0,8
BRDA:32,3,1,0
BRF:8
BRH:4
end_of_record
TN:
SF:src\config\swagger.ts
FN:33,(anonymous_1)
FNF:1
FNH:1
FNDA:1,(anonymous_1)
DA:1,1
DA:2,1
DA:4,1
DA:6,1
DA:8,1
DA:31,1
DA:33,1
DA:34,1
DA:35,1
LF:9
LH:9
BRF:0
BRH:0
end_of_record
TN:
SF:src\core\errors\AppError.ts
FN:6,(anonymous_0)
FNF:1
FNH:1
FNDA:2,(anonymous_0)
DA:1,1
DA:12,2
DA:14,2
DA:15,2
DA:16,2
DA:18,2
LF:6
LH:6
BRDA:8,0,0,0
BRDA:9,1,0,1
BRF:2
BRH:1
end_of_record
TN:
SF:src\core\errors\errorHandler.ts
FN:8,errorHandler
FNF:1
FNH:1
FNDA:2,errorHandler
DA:2,1
DA:3,1
DA:5,1
DA:6,1
DA:8,1
DA:16,2
DA:18,2
DA:22,2
DA:29,0
DA:34,0
LF:10
LH:8
BRDA:16,0,0,2
BRDA:16,0,1,0
BRDA:19,1,0,2
BRDA:19,1,1,1
BRDA:31,2,0,0
BRDA:31,2,1,0
BRF:6
BRH:3
end_of_record
TN:
SF:src\core\handlers\executeHandler.ts
FN:4,(anonymous_0)
FN:9,(anonymous_1)
FN:15,(anonymous_2)
FN:50,(anonymous_3)
FNF:4
FNH:4
FNDA:15,(anonymous_0)
FNDA:8,(anonymous_1)
FNDA:4,(anonymous_2)
FNDA:4,(anonymous_3)
DA:1,1
DA:3,1
DA:5,15
DA:6,15
DA:10,8
DA:21,4
DA:23,4
DA:24,4
DA:26,4
DA:27,0
DA:35,4
DA:37,0
DA:39,0
DA:41,0
DA:56,4
DA:58,4
DA:59,4
DA:61,2
DA:63,2
DA:65,0
LF:20
LH:15
BRDA:5,0,0,0
BRDA:10,1,0,8
BRDA:10,1,1,0
BRDA:26,2,0,0
BRDA:26,2,1,4
BRDA:30,3,0,0
BRDA:30,3,1,0
BRDA:39,4,0,0
BRDA:39,4,1,0
BRDA:44,5,0,0
BRDA:44,5,1,0
BRDA:63,6,0,2
BRDA:63,6,1,0
BRDA:68,7,0,0
BRDA:68,7,1,0
BRF:15
BRH:3
end_of_record
TN:
SF:src\database\Client.ts
FNF:0
FNH:0
DA:1,1
DA:2,1
DA:3,1
DA:5,1
DA:7,1
DA:11,1
LF:6
LH:6
BRF:0
BRH:0
end_of_record
TN:
SF:src\database\Schemas.ts
FN:35,(anonymous_0)
FN:48,(anonymous_1)
FN:63,(anonymous_2)
FN:78,(anonymous_3)
FN:93,(anonymous_4)
FN:110,(anonymous_5)
FN:129,(anonymous_6)
FN:134,(anonymous_7)
FN:139,(anonymous_8)
FN:144,(anonymous_9)
FN:161,(anonymous_10)
FN:178,(anonymous_11)
FNF:12
FNH:0
FNDA:0,(anonymous_0)
FNDA:0,(anonymous_1)
FNDA:0,(anonymous_2)
FNDA:0,(anonymous_3)
FNDA:0,(anonymous_4)
FNDA:0,(anonymous_5)
FNDA:0,(anonymous_6)
FNDA:0,(anonymous_7)
FNDA:0,(anonymous_8)
FNDA:0,(anonymous_9)
FNDA:0,(anonymous_10)
FNDA:0,(anonymous_11)
DA:1,1
DA:2,1
DA:13,1
DA:26,1
DA:28,1
DA:35,0
DA:45,1
DA:48,0
DA:60,1
DA:63,0
DA:75,1
DA:78,0
DA:90,1
DA:93,0
DA:107,1
DA:110,0
DA:119,1
DA:126,1
DA:129,0
DA:134,0
DA:139,0
DA:144,0
DA:159,1
DA:161,0
DA:171,1
DA:176,1
DA:178,0
LF:27
LH:15
BRF:0
BRH:0
end_of_record
TN:
SF:src\modules\Appointment\appointment.controller.ts
FN:7,(anonymous_0)
FN:26,(anonymous_1)
FN:45,(anonymous_2)
FN:63,(anonymous_3)
FN:83,(anonymous_4)
FN:102,(anonymous_5)
FNF:6
FNH:0
FNDA:0,(anonymous_0)
FNDA:0,(anonymous_1)
FNDA:0,(anonymous_2)
FNDA:0,(anonymous_3)
FNDA:0,(anonymous_4)
FNDA:0,(anonymous_5)
DA:2,1
DA:3,1
DA:5,1
DA:7,1
DA:8,0
DA:9,0
DA:10,0
DA:12,0
DA:14,0
DA:15,0
DA:19,0
DA:26,1
DA:27,0
DA:28,0
DA:29,0
DA:31,0
DA:33,0
DA:34,0
DA:38,0
DA:45,1
DA:46,0
DA:47,0
DA:48,0
DA:49,0
DA:51,0
DA:52,0
DA:56,0
DA:63,1
DA:64,0
DA:65,0
DA:66,0
DA:67,0
DA:69,0
DA:71,0
DA:72,0
DA:76,0
DA:83,1
DA:84,0
DA:85,0
DA:86,0
DA:88,0
DA:90,0
DA:91,0
DA:95,0
DA:102,1
DA:103,0
DA:104,0
DA:105,0
DA:107,0
DA:109,0
DA:110,0
DA:114,0
LF:52
LH:9
BRDA:14,0,0,0
BRDA:14,0,1,0
BRDA:33,1,0,0
BRDA:33,1,1,0
BRDA:51,2,0,0
BRDA:51,2,1,0
BRDA:71,3,0,0
BRDA:71,3,1,0
BRDA:90,4,0,0
BRDA:90,4,1,0
BRDA:109,5,0,0
BRDA:109,5,1,0
BRF:12
BRH:0
end_of_record
TN:
SF:src\modules\Appointment\appointment.factory.ts
FN:5,makeAppointmentService
FNF:1
FNH:1
FNDA:1,makeAppointmentService
DA:1,1
DA:2,1
DA:3,1
DA:5,1
DA:6,1
DA:7,1
DA:9,1
LF:7
LH:7
BRF:0
BRH:0
end_of_record
TN:
SF:src\modules\Appointment\appointment.repository.ts
FN:8,(anonymous_0)
FN:10,(anonymous_1)
FN:12,(anonymous_2)
FN:21,(anonymous_3)
FN:23,(anonymous_4)
FN:36,(anonymous_5)
FN:38,(anonymous_6)
FN:48,(anonymous_7)
FN:50,(anonymous_8)
FN:64,(anonymous_9)
FN:66,(anonymous_10)
FNF:11
FNH:1
FNDA:1,(anonymous_0)
FNDA:0,(anonymous_1)
FNDA:0,(anonymous_2)
FNDA:0,(anonymous_3)
FNDA:0,(anonymous_4)
FNDA:0,(anonymous_5)
FNDA:0,(anonymous_6)
FNDA:0,(anonymous_7)
FNDA:0,(anonymous_8)
FNDA:0,(anonymous_9)
FNDA:0,(anonymous_10)
DA:1,1
DA:3,1
DA:5,1
DA:7,1
DA:8,1
DA:11,0
DA:13,0
DA:14,0
DA:22,0
DA:24,0
DA:29,0
DA:37,0
DA:39,0
DA:41,0
DA:49,0
DA:51,0
DA:57,0
DA:65,0
DA:67,0
DA:72,0
LF:20
LH:5
BRF:0
BRH:0
end_of_record
TN:
SF:src\modules\Appointment\appointment.route.ts
FNF:0
FNH:0
DA:1,1
DA:2,1
DA:3,1
DA:5,1
DA:7,1
DA:8,1
DA:9,1
DA:10,1
DA:11,1
DA:12,1
DA:14,1
LF:11
LH:11
BRF:0
BRH:0
end_of_record
TN:
SF:src\modules\Appointment\appointment.service.ts
FN:11,(anonymous_0)
FN:16,(anonymous_1)
FN:18,(anonymous_2)
FN:35,(anonymous_3)
FN:37,(anonymous_4)
FN:51,(anonymous_5)
FN:53,(anonymous_6)
FN:63,(anonymous_7)
FN:68,(anonymous_8)
FNF:9
FNH:1
FNDA:1,(anonymous_0)
FNDA:0,(anonymous_1)
FNDA:0,(anonymous_2)
FNDA:0,(anonymous_3)
FNDA:0,(anonymous_4)
FNDA:0,(anonymous_5)
FNDA:0,(anonymous_6)
FNDA:0,(anonymous_7)
FNDA:0,(anonymous_8)
DA:1,1
DA:10,1
DA:12,1
DA:13,1
DA:17,0
DA:19,0
DA:21,0
DA:28,0
DA:36,0
DA:38,0
DA:39,0
DA:42,0
DA:44,0
DA:52,0
DA:54,0
DA:56,0
DA:67,0
DA:69,0
DA:71,0
LF:19
LH:4
BRDA:19,0,0,0
BRDA:19,0,1,0
BRDA:38,1,0,0
BRDA:38,1,1,0
BRF:4
BRH:0
end_of_record
TN:
SF:src\modules\Appointment\dtos\appointment.dto.schema.ts
FN:20,(anonymous_0)
FN:24,(anonymous_1)
FN:28,(anonymous_2)
FN:32,(anonymous_3)
FN:36,(anonymous_4)
FN:41,(anonymous_5)
FNF:6
FNH:0
FNDA:0,(anonymous_0)
FNDA:0,(anonymous_1)
FNDA:0,(anonymous_2)
FNDA:0,(anonymous_3)
FNDA:0,(anonymous_4)
FNDA:0,(anonymous_5)
DA:1,1
DA:2,1
DA:3,1
DA:5,1
DA:16,1
DA:20,1
DA:24,1
DA:28,1
DA:32,1
DA:36,1
DA:41,1
LF:11
LH:11
BRF:0
BRH:0
end_of_record
TN:
SF:src\modules\Availiability\availiablility.controller.ts
FN:7,(anonymous_0)
FN:25,(anonymous_1)
FN:45,(anonymous_2)
FN:65,(anonymous_3)
FNF:4
FNH:0
FNDA:0,(anonymous_0)
FNDA:0,(anonymous_1)
FNDA:0,(anonymous_2)
FNDA:0,(anonymous_3)
DA:2,1
DA:3,1
DA:5,1
DA:7,1
DA:8,0
DA:9,0
DA:11,0
DA:13,0
DA:14,0
DA:18,0
DA:25,1
DA:26,0
DA:27,0
DA:29,0
DA:31,0
DA:33,0
DA:34,0
DA:38,0
DA:45,1
DA:46,0
DA:47,0
DA:48,0
DA:50,0
DA:52,0
DA:53,0
DA:57,0
DA:65,1
DA:66,0
DA:67,0
DA:68,0
DA:70,0
DA:72,0
DA:73,0
DA:77,0
LF:34
LH:7
BRDA:13,0,0,0
BRDA:13,0,1,0
BRDA:33,1,0,0
BRDA:33,1,1,0
BRDA:52,2,0,0
BRDA:52,2,1,0
BRDA:72,3,0,0
BRDA:72,3,1,0
BRF:8
BRH:0
end_of_record
TN:
SF:src\modules\Availiability\availiablility.factory.ts
FN:5,makeAvailiablilityService
FNF:1
FNH:1
FNDA:1,makeAvailiablilityService
DA:1,1
DA:2,1
DA:3,1
DA:5,1
DA:6,1
DA:7,1
DA:9,1
LF:7
LH:7
BRF:0
BRH:0
end_of_record
TN:
SF:src\modules\Availiability\availiablility.repository.ts
FN:8,(anonymous_0)
FN:10,(anonymous_1)
FN:12,(anonymous_2)
FN:21,(anonymous_3)
FN:23,(anonymous_4)
FN:36,(anonymous_5)
FN:38,(anonymous_6)
FN:48,(anonymous_7)
FN:50,(anonymous_8)
FN:64,(anonymous_9)
FN:66,(anonymous_10)
FNF:11
FNH:1
FNDA:1,(anonymous_0)
FNDA:0,(anonymous_1)
FNDA:0,(anonymous_2)
FNDA:0,(anonymous_3)
FNDA:0,(anonymous_4)
FNDA:0,(anonymous_5)
FNDA:0,(anonymous_6)
FNDA:0,(anonymous_7)
FNDA:0,(anonymous_8)
FNDA:0,(anonymous_9)
FNDA:0,(anonymous_10)
DA:1,1
DA:3,1
DA:5,1
DA:7,1
DA:8,1
DA:11,0
DA:13,0
DA:14,0
DA:22,0
DA:24,0
DA:29,0
DA:37,0
DA:39,0
DA:41,0
DA:49,0
DA:51,0
DA:57,0
DA:65,0
DA:67,0
DA:72,0
LF:20
LH:5
BRF:0
BRH:0
end_of_record
TN:
SF:src\modules\Availiability\availiablility.route.ts
FNF:0
FNH:0
DA:1,1
DA:2,1
DA:3,1
DA:5,1
DA:7,1
DA:8,1
DA:9,1
DA:10,1
DA:12,1
LF:9
LH:9
BRF:0
BRH:0
end_of_record
TN:
SF:src\modules\Availiability\availiablility.service.ts
FN:7,(anonymous_0)
FN:12,(anonymous_1)
FN:14,(anonymous_2)
FN:24,(anonymous_3)
FN:26,(anonymous_4)
FN:36,(anonymous_5)
FN:38,(anonymous_6)
FN:48,(anonymous_7)
FN:50,(anonymous_8)
FN:60,(anonymous_9)
FN:62,(anonymous_10)
FNF:11
FNH:1
FNDA:1,(anonymous_0)
FNDA:0,(anonymous_1)
FNDA:0,(anonymous_2)
FNDA:0,(anonymous_3)
FNDA:0,(anonymous_4)
FNDA:0,(anonymous_5)
FNDA:0,(anonymous_6)
FNDA:0,(anonymous_7)
FNDA:0,(anonymous_8)
FNDA:0,(anonymous_9)
FNDA:0,(anonymous_10)
DA:6,1
DA:8,1
DA:9,1
DA:13,0
DA:15,0
DA:17,0
DA:25,0
DA:27,0
DA:29,0
DA:37,0
DA:39,0
DA:41,0
DA:49,0
DA:51,0
DA:53,0
DA:61,0
DA:63,0
LF:17
LH:3
BRF:0
BRH:0
end_of_record
TN:
SF:src\modules\Availiability\dtos\avaliability.dto.schema.ts
FN:20,(anonymous_0)
FN:26,(anonymous_1)
FN:30,(anonymous_2)
FN:35,(anonymous_3)
FNF:4
FNH:0
FNDA:0,(anonymous_0)
FNDA:0,(anonymous_1)
FNDA:0,(anonymous_2)
FNDA:0,(anonymous_3)
DA:1,1
DA:2,1
DA:3,1
DA:5,1
DA:12,1
DA:16,1
DA:20,1
DA:26,1
DA:30,1
DA:35,1
LF:10
LH:10
BRF:0
BRH:0
end_of_record
TN:
SF:src\modules\Business\business.controller.ts
FN:7,(anonymous_0)
FN:26,(anonymous_1)
FNF:2
FNH:0
FNDA:0,(anonymous_0)
FNDA:0,(anonymous_1)
DA:2,1
DA:3,1
DA:5,1
DA:7,1
DA:8,0
DA:9,0
DA:10,0
DA:12,0
DA:14,0
DA:15,0
DA:19,0
DA:26,1
DA:27,0
DA:28,0
DA:29,0
DA:31,0
DA:33,0
DA:34,0
DA:38,0
LF:19
LH:5
BRDA:14,0,0,0
BRDA:14,0,1,0
BRDA:33,1,0,0
BRDA:33,1,1,0
BRF:4
BRH:0
end_of_record
TN:
SF:src\modules\Business\business.factory.ts
FN:5,makeBusinessService
FNF:1
FNH:1
FNDA:1,makeBusinessService
DA:1,1
DA:2,1
DA:3,1
DA:5,1
DA:6,1
DA:7,1
DA:9,1
LF:7
LH:7
BRF:0
BRH:0
end_of_record
TN:
SF:src\modules\Business\business.repository.ts
FN:11,(anonymous_0)
FN:13,(anonymous_1)
FN:15,(anonymous_2)
FN:28,(anonymous_3)
FN:30,(anonymous_4)
FNF:5
FNH:3
FNDA:5,(anonymous_0)
FNDA:1,(anonymous_1)
FNDA:1,(anonymous_2)
FNDA:0,(anonymous_3)
FNDA:0,(anonymous_4)
DA:1,1
DA:3,1
DA:4,1
DA:10,1
DA:11,5
DA:14,1
DA:16,1
DA:21,1
DA:29,0
DA:31,0
DA:37,0
LF:11
LH:8
BRF:0
BRH:0
end_of_record
TN:
SF:src\modules\Business\business.route.ts
FNF:0
FNH:0
DA:1,1
DA:2,1
DA:3,1
DA:5,1
DA:7,1
DA:8,1
DA:10,1
LF:7
LH:7
BRF:0
BRH:0
end_of_record
TN:
SF:src\modules\Business\business.service.ts
FN:7,(anonymous_0)
FN:12,(anonymous_1)
FN:14,(anonymous_2)
FN:26,(anonymous_3)
FN:28,(anonymous_4)
FNF:5
FNH:1
FNDA:1,(anonymous_0)
FNDA:0,(anonymous_1)
FNDA:0,(anonymous_2)
FNDA:0,(anonymous_3)
FNDA:0,(anonymous_4)
DA:1,1
DA:6,1
DA:8,1
DA:9,1
DA:13,0
DA:15,0
DA:17,0
DA:19,0
DA:27,0
DA:29,0
DA:31,0
DA:33,0
LF:12
LH:4
BRDA:15,0,0,0
BRDA:15,0,1,0
BRDA:29,1,0,0
BRDA:29,1,1,0
BRF:4
BRH:0
end_of_record
TN:
SF:src\modules\Business\dtos\business.dto.schema.ts
FN:11,(anonymous_0)
FNF:1
FNH:0
FNDA:0,(anonymous_0)
DA:1,1
DA:2,1
DA:3,1
DA:5,1
DA:11,1
LF:5
LH:5
BRF:0
BRH:0
end_of_record
TN:
SF:src\modules\Clients\client.controller.ts
FN:7,(anonymous_0)
FN:26,(anonymous_1)
FN:45,(anonymous_2)
FN:64,(anonymous_3)
FNF:4
FNH:0
FNDA:0,(anonymous_0)
FNDA:0,(anonymous_1)
FNDA:0,(anonymous_2)
FNDA:0,(anonymous_3)
DA:2,1
DA:3,1
DA:5,1
DA:7,1
DA:8,0
DA:9,0
DA:10,0
DA:12,0
DA:14,0
DA:15,0
DA:19,0
DA:26,1
DA:27,0
DA:28,0
DA:29,0
DA:31,0
DA:33,0
DA:34,0
DA:38,0
DA:45,1
DA:46,0
DA:47,0
DA:48,0
DA:50,0
DA:52,0
DA:53,0
DA:57,0
DA:64,1
DA:65,0
DA:66,0
DA:67,0
DA:69,0
DA:71,0
DA:72,0
DA:76,0
LF:35
LH:7
BRDA:14,0,0,0
BRDA:14,0,1,0
BRDA:33,1,0,0
BRDA:33,1,1,0
BRDA:52,2,0,0
BRDA:52,2,1,0
BRDA:71,3,0,0
BRDA:71,3,1,0
BRF:8
BRH:0
end_of_record
TN:
SF:src\modules\Clients\client.factory.ts
FN:5,makeClientService
FNF:1
FNH:1
FNDA:1,makeClientService
DA:1,1
DA:2,1
DA:3,1
DA:5,1
DA:6,1
DA:7,1
DA:9,1
LF:7
LH:7
BRF:0
BRH:0
end_of_record
TN:
SF:src\modules\Clients\client.repository.ts
FN:8,(anonymous_0)
FN:10,(anonymous_1)
FN:12,(anonymous_2)
FN:21,(anonymous_3)
FN:23,(anonymous_4)
FN:36,(anonymous_5)
FN:38,(anonymous_6)
FN:48,(anonymous_7)
FN:50,(anonymous_8)
FN:64,(anonymous_9)
FN:66,(anonymous_10)
FNF:11
FNH:1
FNDA:1,(anonymous_0)
FNDA:0,(anonymous_1)
FNDA:0,(anonymous_2)
FNDA:0,(anonymous_3)
FNDA:0,(anonymous_4)
FNDA:0,(anonymous_5)
FNDA:0,(anonymous_6)
FNDA:0,(anonymous_7)
FNDA:0,(anonymous_8)
FNDA:0,(anonymous_9)
FNDA:0,(anonymous_10)
DA:1,1
DA:3,1
DA:5,1
DA:7,1
DA:8,1
DA:11,0
DA:13,0
DA:14,0
DA:22,0
DA:24,0
DA:29,0
DA:37,0
DA:39,0
DA:41,0
DA:49,0
DA:51,0
DA:57,0
DA:65,0
DA:67,0
DA:72,0
LF:20
LH:5
BRF:0
BRH:0
end_of_record
TN:
SF:src\modules\Clients\client.route.ts
FNF:0
FNH:0
DA:1,1
DA:2,1
DA:3,1
DA:5,1
DA:7,1
DA:8,1
DA:9,1
DA:10,1
DA:12,1
LF:9
LH:9
BRF:0
BRH:0
end_of_record
TN:
SF:src\modules\Clients\client.service.ts
FN:7,(anonymous_0)
FN:12,(anonymous_1)
FN:14,(anonymous_2)
FN:27,(anonymous_3)
FN:29,(anonymous_4)
FN:39,(anonymous_5)
FN:41,(anonymous_6)
FN:51,(anonymous_7)
FN:53,(anonymous_8)
FNF:9
FNH:1
FNDA:1,(anonymous_0)
FNDA:0,(anonymous_1)
FNDA:0,(anonymous_2)
FNDA:0,(anonymous_3)
FNDA:0,(anonymous_4)
FNDA:0,(anonymous_5)
FNDA:0,(anonymous_6)
FNDA:0,(anonymous_7)
FNDA:0,(anonymous_8)
DA:4,1
DA:6,1
DA:8,1
DA:9,1
DA:13,0
DA:16,0
DA:18,0
DA:20,0
DA:28,0
DA:30,0
DA:32,0
DA:40,0
DA:42,0
DA:44,0
DA:52,0
DA:54,0
LF:16
LH:4
BRDA:16,0,0,0
BRDA:16,0,1,0
BRF:2
BRH:0
end_of_record
TN:
SF:src\modules\Clients\dtos\client.dto.schema.ts
FN:15,(anonymous_0)
FN:19,(anonymous_1)
FN:23,(anonymous_2)
FN:28,(anonymous_3)
FNF:4
FNH:0
FNDA:0,(anonymous_0)
FNDA:0,(anonymous_1)
FNDA:0,(anonymous_2)
FNDA:0,(anonymous_3)
DA:1,1
DA:2,1
DA:3,1
DA:5,1
DA:11,1
DA:15,1
DA:19,1
DA:23,1
DA:28,1
LF:9
LH:9
BRF:0
BRH:0
end_of_record
TN:
SF:src\modules\NoShowRule\noShowRole.controller.ts
FN:7,(anonymous_0)
FN:26,(anonymous_1)
FN:45,(anonymous_2)
FN:64,(anonymous_3)
FNF:4
FNH:0
FNDA:0,(anonymous_0)
FNDA:0,(anonymous_1)
FNDA:0,(anonymous_2)
FNDA:0,(anonymous_3)
DA:2,1
DA:3,1
DA:5,1
DA:7,1
DA:8,0
DA:9,0
DA:10,0
DA:12,0
DA:14,0
DA:15,0
DA:19,0
DA:26,1
DA:27,0
DA:28,0
DA:29,0
DA:31,0
DA:33,0
DA:34,0
DA:38,0
DA:45,1
DA:46,0
DA:47,0
DA:48,0
DA:50,0
DA:52,0
DA:53,0
DA:57,0
DA:64,1
DA:65,0
DA:66,0
DA:67,0
DA:69,0
DA:71,0
DA:72,0
DA:76,0
LF:35
LH:7
BRDA:14,0,0,0
BRDA:14,0,1,0
BRDA:33,1,0,0
BRDA:33,1,1,0
BRDA:52,2,0,0
BRDA:52,2,1,0
BRDA:71,3,0,0
BRDA:71,3,1,0
BRF:8
BRH:0
end_of_record
TN:
SF:src\modules\NoShowRule\noShowRole.factory.ts
FN:5,makeNoShowRoleService
FNF:1
FNH:1
FNDA:1,makeNoShowRoleService
DA:1,1
DA:2,1
DA:3,1
DA:5,1
DA:6,1
DA:7,1
DA:9,1
LF:7
LH:7
BRF:0
BRH:0
end_of_record
TN:
SF:src\modules\NoShowRule\noShowRole.repository.ts
FN:8,(anonymous_0)
FN:10,(anonymous_1)
FN:12,(anonymous_2)
FN:21,(anonymous_3)
FN:23,(anonymous_4)
FN:36,(anonymous_5)
FN:38,(anonymous_6)
FN:52,(anonymous_7)
FN:54,(anonymous_8)
FNF:9
FNH:1
FNDA:1,(anonymous_0)
FNDA:0,(anonymous_1)
FNDA:0,(anonymous_2)
FNDA:0,(anonymous_3)
FNDA:0,(anonymous_4)
FNDA:0,(anonymous_5)
FNDA:0,(anonymous_6)
FNDA:0,(anonymous_7)
FNDA:0,(anonymous_8)
DA:1,1
DA:3,1
DA:5,1
DA:7,1
DA:8,1
DA:11,0
DA:13,0
DA:14,0
DA:22,0
DA:24,0
DA:29,0
DA:37,0
DA:39,0
DA:45,0
DA:53,0
DA:55,0
DA:60,0
LF:17
LH:5
BRF:0
BRH:0
end_of_record
TN:
SF:src\modules\NoShowRule\noShowRole.route.ts
FNF:0
FNH:0
DA:1,1
DA:2,1
DA:3,1
DA:6,1
DA:8,1
DA:9,1
DA:10,1
DA:11,1
DA:13,1
LF:9
LH:9
BRF:0
BRH:0
end_of_record
TN:
SF:src\modules\NoShowRule\noShowRole.service.ts
FN:11,(anonymous_0)
FN:16,(anonymous_1)
FN:18,(anonymous_2)
FN:33,(anonymous_3)
FN:35,(anonymous_4)
FN:47,(anonymous_5)
FN:52,(anonymous_6)
FN:62,(anonymous_7)
FN:64,(anonymous_8)
FNF:9
FNH:1
FNDA:1,(anonymous_0)
FNDA:0,(anonymous_1)
FNDA:0,(anonymous_2)
FNDA:0,(anonymous_3)
FNDA:0,(anonymous_4)
FNDA:0,(anonymous_5)
FNDA:0,(anonymous_6)
FNDA:0,(anonymous_7)
FNDA:0,(anonymous_8)
DA:8,1
DA:10,1
DA:12,1
DA:13,1
DA:17,0
DA:19,0
DA:21,0
DA:26,0
DA:34,0
DA:36,0
DA:38,0
DA:40,0
DA:51,0
DA:53,0
DA:55,0
DA:63,0
DA:65,0
LF:17
LH:4
BRDA:19,0,0,0
BRDA:19,0,1,0
BRDA:36,1,0,0
BRDA:36,1,1,0
BRF:4
BRH:0
end_of_record
TN:
SF:src\modules\NoShowRule\dtos\noShowRole.dto.schema.ts
FN:14,(anonymous_0)
FN:18,(anonymous_1)
FN:23,(anonymous_2)
FNF:3
FNH:0
FNDA:0,(anonymous_0)
FNDA:0,(anonymous_1)
FNDA:0,(anonymous_2)
DA:1,1
DA:2,1
DA:3,1
DA:5,1
DA:10,1
DA:14,1
DA:18,1
DA:23,1
LF:8
LH:8
BRF:0
BRH:0
end_of_record
TN:
SF:src\modules\Professional\professional.controller.ts
FN:7,(anonymous_0)
FN:26,(anonymous_1)
FN:45,(anonymous_2)
FN:65,(anonymous_3)
FNF:4
FNH:0
FNDA:0,(anonymous_0)
FNDA:0,(anonymous_1)
FNDA:0,(anonymous_2)
FNDA:0,(anonymous_3)
DA:2,1
DA:3,1
DA:5,1
DA:7,1
DA:8,0
DA:9,0
DA:10,0
DA:12,0
DA:14,0
DA:15,0
DA:19,0
DA:26,1
DA:27,0
DA:28,0
DA:29,0
DA:31,0
DA:33,0
DA:34,0
DA:38,0
DA:45,1
DA:46,0
DA:47,0
DA:48,0
DA:50,0
DA:52,0
DA:53,0
DA:57,0
DA:65,1
DA:66,0
DA:67,0
DA:68,0
DA:70,0
DA:72,0
DA:73,0
DA:77,0
LF:35
LH:7
BRDA:14,0,0,0
BRDA:14,0,1,0
BRDA:33,1,0,0
BRDA:33,1,1,0
BRDA:52,2,0,0
BRDA:52,2,1,0
BRDA:72,3,0,0
BRDA:72,3,1,0
BRF:8
BRH:0
end_of_record
TN:
SF:src\modules\Professional\professional.factory.ts
FN:5,makeProfessionalService
FNF:1
FNH:1
FNDA:1,makeProfessionalService
DA:1,1
DA:2,1
DA:3,1
DA:5,1
DA:6,1
DA:7,1
DA:9,1
LF:7
LH:7
BRF:0
BRH:0
end_of_record
TN:
SF:src\modules\Professional\professional.repository.ts
FN:8,(anonymous_0)
FN:10,(anonymous_1)
FN:12,(anonymous_2)
FN:21,(anonymous_3)
FN:23,(anonymous_4)
FN:36,(anonymous_5)
FN:38,(anonymous_6)
FN:52,(anonymous_7)
FN:54,(anonymous_8)
FNF:9
FNH:1
FNDA:1,(anonymous_0)
FNDA:0,(anonymous_1)
FNDA:0,(anonymous_2)
FNDA:0,(anonymous_3)
FNDA:0,(anonymous_4)
FNDA:0,(anonymous_5)
FNDA:0,(anonymous_6)
FNDA:0,(anonymous_7)
FNDA:0,(anonymous_8)
DA:1,1
DA:3,1
DA:4,1
DA:7,1
DA:8,1
DA:11,0
DA:13,0
DA:14,0
DA:22,0
DA:24,0
DA:29,0
DA:37,0
DA:39,0
DA:45,0
DA:53,0
DA:55,0
DA:60,0
LF:17
LH:5
BRF:0
BRH:0
end_of_record
TN:
SF:src\modules\Professional\professional.routes.ts
FNF:0
FNH:0
DA:1,1
DA:2,1
DA:3,1
DA:5,1
DA:7,1
DA:8,1
DA:9,1
DA:10,1
DA:12,1
LF:9
LH:9
BRF:0
BRH:0
end_of_record
TN:
SF:src\modules\Professional\professional.service.ts
FN:8,(anonymous_0)
FN:13,(anonymous_1)
FN:15,(anonymous_2)
FN:29,(anonymous_3)
FN:31,(anonymous_4)
FN:43,(anonymous_5)
FN:45,(anonymous_6)
FN:58,(anonymous_7)
FN:60,(anonymous_8)
FNF:9
FNH:1
FNDA:1,(anonymous_0)
FNDA:0,(anonymous_1)
FNDA:0,(anonymous_2)
FNDA:0,(anonymous_3)
FNDA:0,(anonymous_4)
FNDA:0,(anonymous_5)
FNDA:0,(anonymous_6)
FNDA:0,(anonymous_7)
FNDA:0,(anonymous_8)
DA:1,1
DA:7,1
DA:9,1
DA:10,1
DA:14,0
DA:16,0
DA:17,0
DA:18,0
DA:20,0
DA:22,0
DA:30,0
DA:32,0
DA:34,0
DA:36,0
DA:44,0
DA:46,0
DA:47,0
DA:49,0
DA:51,0
DA:59,0
DA:62,0
DA:64,0
LF:22
LH:4
BRDA:17,0,0,0
BRDA:17,0,1,0
BRDA:18,1,0,0
BRDA:18,1,1,0
BRDA:32,2,0,0
BRDA:32,2,1,0
BRDA:47,3,0,0
BRDA:47,3,1,0
BRF:8
BRH:0
end_of_record
TN:
SF:src\modules\Professional\dtos\professional.dto.schema.ts
FN:15,(anonymous_0)
FN:21,(anonymous_1)
FN:25,(anonymous_2)
FN:30,(anonymous_3)
FNF:4
FNH:0
FNDA:0,(anonymous_0)
FNDA:0,(anonymous_1)
FNDA:0,(anonymous_2)
FNDA:0,(anonymous_3)
DA:1,1
DA:2,1
DA:3,1
DA:5,1
DA:11,1
DA:15,1
DA:21,1
DA:25,1
DA:30,1
LF:9
LH:9
BRF:0
BRH:0
end_of_record
TN:
SF:src\modules\Services\service.controller.ts
FN:7,(anonymous_0)
FN:26,(anonymous_1)
FN:45,(anonymous_2)
FN:65,(anonymous_3)
FNF:4
FNH:0
FNDA:0,(anonymous_0)
FNDA:0,(anonymous_1)
FNDA:0,(anonymous_2)
FNDA:0,(anonymous_3)
DA:2,1
DA:3,1
DA:5,1
DA:7,1
DA:8,0
DA:9,0
DA:10,0
DA:12,0
DA:14,0
DA:15,0
DA:19,0
DA:26,1
DA:27,0
DA:28,0
DA:29,0
DA:31,0
DA:33,0
DA:34,0
DA:38,0
DA:45,1
DA:46,0
DA:47,0
DA:48,0
DA:50,0
DA:52,0
DA:53,0
DA:57,0
DA:65,1
DA:66,0
DA:67,0
DA:68,0
DA:70,0
DA:72,0
DA:73,0
DA:77,0
LF:35
LH:7
BRDA:14,0,0,0
BRDA:14,0,1,0
BRDA:33,1,0,0
BRDA:33,1,1,0
BRDA:52,2,0,0
BRDA:52,2,1,0
BRDA:72,3,0,0
BRDA:72,3,1,0
BRF:8
BRH:0
end_of_record
TN:
SF:src\modules\Services\service.factory.ts
FN:5,makeServiceService
FNF:1
FNH:1
FNDA:1,makeServiceService
DA:1,1
DA:2,1
DA:3,1
DA:5,1
DA:6,1
DA:7,1
DA:9,1
LF:7
LH:7
BRF:0
BRH:0
end_of_record
TN:
SF:src\modules\Services\service.repository.ts
FN:8,(anonymous_0)
FN:10,(anonymous_1)
FN:12,(anonymous_2)
FN:22,(anonymous_3)
FN:24,(anonymous_4)
FN:37,(anonymous_5)
FN:39,(anonymous_6)
FN:49,(anonymous_7)
FN:51,(anonymous_8)
FN:65,(anonymous_9)
FN:67,(anonymous_10)
FNF:11
FNH:1
FNDA:1,(anonymous_0)
FNDA:0,(anonymous_1)
FNDA:0,(anonymous_2)
FNDA:0,(anonymous_3)
FNDA:0,(anonymous_4)
FNDA:0,(anonymous_5)
FNDA:0,(anonymous_6)
FNDA:0,(anonymous_7)
FNDA:0,(anonymous_8)
FNDA:0,(anonymous_9)
FNDA:0,(anonymous_10)
DA:1,1
DA:3,1
DA:5,1
DA:7,1
DA:8,1
DA:11,0
DA:14,0
DA:15,0
DA:23,0
DA:25,0
DA:30,0
DA:38,0
DA:40,0
DA:42,0
DA:50,0
DA:52,0
DA:58,0
DA:66,0
DA:68,0
DA:73,0
LF:20
LH:5
BRF:0
BRH:0
end_of_record
TN:
SF:src\modules\Services\service.route.ts
FNF:0
FNH:0
DA:1,1
DA:2,1
DA:3,1
DA:5,1
DA:7,1
DA:8,1
DA:9,1
DA:10,1
DA:12,1
LF:9
LH:9
BRF:0
BRH:0
end_of_record
TN:
SF:src\modules\Services\service.service.ts
FN:7,(anonymous_0)
FN:12,(anonymous_1)
FN:14,(anonymous_2)
FN:29,(anonymous_3)
FN:31,(anonymous_4)
FN:44,(anonymous_5)
FN:46,(anonymous_6)
FN:56,(anonymous_7)
FN:58,(anonymous_8)
FN:68,(anonymous_9)
FN:70,(anonymous_10)
FNF:11
FNH:1
FNDA:1,(anonymous_0)
FNDA:0,(anonymous_1)
FNDA:0,(anonymous_2)
FNDA:0,(anonymous_3)
FNDA:0,(anonymous_4)
FNDA:0,(anonymous_5)
FNDA:0,(anonymous_6)
FNDA:0,(anonymous_7)
FNDA:0,(anonymous_8)
FNDA:0,(anonymous_9)
FNDA:0,(anonymous_10)
DA:1,1
DA:6,1
DA:8,1
DA:9,1
DA:13,0
DA:15,0
DA:17,0
DA:22,0
DA:30,0
DA:33,0
DA:35,0
DA:37,0
DA:45,0
DA:47,0
DA:49,0
DA:57,0
DA:59,0
DA:61,0
DA:69,0
DA:71,0
DA:73,0
LF:21
LH:4
BRDA:15,0,0,0
BRDA:15,0,1,0
BRDA:33,1,0,0
BRDA:33,1,1,0
BRF:4
BRH:0
end_of_record
TN:
SF:src\modules\Services\dtos\service.dto.schema.ts
FN:15,(anonymous_0)
FN:19,(anonymous_1)
FN:23,(anonymous_2)
FN:28,(anonymous_3)
FNF:4
FNH:0
FNDA:0,(anonymous_0)
FNDA:0,(anonymous_1)
FNDA:0,(anonymous_2)
FNDA:0,(anonymous_3)
DA:1,1
DA:2,1
DA:3,1
DA:5,1
DA:11,1
DA:15,1
DA:19,1
DA:23,1
DA:28,1
LF:9
LH:9
BRF:0
BRH:0
end_of_record
TN:
SF:src\modules\auth\auth.controller.ts
FN:5,(anonymous_0)
FN:45,(anonymous_1)
FN:89,(anonymous_2)
FN:126,(anonymous_3)
FN:153,(anonymous_4)
FN:174,(anonymous_5)
FNF:6
FNH:2
FNDA:3,(anonymous_0)
FNDA:1,(anonymous_1)
FNDA:0,(anonymous_2)
FNDA:0,(anonymous_3)
FNDA:0,(anonymous_4)
FNDA:0,(anonymous_5)
DA:2,1
DA:3,1
DA:5,1
DA:6,3
DA:7,3
DA:8,3
DA:10,1
DA:17,1
DA:25,1
DA:33,1
DA:39,2
DA:40,2
DA:45,1
DA:46,1
DA:47,1
DA:48,1
DA:50,1
DA:57,1
DA:65,1
DA:73,1
DA:77,0
DA:78,0
DA:82,0
DA:89,1
DA:90,0
DA:91,0
DA:92,0
DA:94,0
DA:96,0
DA:104,0
DA:112,0
DA:114,0
DA:115,0
DA:119,0
DA:126,1
DA:127,0
DA:128,0
DA:129,0
DA:130,0
DA:132,0
DA:140,0
DA:142,0
DA:143,0
DA:147,0
DA:153,1
DA:154,0
DA:155,0
DA:156,0
DA:157,0
DA:158,0
DA:160,0
DA:162,0
DA:163,0
DA:167,0
DA:174,1
DA:175,0
DA:176,0
DA:184,0
DA:192,0
DA:194,0
DA:195,0
LF:61
LH:24
BRDA:13,0,0,0
BRDA:13,0,1,1
BRDA:20,1,0,0
BRDA:20,1,1,1
BRDA:28,2,0,0
BRDA:28,2,1,1
BRDA:39,3,0,0
BRDA:39,3,1,2
BRDA:53,4,0,0
BRDA:53,4,1,1
BRDA:60,5,0,0
BRDA:60,5,1,1
BRDA:68,6,0,0
BRDA:68,6,1,1
BRDA:77,7,0,0
BRDA:77,7,1,0
BRDA:99,8,0,0
BRDA:99,8,1,0
BRDA:107,9,0,0
BRDA:107,9,1,0
BRDA:114,10,0,0
BRDA:114,10,1,0
BRDA:135,11,0,0
BRDA:135,11,1,0
BRDA:142,12,0,0
BRDA:142,12,1,0
BRDA:162,13,0,0
BRDA:162,13,1,0
BRDA:179,14,0,0
BRDA:179,14,1,0
BRDA:187,15,0,0
BRDA:187,15,1,0
BRF:32
BRH:7
end_of_record
TN:
SF:src\modules\auth\auth.factory.ts
FN:10,makeAuthService
FNF:1
FNH:1
FNDA:4,makeAuthService
DA:1,1
DA:2,1
DA:3,1
DA:4,1
DA:5,1
DA:6,1
DA:7,1
DA:8,1
DA:10,1
DA:11,4
DA:12,4
DA:13,4
DA:15,4
DA:16,4
DA:17,4
DA:19,4
LF:16
LH:16
BRF:0
BRH:0
end_of_record
TN:
SF:src\modules\auth\auth.repository.ts
FN:17,(anonymous_0)
FN:19,(anonymous_1)
FN:21,(anonymous_2)
FN:22,(anonymous_3)
FN:60,(anonymous_4)
FN:62,(anonymous_5)
FN:76,(anonymous_6)
FN:78,(anonymous_7)
FN:91,(anonymous_8)
FN:107,(anonymous_9)
FN:109,(anonymous_10)
FN:127,(anonymous_11)
FN:132,(anonymous_12)
FN:155,(anonymous_13)
FN:157,(anonymous_14)
FN:173,(anonymous_15)
FN:175,(anonymous_16)
FNF:17
FNH:9
FNDA:4,(anonymous_0)
FNDA:1,(anonymous_1)
FNDA:1,(anonymous_2)
FNDA:1,(anonymous_3)
FNDA:1,(anonymous_4)
FNDA:1,(anonymous_5)
FNDA:1,(anonymous_6)
FNDA:1,(anonymous_7)
FNDA:3,(anonymous_8)
FNDA:0,(anonymous_9)
FNDA:0,(anonymous_10)
FNDA:0,(anonymous_11)
FNDA:0,(anonymous_12)
FNDA:0,(anonymous_13)
FNDA:0,(anonymous_14)
FNDA:0,(anonymous_15)
FNDA:0,(anonymous_16)
DA:1,1
DA:2,1
DA:4,1
DA:5,1
DA:16,1
DA:17,4
DA:20,1
DA:22,1
DA:23,1
DA:33,1
DA:44,1
DA:52,1
DA:61,1
DA:63,1
DA:70,1
DA:77,1
DA:79,1
DA:84,1
DA:92,3
DA:97,3
DA:98,1
DA:108,0
DA:110,0
DA:120,0
DA:131,0
DA:133,0
DA:144,0
DA:145,0
DA:148,0
DA:156,0
DA:158,0
DA:174,0
DA:176,0
DA:182,0
LF:34
LH:21
BRDA:97,0,0,1
BRDA:97,0,1,2
BRDA:144,1,0,0
BRDA:144,1,1,0
BRF:4
BRH:2
end_of_record
TN:
SF:src\modules\auth\auth.route.ts
FNF:0
FNH:0
DA:1,1
DA:2,1
DA:3,1
DA:5,1
DA:7,1
DA:8,1
DA:9,1
DA:10,1
DA:11,1
DA:12,1
DA:14,1
LF:11
LH:11
BRF:0
BRH:0
end_of_record
TN:
SF:src\modules\auth\auth.service.ts
FN:16,(anonymous_0)
FN:25,(anonymous_1)
FN:29,(anonymous_2)
FN:83,(anonymous_3)
FN:85,(anonymous_4)
FN:141,(anonymous_5)
FN:145,(anonymous_6)
FN:222,(anonymous_7)
FN:224,(anonymous_8)
FN:244,(anonymous_9)
FN:249,(anonymous_10)
FNF:11
FNH:5
FNDA:4,(anonymous_0)
FNDA:3,(anonymous_1)
FNDA:3,(anonymous_2)
FNDA:1,(anonymous_3)
FNDA:1,(anonymous_4)
FNDA:0,(anonymous_5)
FNDA:0,(anonymous_6)
FNDA:0,(anonymous_7)
FNDA:0,(anonymous_8)
FNDA:0,(anonymous_9)
FNDA:0,(anonymous_10)
DA:1,1
DA:15,1
DA:17,4
DA:18,4
DA:19,4
DA:20,4
DA:21,4
DA:22,4
DA:28,3
DA:31,3
DA:33,2
DA:34,1
DA:37,1
DA:38,1
DA:39,1
DA:40,1
DA:41,1
DA:43,1
DA:49,1
DA:58,1
DA:66,1
DA:67,1
DA:76,1
DA:84,1
DA:86,1
DA:87,1
DA:89,1
DA:93,1
DA:95,1
DA:100,1
DA:102,1
DA:103,1
DA:105,1
DA:111,1
DA:120,1
DA:125,1
DA:134,1
DA:144,0
DA:146,0
DA:147,0
DA:148,0
DA:150,0
DA:152,0
DA:154,0
DA:160,0
DA:163,0
DA:165,0
DA:166,0
DA:171,0
DA:172,0
DA:173,0
DA:174,0
DA:177,0
DA:178,0
DA:182,0
DA:184,0
DA:185,0
DA:187,0
DA:193,0
DA:197,0
DA:206,0
DA:215,0
DA:223,0
DA:225,0
DA:227,0
DA:237,0
DA:248,0
DA:250,0
DA:252,0
DA:253,0
DA:256,0
DA:258,0
DA:260,0
DA:261,0
DA:267,0
LF:75
LH:37
BRDA:33,0,0,1
BRDA:33,0,1,1
BRDA:33,1,0,2
BRDA:33,1,1,2
BRDA:100,2,0,0
BRDA:100,2,1,1
BRDA:150,3,0,0
BRDA:150,3,1,0
BRDA:154,4,0,0
BRDA:154,4,1,0
BRDA:155,5,0,0
BRDA:155,5,1,0
BRDA:155,5,2,0
BRDA:155,5,3,0
BRDA:171,6,0,0
BRDA:171,6,1,0
BRDA:172,7,0,0
BRDA:172,7,1,0
BRDA:182,8,0,0
BRDA:182,8,1,0
BRDA:252,9,0,0
BRDA:252,9,1,0
BRDA:258,10,0,0
BRDA:258,10,1,0
BRDA:258,11,0,0
BRDA:258,11,1,0
BRDA:258,11,2,0
BRF:27
BRH:5
end_of_record
TN:
SF:src\modules\auth\dtos\auth.dto.schema.ts
FN:14,(anonymous_0)
FN:25,(anonymous_1)
FN:35,(anonymous_2)
FN:46,(anonymous_3)
FNF:4
FNH:2
FNDA:3,(anonymous_0)
FNDA:1,(anonymous_1)
FNDA:0,(anonymous_2)
FNDA:0,(anonymous_3)
DA:1,1
DA:2,1
DA:3,1
DA:5,1
DA:14,3
DA:20,1
DA:25,1
DA:31,1
DA:35,1
DA:41,1
DA:46,1
LF:11
LH:11
BRF:0
BRH:0
end_of_record
TN:
SF:src\share\middlewares\Validation.ts
FN:14,(anonymous_0)
FN:14,(anonymous_1)
FN:15,(anonymous_2)
FN:19,(anonymous_3)
FN:23,(anonymous_4)
FNF:5
FNH:4
FNDA:30,(anonymous_0)
FNDA:4,(anonymous_1)
FNDA:4,(anonymous_2)
FNDA:4,(anonymous_3)
FNDA:0,(anonymous_4)
DA:14,30
DA:15,4
DA:17,4
DA:19,4
DA:20,4
DA:21,4
DA:22,0
DA:23,0
DA:24,0
DA:25,0
DA:26,0
DA:29,0
DA:32,4
DA:33,4
DA:35,0
LF:15
LH:8
BRDA:21,0,0,0
BRDA:21,0,1,4
BRDA:24,1,0,0
BRDA:24,1,1,0
BRDA:32,2,0,4
BRDA:32,2,1,0
BRF:6
BRH:2
end_of_record
TN:
SF:src\share\services\CryptoService.ts
FN:7,(anonymous_0)
FN:11,(anonymous_1)
FNF:2
FNH:2
FNDA:3,(anonymous_0)
FNDA:1,(anonymous_1)
DA:1,1
DA:4,1
DA:6,1
DA:8,3
DA:9,3
DA:12,1
LF:6
LH:6
BRF:0
BRH:0
end_of_record
TN:
SF:src\share\services\JWTService.ts
FN:7,(anonymous_1)
FN:9,(anonymous_2)
FN:24,(anonymous_3)
FNF:3
FNH:2
FNDA:4,(anonymous_1)
FNDA:4,(anonymous_2)
FNDA:0,(anonymous_3)
DA:1,1
DA:2,1
DA:6,1
DA:7,4
DA:13,4
DA:14,4
DA:20,0
DA:25,0
DA:26,0
DA:28,0
DA:29,0
DA:32,0
DA:34,0
LF:13
LH:6
BRDA:28,0,0,0
BRDA:28,0,1,0
BRF:2
BRH:0
end_of_record
TN:
SF:src\share\utils\masks.ts
FN:2,(anonymous_0)
FNF:1
FNH:1
FNDA:2,(anonymous_0)
DA:1,1
DA:3,2
DA:4,2
DA:5,2
DA:6,2
LF:5
LH:5
BRF:0
BRH:0
end_of_record
TN:
SF:src\share\utils\schemasVars.ts
FNF:0
FNH:0
DA:1,1
DA:3,1
DA:4,1
DA:5,1
DA:6,1
DA:7,1
DA:8,1
DA:9,1
DA:11,1
LF:9
LH:9
BRF:0
BRH:0
end_of_record
