TN:
SF:src\app.ts
FNF:0
FNH:0
DA:1,2
DA:2,2
DA:3,2
DA:4,2
DA:5,2
DA:6,2
DA:8,2
DA:9,2
DA:11,2
DA:20,2
DA:21,2
DA:23,2
DA:24,2
DA:26,2
DA:28,2
LF:15
LH:15
BRF:0
BRH:0
end_of_record
TN:
SF:src\routes.ts
FN:7,(anonymous_0)
FNF:1
FNH:0
FNDA:0,(anonymous_0)
DA:1,2
DA:2,2
DA:3,2
DA:5,2
DA:7,2
DA:8,0
DA:11,2
DA:12,2
DA:14,2
LF:9
LH:8
BRF:0
BRH:0
end_of_record
TN:
SF:src\config\env.ts
FN:10,getRequireVars
FN:22,env
FN:25,(anonymous_3)
FNF:3
FNH:3
FNDA:78,getRequireVars
FNDA:13,env
FNDA:78,(anonymous_3)
DA:1,4
DA:2,4
DA:3,4
DA:5,4
DA:6,4
DA:8,4
DA:11,78
DA:12,78
DA:13,0
DA:19,78
DA:22,4
DA:23,13
DA:25,13
DA:26,78
DA:27,0
DA:31,13
LF:16
LH:14
BRDA:12,0,0,0
BRDA:12,0,1,78
BRDA:26,1,0,0
BRDA:26,1,1,78
BRDA:32,2,0,13
BRDA:32,2,1,0
BRF:6
BRH:3
end_of_record
TN:
SF:src\config\swagger.ts
FN:33,(anonymous_1)
FNF:1
FNH:1
FNDA:2,(anonymous_1)
DA:1,2
DA:2,2
DA:4,2
DA:6,2
DA:8,2
DA:31,2
DA:33,2
DA:34,2
DA:35,2
LF:9
LH:9
BRF:0
BRH:0
end_of_record
TN:
SF:src\core\errors\AppError.ts
FN:6,(anonymous_0)
FNF:1
FNH:1
FNDA:4,(anonymous_0)
DA:1,6
DA:12,4
DA:14,4
DA:15,4
DA:16,4
DA:18,4
LF:6
LH:6
BRDA:8,0,0,1
BRDA:9,1,0,1
BRF:2
BRH:2
end_of_record
TN:
SF:src\core\errors\errorHandler.ts
FN:8,errorHandler
FNF:1
FNH:0
FNDA:0,errorHandler
DA:2,2
DA:3,2
DA:5,2
DA:6,2
DA:8,2
DA:14,0
DA:15,0
DA:19,0
DA:25,0
DA:26,0
DA:28,0
DA:31,0
LF:12
LH:5
BRDA:14,0,0,0
BRDA:14,0,1,0
BRDA:16,1,0,0
BRDA:16,1,1,0
BRDA:25,2,0,0
BRDA:25,2,1,0
BRF:6
BRH:0
end_of_record
TN:
SF:src\core\handlers\executeHandler.ts
FN:4,(anonymous_0)
FN:9,(anonymous_1)
FN:15,(anonymous_2)
FN:50,(anonymous_3)
FNF:4
FNH:4
FNDA:4,(anonymous_0)
FNDA:6,(anonymous_1)
FNDA:3,(anonymous_2)
FNDA:3,(anonymous_3)
DA:1,3
DA:3,3
DA:5,4
DA:6,4
DA:10,6
DA:21,3
DA:23,3
DA:24,3
DA:26,0
DA:27,0
DA:35,0
DA:37,3
DA:39,3
DA:41,3
DA:56,3
DA:58,3
DA:59,3
DA:61,3
DA:63,3
DA:65,0
LF:20
LH:16
BRDA:5,0,0,0
BRDA:10,1,0,6
BRDA:10,1,1,0
BRDA:26,2,0,0
BRDA:26,2,1,0
BRDA:30,3,0,0
BRDA:30,3,1,0
BRDA:39,4,0,0
BRDA:39,4,1,3
BRDA:44,5,0,3
BRDA:44,5,1,3
BRDA:63,6,0,3
BRDA:63,6,1,0
BRDA:68,7,0,0
BRDA:68,7,1,0
BRF:15
BRH:5
end_of_record
TN:
SF:src\database\Client.ts
FNF:0
FNH:0
DA:1,3
DA:2,3
DA:3,3
DA:5,3
DA:7,3
DA:11,3
LF:6
LH:6
BRF:0
BRH:0
end_of_record
TN:
SF:src\database\Schemas.ts
FN:40,(anonymous_0)
FN:53,(anonymous_1)
FN:66,(anonymous_2)
FN:79,(anonymous_3)
FN:94,(anonymous_4)
FN:111,(anonymous_5)
FN:114,(anonymous_6)
FN:117,(anonymous_7)
FN:120,(anonymous_8)
FN:138,(anonymous_9)
FN:155,(anonymous_10)
FNF:11
FNH:0
FNDA:0,(anonymous_0)
FNDA:0,(anonymous_1)
FNDA:0,(anonymous_2)
FNDA:0,(anonymous_3)
FNDA:0,(anonymous_4)
FNDA:0,(anonymous_5)
FNDA:0,(anonymous_6)
FNDA:0,(anonymous_7)
FNDA:0,(anonymous_8)
FNDA:0,(anonymous_9)
FNDA:0,(anonymous_10)
DA:1,3
DA:2,3
DA:13,3
DA:25,3
DA:38,3
DA:40,0
DA:51,3
DA:53,0
DA:64,3
DA:66,0
DA:77,3
DA:79,0
DA:92,3
DA:94,0
DA:102,3
DA:109,3
DA:111,0
DA:114,0
DA:117,0
DA:120,0
DA:136,3
DA:138,0
DA:148,3
DA:153,3
DA:155,0
LF:25
LH:14
BRF:0
BRH:0
end_of_record
TN:
SF:src\modules\Users\user.controller.ts
FN:7,(anonymous_0)
FNF:1
FNH:1
FNDA:1,(anonymous_0)
DA:2,2
DA:3,2
DA:5,2
DA:7,2
DA:8,1
DA:9,1
DA:11,0
DA:13,1
DA:14,1
DA:18,0
LF:10
LH:8
BRDA:13,0,0,1
BRDA:13,0,1,0
BRF:2
BRH:1
end_of_record
TN:
SF:src\modules\Users\user.factory.ts
FN:5,makeUserService
FNF:1
FNH:1
FNDA:2,makeUserService
DA:1,2
DA:2,2
DA:3,2
DA:5,2
DA:6,2
DA:7,2
DA:9,2
LF:7
LH:7
BRF:0
BRH:0
end_of_record
TN:
SF:src\modules\Users\user.repository.ts
FN:7,(anonymous_0)
FN:9,(anonymous_1)
FN:11,(anonymous_2)
FN:20,(anonymous_3)
FN:22,(anonymous_4)
FN:24,(anonymous_5)
FNF:6
FNH:3
FNDA:2,(anonymous_0)
FNDA:1,(anonymous_1)
FNDA:1,(anonymous_2)
FNDA:0,(anonymous_3)
FNDA:0,(anonymous_4)
FNDA:0,(anonymous_5)
DA:2,2
DA:3,2
DA:6,2
DA:7,2
DA:10,1
DA:12,1
DA:13,0
LF:7
LH:6
BRF:0
BRH:0
end_of_record
TN:
SF:src\modules\Users\user.routes.ts
FNF:0
FNH:0
DA:1,2
DA:2,2
DA:3,2
DA:5,2
DA:7,2
DA:9,2
LF:6
LH:6
BRF:0
BRH:0
end_of_record
TN:
SF:src\modules\Users\user.service.ts
FN:10,(anonymous_0)
FN:15,(anonymous_1)
FN:19,(anonymous_2)
FNF:3
FNH:3
FNDA:3,(anonymous_0)
FNDA:2,(anonymous_1)
FNDA:2,(anonymous_2)
DA:1,3
DA:3,3
DA:7,3
DA:8,3
DA:11,3
DA:12,3
DA:18,2
DA:20,2
DA:21,2
DA:22,2
DA:23,1
DA:27,1
LF:12
LH:12
BRDA:20,0,0,0
BRDA:20,0,1,2
BRF:2
BRH:1
end_of_record
TN:
SF:src\modules\Users\dtos\users.dto.schemas.ts
FN:5,(anonymous_0)
FNF:1
FNH:1
FNDA:1,(anonymous_0)
DA:1,2
DA:2,2
DA:3,2
DA:5,2
LF:4
LH:4
BRF:0
BRH:0
end_of_record
TN:
SF:src\modules\auth\auth.controller.ts
FN:7,(anonymous_0)
FN:25,(anonymous_1)
FN:59,(anonymous_2)
FN:97,(anonymous_3)
FN:114,(anonymous_4)
FN:134,(anonymous_5)
FNF:6
FNH:2
FNDA:2,(anonymous_0)
FNDA:1,(anonymous_1)
FNDA:0,(anonymous_2)
FNDA:0,(anonymous_3)
FNDA:0,(anonymous_4)
FNDA:0,(anonymous_5)
DA:2,3
DA:3,3
DA:5,3
DA:7,3
DA:8,2
DA:9,2
DA:11,0
DA:13,2
DA:14,1
DA:18,1
DA:25,3
DA:26,1
DA:27,1
DA:29,0
DA:37,0
DA:45,0
DA:47,1
DA:48,1
DA:52,0
DA:59,3
DA:60,0
DA:61,0
DA:62,0
DA:64,0
DA:65,0
DA:67,0
DA:75,0
DA:83,0
DA:85,0
DA:86,0
DA:90,0
DA:97,3
DA:98,0
DA:99,0
DA:101,0
DA:103,0
DA:104,0
DA:108,0
DA:114,3
DA:115,0
DA:116,0
DA:117,0
DA:118,0
DA:120,0
DA:122,0
DA:123,0
DA:127,0
DA:134,3
DA:135,0
DA:136,0
DA:144,0
DA:152,0
DA:154,0
DA:155,0
LF:54
LH:18
BRDA:13,0,0,1
BRDA:13,0,1,1
BRDA:32,1,0,0
BRDA:32,1,1,0
BRDA:40,2,0,0
BRDA:40,2,1,0
BRDA:47,3,0,1
BRDA:47,3,1,0
BRDA:64,4,0,0
BRDA:64,4,1,0
BRDA:70,5,0,0
BRDA:70,5,1,0
BRDA:78,6,0,0
BRDA:78,6,1,0
BRDA:85,7,0,0
BRDA:85,7,1,0
BRDA:103,8,0,0
BRDA:103,8,1,0
BRDA:122,9,0,0
BRDA:122,9,1,0
BRDA:139,10,0,0
BRDA:139,10,1,0
BRDA:147,11,0,0
BRDA:147,11,1,0
BRF:24
BRH:3
end_of_record
TN:
SF:src\modules\auth\auth.factory.ts
FN:5,makeAuthService
FNF:1
FNH:1
FNDA:2,makeAuthService
DA:1,3
DA:2,3
DA:3,3
DA:5,3
DA:6,2
DA:7,2
DA:9,2
LF:7
LH:7
BRF:0
BRH:0
end_of_record
TN:
SF:src\modules\auth\auth.repository.ts
FN:16,(anonymous_0)
FN:18,(anonymous_1)
FN:20,(anonymous_2)
FN:29,(anonymous_3)
FN:31,(anonymous_4)
FN:39,(anonymous_5)
FN:41,(anonymous_6)
FN:54,(anonymous_7)
FN:78,(anonymous_8)
FN:80,(anonymous_9)
FN:100,(anonymous_10)
FN:102,(anonymous_11)
FN:112,(anonymous_12)
FN:114,(anonymous_13)
FNF:14
FNH:5
FNDA:2,(anonymous_0)
FNDA:1,(anonymous_1)
FNDA:1,(anonymous_2)
FNDA:0,(anonymous_3)
FNDA:0,(anonymous_4)
FNDA:1,(anonymous_5)
FNDA:1,(anonymous_6)
FNDA:0,(anonymous_7)
FNDA:0,(anonymous_8)
FNDA:0,(anonymous_9)
FNDA:0,(anonymous_10)
FNDA:0,(anonymous_11)
FNDA:0,(anonymous_12)
FNDA:0,(anonymous_13)
DA:1,3
DA:2,3
DA:4,3
DA:5,3
DA:15,3
DA:16,2
DA:19,1
DA:21,1
DA:22,0
DA:30,0
DA:32,0
DA:33,0
DA:40,1
DA:42,1
DA:47,0
DA:55,0
DA:56,0
DA:60,0
DA:61,0
DA:68,0
DA:69,0
DA:79,0
DA:82,0
DA:93,0
DA:101,0
DA:103,0
DA:105,0
DA:113,0
DA:115,0
DA:117,0
LF:30
LH:10
BRDA:60,0,0,0
BRDA:60,0,1,0
BRDA:68,1,0,0
BRDA:68,1,1,0
BRF:4
BRH:0
end_of_record
TN:
SF:src\modules\auth\auth.route.ts
FNF:0
FNH:0
DA:1,2
DA:2,2
DA:3,2
DA:5,2
DA:7,2
DA:8,2
DA:9,2
DA:10,2
DA:11,2
DA:12,2
DA:14,2
LF:11
LH:11
BRF:0
BRH:0
end_of_record
TN:
SF:src\modules\auth\auth.service.ts
FN:19,(anonymous_0)
FN:24,(anonymous_1)
FN:26,(anonymous_2)
FN:44,(anonymous_3)
FN:46,(anonymous_4)
FN:83,(anonymous_5)
FN:88,(anonymous_6)
FN:126,(anonymous_7)
FN:128,(anonymous_8)
FN:147,(anonymous_9)
FN:152,(anonymous_10)
FNF:11
FNH:7
FNDA:3,(anonymous_0)
FNDA:3,(anonymous_1)
FNDA:3,(anonymous_2)
FNDA:3,(anonymous_3)
FNDA:3,(anonymous_4)
FNDA:0,(anonymous_5)
FNDA:0,(anonymous_6)
FNDA:0,(anonymous_7)
FNDA:0,(anonymous_8)
FNDA:1,(anonymous_9)
FNDA:1,(anonymous_10)
DA:1,4
DA:3,4
DA:4,4
DA:5,4
DA:14,4
DA:15,3
DA:16,3
DA:17,3
DA:20,3
DA:21,3
DA:25,3
DA:27,3
DA:28,1
DA:30,2
DA:35,2
DA:37,1
DA:45,3
DA:47,3
DA:51,2
DA:53,2
DA:55,2
DA:56,2
DA:58,2
DA:63,2
DA:68,2
DA:76,1
DA:87,0
DA:89,0
DA:90,0
DA:92,0
DA:93,0
DA:98,0
DA:99,0
DA:100,0
DA:104,0
DA:106,0
DA:110,0
DA:112,0
DA:114,0
DA:119,0
DA:127,0
DA:129,0
DA:131,0
DA:140,0
DA:151,1
DA:153,1
DA:155,1
DA:156,0
DA:158,1
DA:160,1
DA:166,0
DA:167,1
DA:168,0
DA:169,1
DA:170,1
DA:174,1
LF:56
LH:35
BRDA:27,0,0,1
BRDA:27,0,1,2
BRDA:53,1,0,0
BRDA:53,1,1,2
BRDA:98,2,0,0
BRDA:98,2,1,0
BRDA:104,3,0,0
BRDA:104,3,1,0
BRDA:155,4,0,0
BRDA:155,4,1,1
BRDA:160,5,0,0
BRDA:160,5,1,1
BRDA:161,6,0,1
BRDA:161,6,1,1
BRDA:161,6,2,1
BRDA:161,6,3,1
BRDA:167,7,0,0
BRDA:167,7,1,1
BRF:18
BRH:10
end_of_record
TN:
SF:src\modules\auth\dtos\auth.dto.schema.ts
FN:12,(anonymous_0)
FN:23,(anonymous_1)
FN:33,(anonymous_2)
FN:41,(anonymous_3)
FN:55,(anonymous_4)
FNF:5
FNH:2
FNDA:1,(anonymous_0)
FNDA:1,(anonymous_1)
FNDA:0,(anonymous_2)
FNDA:0,(anonymous_3)
FNDA:0,(anonymous_4)
DA:1,2
DA:2,2
DA:3,2
DA:5,2
DA:12,2
DA:18,2
DA:23,2
DA:29,2
DA:33,2
DA:37,2
DA:41,2
DA:47,2
DA:51,2
DA:55,2
LF:14
LH:14
BRF:0
BRH:0
end_of_record
TN:
SF:src\share\middlewares\Validation.ts
FN:14,(anonymous_0)
FN:14,(anonymous_1)
FN:15,(anonymous_2)
FN:19,(anonymous_3)
FN:23,(anonymous_4)
FNF:5
FNH:4
FNDA:12,(anonymous_0)
FNDA:3,(anonymous_1)
FNDA:3,(anonymous_2)
FNDA:3,(anonymous_3)
FNDA:0,(anonymous_4)
DA:14,12
DA:15,3
DA:17,3
DA:19,3
DA:20,3
DA:21,3
DA:22,0
DA:23,0
DA:24,0
DA:25,0
DA:26,0
DA:29,0
DA:32,3
DA:33,3
DA:35,0
LF:15
LH:8
BRDA:21,0,0,0
BRDA:21,0,1,3
BRDA:24,1,0,0
BRDA:24,1,1,0
BRDA:32,2,0,3
BRDA:32,2,1,0
BRF:6
BRH:2
end_of_record
TN:
SF:src\share\services\CryptoService.ts
FN:6,(anonymous_0)
FN:10,(anonymous_1)
FNF:2
FNH:2
FNDA:7,(anonymous_0)
FNDA:2,(anonymous_1)
DA:1,4
DA:3,4
DA:5,4
DA:7,7
DA:8,7
DA:11,2
LF:6
LH:6
BRF:0
BRH:0
end_of_record
TN:
SF:src\share\services\JWTService.ts
FN:13,(anonymous_1)
FN:30,(anonymous_2)
FNF:2
FNH:1
FNDA:2,(anonymous_1)
FNDA:0,(anonymous_2)
DA:1,4
DA:2,4
DA:10,4
DA:12,4
DA:19,2
DA:20,2
DA:21,2
DA:24,2
DA:26,0
DA:35,0
DA:36,0
DA:37,0
DA:38,0
DA:39,0
DA:41,0
DA:43,0
LF:16
LH:8
BRDA:15,0,0,0
BRDA:19,1,0,0
BRDA:19,1,1,2
BRDA:35,2,0,0
BRDA:35,2,1,0
BRDA:38,3,0,0
BRDA:38,3,1,0
BRF:7
BRH:1
end_of_record
TN:
SF:src\share\utils\masks.ts
FN:2,(anonymous_0)
FNF:1
FNH:1
FNDA:4,(anonymous_0)
DA:1,5
DA:3,4
DA:4,3
DA:5,3
DA:6,3
LF:5
LH:5
BRF:0
BRH:0
end_of_record
TN:
SF:src\share\utils\schemasVars.ts
FNF:0
FNH:0
DA:1,2
DA:3,2
DA:4,2
DA:5,2
DA:6,2
DA:7,2
DA:8,2
DA:10,2
LF:8
LH:8
BRF:0
BRH:0
end_of_record
